<?xml version="1.0" encoding="utf-8"?>
<TestRun id="cbfd8654-0270-49ec-96b6-240d4456c07f" name="paval@PAVAL 2026-06-19 11:15:10" runUser="PAVAL\paval" xmlns="http://microsoft.com/schemas/VisualStudio/TeamTest/2010">
  <Times creation="2026-06-19T11:15:10.2588652+05:30" queuing="2026-06-19T11:15:10.2588657+05:30" start="2026-06-19T11:15:07.1152952+05:30" finish="2026-06-19T11:15:10.9277121+05:30" />
  <TestSettings name="default" id="b3555b6c-91dd-4c61-ae87-47a34a91dbe8">
    <Deployment runDeploymentRoot="paval_PAVAL_2026-06-19_11_15_10" />
  </TestSettings>
  <Results>
    <UnitTestResult executionId="531e9764-3823-45ca-a978-972f4ef21849" testId="3fa1abb2-ad76-d1dc-b890-1863e00250af" testName="Cine.Tests.Managers.AudioManagerTests.DecreaseVolume_DecreasesByFive" computerName="PAVAL" duration="00:00:00.0006907" startTime="2026-06-19T11:15:10.7488916+05:30" endTime="2026-06-19T11:15:10.7503801+05:30" testType="13cdc9d9-ddb5-4fa4-a97d-d965ccfc6d4b" outcome="Passed" testListId="8c84fa94-04c1-424b-9868-57a2d4851a1d" relativeResultsDirectory="531e9764-3823-45ca-a978-972f4ef21849" />
    <UnitTestResult executionId="598749eb-9a2f-4524-b25a-3c16f54f1255" testId="6d98cd00-4bbe-6767-f044-2e4336b45018" testName="Cine.Tests.Services.PlaylistCoordinatorTests.SaveAndLoad_Roundtrip" computerName="PAVAL" duration="00:00:00.0132345" startTime="2026-06-19T11:15:10.6645092+05:30" endTime="2026-06-19T11:15:10.6760192+05:30" testType="13cdc9d9-ddb5-4fa4-a97d-d965ccfc6d4b" outcome="Passed" testListId="8c84fa94-04c1-424b-9868-57a2d4851a1d" relativeResultsDirectory="598749eb-9a2f-4524-b25a-3c16f54f1255" />
    <UnitTestResult executionId="d1fbbec4-0e0f-45c5-8f60-a1565b9feaf3" testId="31ced656-052f-68a4-e1b4-ba87316b8aa1" testName="Cine.Tests.Managers.AudioManagerTests.ToggleAudioNormalization_Toggles" computerName="PAVAL" duration="00:00:00.0004812" startTime="2026-06-19T11:15:10.7713973+05:30" endTime="2026-06-19T11:15:10.7714940+05:30" testType="13cdc9d9-ddb5-4fa4-a97d-d965ccfc6d4b" outcome="Passed" testListId="8c84fa94-04c1-424b-9868-57a2d4851a1d" relativeResultsDirectory="d1fbbec4-0e0f-45c5-8f60-a1565b9feaf3" />
    <UnitTestResult executionId="78d89f24-b5cc-483e-a9c1-557f84e8d767" testId="29c54962-3f3a-beb6-0d98-14680402b337" testName="Cine.Tests.Managers.VideoManagerTests.AspectRatioValue_SetsPlayerAspectRatio" computerName="PAVAL" duration="00:00:00.0005218" startTime="2026-06-19T11:15:10.7580544+05:30" endTime="2026-06-19T11:15:10.7584363+05:30" testType="13cdc9d9-ddb5-4fa4-a97d-d965ccfc6d4b" outcome="Passed" testListId="8c84fa94-04c1-424b-9868-57a2d4851a1d" relativeResultsDirectory="78d89f24-b5cc-483e-a9c1-557f84e8d767" />
    <UnitTestResult executionId="6fde32b7-0af5-4b6d-8934-f08e473b8d60" testId="6d3e1719-c8e2-7b27-2768-f8ab778bc790" testName="Cine.Tests.ViewModels.MainViewModelTests.ResetBrightness_SetsToZero" computerName="PAVAL" duration="00:00:00.0013163" startTime="2026-06-19T11:15:10.7747321+05:30" endTime="2026-06-19T11:15:10.7748000+05:30" testType="13cdc9d9-ddb5-4fa4-a97d-d965ccfc6d4b" outcome="Passed" testListId="8c84fa94-04c1-424b-9868-57a2d4851a1d" relativeResultsDirectory="6fde32b7-0af5-4b6d-8934-f08e473b8d60" />
    <UnitTestResult executionId="c89e123e-b704-44e8-b076-44a9da1a7367" testId="db5cf121-d80c-7fc4-b1d2-cc65c1824daf" testName="Cine.Tests.Managers.VideoManagerTests.RotateRight_SendsCommand" computerName="PAVAL" duration="00:00:00.0004420" startTime="2026-06-19T11:15:10.7593161+05:30" endTime="2026-06-19T11:15:10.7607167+05:30" testType="13cdc9d9-ddb5-4fa4-a97d-d965ccfc6d4b" outcome="Passed" testListId="8c84fa94-04c1-424b-9868-57a2d4851a1d" relativeResultsDirectory="c89e123e-b704-44e8-b076-44a9da1a7367" />
    <UnitTestResult executionId="39c8dbb3-cdae-4a03-a7ef-87e8afb56659" testId="0db7f8ea-e48c-a9f9-ee88-5bf4e2be3ca2" testName="Cine.Tests.Managers.VideoManagerTests.ContrastValue_SetsPlayerContrast" computerName="PAVAL" duration="00:00:00.0001571" startTime="2026-06-19T11:15:10.7658724+05:30" endTime="2026-06-19T11:15:10.7661811+05:30" testType="13cdc9d9-ddb5-4fa4-a97d-d965ccfc6d4b" outcome="Passed" testListId="8c84fa94-04c1-424b-9868-57a2d4851a1d" relativeResultsDirectory="39c8dbb3-cdae-4a03-a7ef-87e8afb56659" />
    <UnitTestResult executionId="1f7ebfeb-8991-488d-9e95-f7224334e415" testId="42ae013f-19fc-e065-7483-f960b60a6c63" testName="Cine.Tests.Managers.PlaybackStateManagerTests.UpdateVolume_MutesAndUnmutes" computerName="PAVAL" duration="00:00:00.0008477" startTime="2026-06-19T11:15:10.7324836+05:30" endTime="2026-06-19T11:15:10.7332365+05:30" testType="13cdc9d9-ddb5-4fa4-a97d-d965ccfc6d4b" outcome="Passed" testListId="8c84fa94-04c1-424b-9868-57a2d4851a1d" relativeResultsDirectory="1f7ebfeb-8991-488d-9e95-f7224334e415" />
    <UnitTestResult executionId="696e2553-caff-4974-a9cb-23b32f55f94f" testId="4e12a029-5f02-2276-69ae-dc61c11bf125" testName="Cine.Tests.Services.PlaylistCoordinatorTests.GetNextIndex_AtEndWithLoop_WrapsToStart" computerName="PAVAL" duration="00:00:00.0002663" startTime="2026-06-19T11:15:10.6811138+05:30" endTime="2026-06-19T11:15:10.6811811+05:30" testType="13cdc9d9-ddb5-4fa4-a97d-d965ccfc6d4b" outcome="Passed" testListId="8c84fa94-04c1-424b-9868-57a2d4851a1d" relativeResultsDirectory="696e2553-caff-4974-a9cb-23b32f55f94f" />
    <UnitTestResult executionId="016eef18-6faa-4a5e-b642-7a54b7ba53f4" testId="5feaa936-872c-8fb4-d729-b8ab903db5c1" testName="Cine.Tests.ViewModels.MainViewModelTests.AudioDelayValue_DelegatesToAudioManager" computerName="PAVAL" duration="00:00:00.0012137" startTime="2026-06-19T11:15:10.7803604+05:30" endTime="2026-06-19T11:15:10.7814474+05:30" testType="13cdc9d9-ddb5-4fa4-a97d-d965ccfc6d4b" outcome="Passed" testListId="8c84fa94-04c1-424b-9868-57a2d4851a1d" relativeResultsDirectory="016eef18-6faa-4a5e-b642-7a54b7ba53f4" />
    <UnitTestResult executionId="3c3a55e6-78fc-4aab-b054-d126f8a74312" testId="b1746a80-8e55-f353-886c-2c67bb222d1c" testName="Cine.Tests.Services.PlaylistCoordinatorTests.SortByTitle_SortsAlphabetically" computerName="PAVAL" duration="00:00:00.0148682" startTime="2026-06-19T11:15:10.6448863+05:30" endTime="2026-06-19T11:15:10.6595611+05:30" testType="13cdc9d9-ddb5-4fa4-a97d-d965ccfc6d4b" outcome="Passed" testListId="8c84fa94-04c1-424b-9868-57a2d4851a1d" relativeResultsDirectory="3c3a55e6-78fc-4aab-b054-d126f8a74312" />
    <UnitTestResult executionId="b088b823-b335-483e-8fcc-6e21e098c297" testId="086b3c79-31e7-297b-c1c9-43bb14766d43" testName="Cine.Tests.Services.PlaylistCoordinatorTests.RemoveAt_InvalidIndex_DoesNothing" computerName="PAVAL" duration="00:00:00.0003854" startTime="2026-06-19T11:15:10.6816098+05:30" endTime="2026-06-19T11:15:10.6816816+05:30" testType="13cdc9d9-ddb5-4fa4-a97d-d965ccfc6d4b" outcome="Passed" testListId="8c84fa94-04c1-424b-9868-57a2d4851a1d" relativeResultsDirectory="b088b823-b335-483e-8fcc-6e21e098c297" />
    <UnitTestResult executionId="1bff0c7a-0579-4f1a-9ee4-74c55c800678" testId="3de48cd0-ec3f-14dd-c43e-274767645646" testName="Cine.Tests.Managers.SubtitleManagerTests.SubtitleFontScale_SetsPlayerFontSize" computerName="PAVAL" duration="00:00:00.0007438" startTime="2026-06-19T11:15:10.7300002+05:30" endTime="2026-06-19T11:15:10.7328073+05:30" testType="13cdc9d9-ddb5-4fa4-a97d-d965ccfc6d4b" outcome="Passed" testListId="8c84fa94-04c1-424b-9868-57a2d4851a1d" relativeResultsDirectory="1bff0c7a-0579-4f1a-9ee4-74c55c800678" />
    <UnitTestResult executionId="437b32e7-1411-4343-b623-5611516692f5" testId="a4c72698-7c32-2d11-a15f-06893646142b" testName="Cine.Tests.Services.PlaylistCoordinatorTests.CurrentIndex_ClampsToRange" computerName="PAVAL" duration="00:00:00.0002164" startTime="2026-06-19T11:15:10.6808526+05:30" endTime="2026-06-19T11:15:10.6809238+05:30" testType="13cdc9d9-ddb5-4fa4-a97d-d965ccfc6d4b" outcome="Passed" testListId="8c84fa94-04c1-424b-9868-57a2d4851a1d" relativeResultsDirectory="437b32e7-1411-4343-b623-5611516692f5" />
    <UnitTestResult executionId="b380c6fc-7dc5-4bb1-a822-be09e2c85f25" testId="6ee4d179-41a2-212c-4e63-d367bdc6f079" testName="Cine.Tests.ViewModels.MainViewModelTests.SubtitleDelayValue_DelegatesToSubtitleManager" computerName="PAVAL" duration="00:00:01.0028067" startTime="2026-06-19T11:15:09.7515414+05:30" endTime="2026-06-19T11:15:10.7674845+05:30" testType="13cdc9d9-ddb5-4fa4-a97d-d965ccfc6d4b" outcome="Passed" testListId="8c84fa94-04c1-424b-9868-57a2d4851a1d" relativeResultsDirectory="b380c6fc-7dc5-4bb1-a822-be09e2c85f25" />
    <UnitTestResult executionId="f7a11f00-ef9c-4641-9073-a8fe75c0d089" testId="65142cd1-7c83-a057-589c-f8367a6f93af" testName="Cine.Tests.Managers.SubtitleManagerTests.SubtitlePosition_SetsPlayerPosition" computerName="PAVAL" duration="00:00:00.0010846" startTime="2026-06-19T11:15:10.7289502+05:30" endTime="2026-06-19T11:15:10.7298541+05:30" testType="13cdc9d9-ddb5-4fa4-a97d-d965ccfc6d4b" outcome="Passed" testListId="8c84fa94-04c1-424b-9868-57a2d4851a1d" relativeResultsDirectory="f7a11f00-ef9c-4641-9073-a8fe75c0d089" />
    <UnitTestResult executionId="4dcb6f2d-51f7-4c61-bd95-ba69717dc028" testId="8e4a2f53-a997-eacd-6a3e-e92d6f63ecce" testName="Cine.Tests.Managers.PlaybackStateManagerTests.UpdatePosition_AtZeroDuration_ReturnsZero" computerName="PAVAL" duration="00:00:00.0076943" startTime="2026-06-19T11:15:10.7464491+05:30" endTime="2026-06-19T11:15:10.7465801+05:30" testType="13cdc9d9-ddb5-4fa4-a97d-d965ccfc6d4b" outcome="Passed" testListId="8c84fa94-04c1-424b-9868-57a2d4851a1d" relativeResultsDirectory="4dcb6f2d-51f7-4c61-bd95-ba69717dc028" />
    <UnitTestResult executionId="a06627c4-559e-4dc1-90d6-acea83a55fdd" testId="3871e130-ad0b-cf2f-e1c7-a2032ce0a272" testName="Cine.Tests.Managers.PlaybackStateManagerTests.Constructor_SubscribesToPlayerEvents" computerName="PAVAL" duration="00:00:00.0003627" startTime="2026-06-19T11:15:10.7583596+05:30" endTime="2026-06-19T11:15:10.7587071+05:30" testType="13cdc9d9-ddb5-4fa4-a97d-d965ccfc6d4b" outcome="Passed" testListId="8c84fa94-04c1-424b-9868-57a2d4851a1d" relativeResultsDirectory="a06627c4-559e-4dc1-90d6-acea83a55fdd" />
    <UnitTestResult executionId="2b1f67cf-2319-46af-9520-8b58aa6cb190" testId="7b4e2555-4e83-b0b2-3af5-c4bffdf92cd7" testName="Cine.Tests.ViewModels.MainViewModelTests.ContrastValue_SetsPlayerContrast" computerName="PAVAL" duration="00:00:00.0014839" startTime="2026-06-19T11:15:10.7719110+05:30" endTime="2026-06-19T11:15:10.7723624+05:30" testType="13cdc9d9-ddb5-4fa4-a97d-d965ccfc6d4b" outcome="Passed" testListId="8c84fa94-04c1-424b-9868-57a2d4851a1d" relativeResultsDirectory="2b1f67cf-2319-46af-9520-8b58aa6cb190" />
    <UnitTestResult executionId="52ed79ae-74b6-4b68-93eb-3cbf00fe568e" testId="059a4451-ec08-99d0-641e-bd3bf7cca0a0" testName="Cine.Tests.Managers.AudioManagerTests.Constructor_InitializesFromPlayer" computerName="PAVAL" duration="00:00:00.0004877" startTime="2026-06-19T11:15:10.7606649+05:30" endTime="2026-06-19T11:15:10.7610294+05:30" testType="13cdc9d9-ddb5-4fa4-a97d-d965ccfc6d4b" outcome="Passed" testListId="8c84fa94-04c1-424b-9868-57a2d4851a1d" relativeResultsDirectory="52ed79ae-74b6-4b68-93eb-3cbf00fe568e" />
    <UnitTestResult executionId="6a21b6b8-530a-40d5-9008-efd2165ffad2" testId="2d8b2fc5-3d4a-b561-f0bc-a59da755dfcc" testName="Cine.Tests.Services.PlaylistCoordinatorTests.GetPreviousIndex_Empty_ReturnsNull" computerName="PAVAL" duration="00:00:00.4055087" startTime="2026-06-19T11:15:09.7515903+05:30" endTime="2026-06-19T11:15:10.1625230+05:30" testType="13cdc9d9-ddb5-4fa4-a97d-d965ccfc6d4b" outcome="Passed" testListId="8c84fa94-04c1-424b-9868-57a2d4851a1d" relativeResultsDirectory="6a21b6b8-530a-40d5-9008-efd2165ffad2" />
    <UnitTestResult executionId="977168f9-e55a-4e84-a9f0-fbe7f05f1f76" testId="3461c0d7-0146-5a31-2b3f-ca6063d9719e" testName="Cine.Tests.Managers.AudioManagerTests.ToggleMute_Toggles" computerName="PAVAL" duration="00:00:00.0012617" startTime="2026-06-19T11:15:10.7325198+05:30" endTime="2026-06-19T11:15:10.7340176+05:30" testType="13cdc9d9-ddb5-4fa4-a97d-d965ccfc6d4b" outcome="Passed" testListId="8c84fa94-04c1-424b-9868-57a2d4851a1d" relativeResultsDirectory="977168f9-e55a-4e84-a9f0-fbe7f05f1f76" />
    <UnitTestResult executionId="004e01a1-fd2f-4ad6-b8bd-172af0a798f0" testId="d9c31cfe-7046-2e92-3c43-82e340cf3a28" testName="Cine.Tests.ViewModels.MainViewModelTests.IsLoopPlaylistEnabled_DelegatesToPlaylistCoordinator" computerName="PAVAL" duration="00:00:00.0009907" startTime="2026-06-19T11:15:10.7920081+05:30" endTime="2026-06-19T11:15:10.7928729+05:30" testType="13cdc9d9-ddb5-4fa4-a97d-d965ccfc6d4b" outcome="Passed" testListId="8c84fa94-04c1-424b-9868-57a2d4851a1d" relativeResultsDirectory="004e01a1-fd2f-4ad6-b8bd-172af0a798f0" />
    <UnitTestResult executionId="584029e0-3027-45fc-9887-c0932fad797a" testId="3a14225a-6111-10ad-068c-6386c3a7ab67" testName="Cine.Tests.Services.PlaylistCoordinatorTests.GetNextIndex_AdvancesIndex" computerName="PAVAL" duration="00:00:00.0002900" startTime="2026-06-19T11:15:10.6629902+05:30" endTime="2026-06-19T11:15:10.6630733+05:30" testType="13cdc9d9-ddb5-4fa4-a97d-d965ccfc6d4b" outcome="Passed" testListId="8c84fa94-04c1-424b-9868-57a2d4851a1d" relativeResultsDirectory="584029e0-3027-45fc-9887-c0932fad797a" />
    <UnitTestResult executionId="eb41762e-c5be-457c-93ee-f1802b426a3b" testId="217d6dbc-a513-6cde-0383-b928ae0a5073" testName="Cine.Tests.Managers.VideoManagerTests.FlipHorizontal_SendsCommand" computerName="PAVAL" duration="00:00:00.0003724" startTime="2026-06-19T11:15:10.7637029+05:30" endTime="2026-06-19T11:15:10.7639587+05:30" testType="13cdc9d9-ddb5-4fa4-a97d-d965ccfc6d4b" outcome="Passed" testListId="8c84fa94-04c1-424b-9868-57a2d4851a1d" relativeResultsDirectory="eb41762e-c5be-457c-93ee-f1802b426a3b" />
    <UnitTestResult executionId="8977901a-a077-4013-9f97-ba35606b3352" testId="38143507-f67e-ca45-8045-ac35af7785dd" testName="Cine.Tests.Managers.PlaybackStateManagerTests.OnPlayerOpened_SetsMediaLoaded" computerName="PAVAL" duration="00:00:00.0004455" startTime="2026-06-19T11:15:10.7577273+05:30" endTime="2026-06-19T11:15:10.7581520+05:30" testType="13cdc9d9-ddb5-4fa4-a97d-d965ccfc6d4b" outcome="Passed" testListId="8c84fa94-04c1-424b-9868-57a2d4851a1d" relativeResultsDirectory="8977901a-a077-4013-9f97-ba35606b3352" />
    <UnitTestResult executionId="f7bc1327-50d9-4509-8f86-f06117cefef0" testId="506702db-9655-cd6e-c6d7-84375ef325b8" testName="Cine.Tests.ViewModels.MainViewModelTests.RotateRight_SendsCommand" computerName="PAVAL" duration="00:00:00.0013663" startTime="2026-06-19T11:15:10.7730364+05:30" endTime="2026-06-19T11:15:10.7731016+05:30" testType="13cdc9d9-ddb5-4fa4-a97d-d965ccfc6d4b" outcome="Passed" testListId="8c84fa94-04c1-424b-9868-57a2d4851a1d" relativeResultsDirectory="f7bc1327-50d9-4509-8f86-f06117cefef0" />
    <UnitTestResult executionId="cd538299-14f3-49aa-afb6-74748e0ecf17" testId="4f178b73-1f84-2ab1-11d4-656bbc945a69" testName="Cine.Tests.ViewModels.MainViewModelTests.ResetZoom_SetsToZero" computerName="PAVAL" duration="00:00:00.0010580" startTime="2026-06-19T11:15:10.7897276+05:30" endTime="2026-06-19T11:15:10.7906512+05:30" testType="13cdc9d9-ddb5-4fa4-a97d-d965ccfc6d4b" outcome="Passed" testListId="8c84fa94-04c1-424b-9868-57a2d4851a1d" relativeResultsDirectory="cd538299-14f3-49aa-afb6-74748e0ecf17" />
    <UnitTestResult executionId="d42283de-0ce1-44be-bb31-4b61bc8fdcc9" testId="42be39cf-370e-2d02-fb20-59e0d5b68526" testName="Cine.Tests.Managers.SubtitleManagerTests.CycleSubtitleTrackBackward_WithNoTracks_DoesNotThrow" computerName="PAVAL" duration="00:00:00.0014150" startTime="2026-06-19T11:15:10.7273828+05:30" endTime="2026-06-19T11:15:10.7287112+05:30" testType="13cdc9d9-ddb5-4fa4-a97d-d965ccfc6d4b" outcome="Passed" testListId="8c84fa94-04c1-424b-9868-57a2d4851a1d" relativeResultsDirectory="d42283de-0ce1-44be-bb31-4b61bc8fdcc9" />
    <UnitTestResult executionId="ac82a94e-f331-465c-a8a9-d04bad480e66" testId="0e7379a1-9a82-4bab-083a-5defa535ee2e" testName="Cine.Tests.ViewModels.MainViewModelTests.Title_WhenFilePathSet_ReturnsFileName" computerName="PAVAL" duration="00:00:00.0012372" startTime="2026-06-19T11:15:10.7749747+05:30" endTime="2026-06-19T11:15:10.7750367+05:30" testType="13cdc9d9-ddb5-4fa4-a97d-d965ccfc6d4b" outcome="Passed" testListId="8c84fa94-04c1-424b-9868-57a2d4851a1d" relativeResultsDirectory="ac82a94e-f331-465c-a8a9-d04bad480e66" />
    <UnitTestResult executionId="d6a6541e-cfb8-4e6e-ae37-2ebcac514d98" testId="57d85944-430a-aca5-ace4-b6ca792e45e1" testName="Cine.Tests.ViewModels.MainViewModelTests.ResetContrast_SetsToZero" computerName="PAVAL" duration="00:00:00.0009363" startTime="2026-06-19T11:15:10.7816328+05:30" endTime="2026-06-19T11:15:10.7824504+05:30" testType="13cdc9d9-ddb5-4fa4-a97d-d965ccfc6d4b" outcome="Passed" testListId="8c84fa94-04c1-424b-9868-57a2d4851a1d" relativeResultsDirectory="d6a6541e-cfb8-4e6e-ae37-2ebcac514d98" />
    <UnitTestResult executionId="e726e9f9-7948-44fa-b638-b4cd822bddd6" testId="98ff8a16-9817-64bc-171c-680bfce7bf11" testName="Cine.Tests.ViewModels.MainViewModelTests.IsLoopFileEnabled_DelegatesToPlaylistCoordinator" computerName="PAVAL" duration="00:00:00.0017194" startTime="2026-06-19T11:15:10.7744543+05:30" endTime="2026-06-19T11:15:10.7745394+05:30" testType="13cdc9d9-ddb5-4fa4-a97d-d965ccfc6d4b" outcome="Passed" testListId="8c84fa94-04c1-424b-9868-57a2d4851a1d" relativeResultsDirectory="e726e9f9-7948-44fa-b638-b4cd822bddd6" />
    <UnitTestResult executionId="e70c020c-57f8-4492-bf54-49923883244f" testId="1fadae87-7ed8-da38-c8ee-522655f6d7f3" testName="Cine.Tests.Managers.VideoManagerTests.GammaValue_SetsPlayerGamma" computerName="PAVAL" duration="00:00:00.0011349" startTime="2026-06-19T11:15:10.7572159+05:30" endTime="2026-06-19T11:15:10.7577966+05:30" testType="13cdc9d9-ddb5-4fa4-a97d-d965ccfc6d4b" outcome="Passed" testListId="8c84fa94-04c1-424b-9868-57a2d4851a1d" relativeResultsDirectory="e70c020c-57f8-4492-bf54-49923883244f" />
    <UnitTestResult executionId="5e9018e1-01ad-472c-ae7c-732c978c5eb6" testId="a2ecef92-dd09-dd51-6147-97f0d988b4bd" testName="Cine.Tests.Managers.VideoManagerTests.ResetAspectRatio_SetsToNegativeOne" computerName="PAVAL" duration="00:00:00.0002592" startTime="2026-06-19T11:15:10.7609246+05:30" endTime="2026-06-19T11:15:10.7610705+05:30" testType="13cdc9d9-ddb5-4fa4-a97d-d965ccfc6d4b" outcome="Passed" testListId="8c84fa94-04c1-424b-9868-57a2d4851a1d" relativeResultsDirectory="5e9018e1-01ad-472c-ae7c-732c978c5eb6" />
    <UnitTestResult executionId="9ef65462-0884-4b73-917a-bf78d5ad35d2" testId="e574232f-e4d8-4fe8-860f-c70e74a144f8" testName="Cine.Tests.Managers.VideoManagerTests.ResetAllVideo_ResetsFilters" computerName="PAVAL" duration="00:00:00.0105382" startTime="2026-06-19T11:15:10.7459109+05:30" endTime="2026-06-19T11:15:10.7489723+05:30" testType="13cdc9d9-ddb5-4fa4-a97d-d965ccfc6d4b" outcome="Passed" testListId="8c84fa94-04c1-424b-9868-57a2d4851a1d" relativeResultsDirectory="9ef65462-0884-4b73-917a-bf78d5ad35d2" />
    <UnitTestResult executionId="367f81eb-21db-4b67-89d0-655d328e0e83" testId="9797a4a7-7505-d01a-144b-e67415b7c94e" testName="Cine.Tests.Services.PlaylistCoordinatorTests.CurrentPath_ReturnsCorrectPath" computerName="PAVAL" duration="00:00:00.0002004" startTime="2026-06-19T11:15:10.6635637+05:30" endTime="2026-06-19T11:15:10.6636442+05:30" testType="13cdc9d9-ddb5-4fa4-a97d-d965ccfc6d4b" outcome="Passed" testListId="8c84fa94-04c1-424b-9868-57a2d4851a1d" relativeResultsDirectory="367f81eb-21db-4b67-89d0-655d328e0e83" />
    <UnitTestResult executionId="15540399-1094-43ed-8725-0f8ebebdd28e" testId="4415ea08-39fc-8288-c97a-269900890205" testName="Cine.Tests.Services.ErrorBoundaryTests.Run_Action_DoesNotThrow" computerName="PAVAL" duration="00:00:00.0008925" startTime="2026-06-19T11:15:10.8411859+05:30" endTime="2026-06-19T11:15:10.8412485+05:30" testType="13cdc9d9-ddb5-4fa4-a97d-d965ccfc6d4b" outcome="Passed" testListId="8c84fa94-04c1-424b-9868-57a2d4851a1d" relativeResultsDirectory="15540399-1094-43ed-8725-0f8ebebdd28e" />
    <UnitTestResult executionId="7af3499c-cf91-43b1-8e4f-4d824629b6c0" testId="bcb90606-cac7-8860-0663-fef9394e4b99" testName="Cine.Tests.Managers.AudioManagerTests.Dispose_UnsubscribesFromPlayerEvents" computerName="PAVAL" duration="00:00:00.0009113" startTime="2026-06-19T11:15:10.7716830+05:30" endTime="2026-06-19T11:15:10.7719543+05:30" testType="13cdc9d9-ddb5-4fa4-a97d-d965ccfc6d4b" outcome="Passed" testListId="8c84fa94-04c1-424b-9868-57a2d4851a1d" relativeResultsDirectory="7af3499c-cf91-43b1-8e4f-4d824629b6c0" />
    <UnitTestResult executionId="20ebbd92-54b5-4e5c-a230-ed5b8845a802" testId="7aee1417-7582-a774-d3ca-8ae6fb932368" testName="Cine.Tests.Managers.AudioManagerTests.OnPlayerTrackListChanged_RefreshesAudioTracks" computerName="PAVAL" duration="00:00:00.0022789" startTime="2026-06-19T11:15:10.7674496+05:30" endTime="2026-06-19T11:15:10.7693188+05:30" testType="13cdc9d9-ddb5-4fa4-a97d-d965ccfc6d4b" outcome="Passed" testListId="8c84fa94-04c1-424b-9868-57a2d4851a1d" relativeResultsDirectory="20ebbd92-54b5-4e5c-a230-ed5b8845a802" />
    <UnitTestResult executionId="f3fc6895-26e6-4320-b2a9-7dec7bbd8eeb" testId="1e906bd1-335f-c3d8-4fe7-0d7fd48ebf66" testName="Cine.Tests.Services.PlaylistCoordinatorTests.GetPreviousIndex_AtStartWithoutLoop_ReturnsNull" computerName="PAVAL" duration="00:00:00.0003013" startTime="2026-06-19T11:15:10.6822444+05:30" endTime="2026-06-19T11:15:10.6823572+05:30" testType="13cdc9d9-ddb5-4fa4-a97d-d965ccfc6d4b" outcome="Passed" testListId="8c84fa94-04c1-424b-9868-57a2d4851a1d" relativeResultsDirectory="f3fc6895-26e6-4320-b2a9-7dec7bbd8eeb" />
    <UnitTestResult executionId="197d7b73-843a-4b9f-b019-3f0f1ae04269" testId="4dbd487e-ce36-b111-cdfb-3826af5a0811" testName="Cine.Tests.Managers.PlaybackStateManagerTests.Dispose_UnsubscribesFromPlayerEvents" computerName="PAVAL" duration="00:00:00.0006991" startTime="2026-06-19T11:15:10.7254095+05:30" endTime="2026-06-19T11:15:10.7261016+05:30" testType="13cdc9d9-ddb5-4fa4-a97d-d965ccfc6d4b" outcome="Passed" testListId="8c84fa94-04c1-424b-9868-57a2d4851a1d" relativeResultsDirectory="197d7b73-843a-4b9f-b019-3f0f1ae04269" />
    <UnitTestResult executionId="cca03c86-4883-4e8a-b2e6-e38f19606b36" testId="f27b995a-76f4-af73-93ad-64ef2cff7131" testName="Cine.Tests.Managers.AudioManagerTests.Dispose_MultipleCalls_DoesNotThrow" computerName="PAVAL" duration="00:00:00.0006800" startTime="2026-06-19T11:15:10.7668035+05:30" endTime="2026-06-19T11:15:10.7671597+05:30" testType="13cdc9d9-ddb5-4fa4-a97d-d965ccfc6d4b" outcome="Passed" testListId="8c84fa94-04c1-424b-9868-57a2d4851a1d" relativeResultsDirectory="cca03c86-4883-4e8a-b2e6-e38f19606b36" />
    <UnitTestResult executionId="bbac25b9-fc31-4af9-8a57-8a70951476df" testId="49dba4a4-b242-a4e9-ba48-17ecc169ca9d" testName="Cine.Tests.Managers.VideoManagerTests.HueValue_SetsPlayerHue" computerName="PAVAL" duration="00:00:00.0005558" startTime="2026-06-19T11:15:10.7523790+05:30" endTime="2026-06-19T11:15:10.7527254+05:30" testType="13cdc9d9-ddb5-4fa4-a97d-d965ccfc6d4b" outcome="Passed" testListId="8c84fa94-04c1-424b-9868-57a2d4851a1d" relativeResultsDirectory="bbac25b9-fc31-4af9-8a57-8a70951476df" />
    <UnitTestResult executionId="1c33135d-58ac-4794-b13b-7551ac6ebe48" testId="892946bd-6a22-f000-8e4b-eca5597827ae" testName="Cine.Tests.ViewModels.MainViewModelTests.ResetHue_SetsToZero" computerName="PAVAL" duration="00:00:00.0013155" startTime="2026-06-19T11:15:10.7725505+05:30" endTime="2026-06-19T11:15:10.7726262+05:30" testType="13cdc9d9-ddb5-4fa4-a97d-d965ccfc6d4b" outcome="Passed" testListId="8c84fa94-04c1-424b-9868-57a2d4851a1d" relativeResultsDirectory="1c33135d-58ac-4794-b13b-7551ac6ebe48" />
    <UnitTestResult executionId="e81b0fc3-4030-46b1-b1bf-6010140b95a0" testId="e94eb445-2a07-619c-10bf-a76ab7161ca4" testName="Cine.Tests.Managers.VideoManagerTests.RefreshVideoTracks_NullSources_ShowsNoTracks" computerName="PAVAL" duration="00:00:00.0003171" startTime="2026-06-19T11:15:10.7586415+05:30" endTime="2026-06-19T11:15:10.7589918+05:30" testType="13cdc9d9-ddb5-4fa4-a97d-d965ccfc6d4b" outcome="Passed" testListId="8c84fa94-04c1-424b-9868-57a2d4851a1d" relativeResultsDirectory="e81b0fc3-4030-46b1-b1bf-6010140b95a0" />
    <UnitTestResult executionId="605cbc08-d3d8-4750-a542-11559385c9a6" testId="970a5b98-a064-260d-f1ca-7ef3774f7176" testName="Cine.Tests.Services.PlaylistCoordinatorTests.Add_Duplicate_Ignored" computerName="PAVAL" duration="00:00:00.0002149" startTime="2026-06-19T11:15:10.6813682+05:30" endTime="2026-06-19T11:15:10.6814331+05:30" testType="13cdc9d9-ddb5-4fa4-a97d-d965ccfc6d4b" outcome="Passed" testListId="8c84fa94-04c1-424b-9868-57a2d4851a1d" relativeResultsDirectory="605cbc08-d3d8-4750-a542-11559385c9a6" />
    <UnitTestResult executionId="ae6c50f6-3c66-4251-ae60-36fe81380f34" testId="2407b216-3528-374a-bed9-3cd2bf071349" testName="Cine.Tests.Managers.AudioManagerTests.IncreaseVolume_IncreasesByFive" computerName="PAVAL" duration="00:00:00.0006309" startTime="2026-06-19T11:15:10.7697287+05:30" endTime="2026-06-19T11:15:10.7700704+05:30" testType="13cdc9d9-ddb5-4fa4-a97d-d965ccfc6d4b" outcome="Passed" testListId="8c84fa94-04c1-424b-9868-57a2d4851a1d" relativeResultsDirectory="ae6c50f6-3c66-4251-ae60-36fe81380f34" />
    <UnitTestResult executionId="38f16570-be14-4d09-9342-92db7b60d418" testId="b7c5eeeb-3a13-bd9a-0697-9724d1e889b9" testName="Cine.Tests.Managers.VideoManagerTests.Constructor_BuildsTrackMenus" computerName="PAVAL" duration="00:00:00.0002455" startTime="2026-06-19T11:15:10.7614447+05:30" endTime="2026-06-19T11:15:10.7617627+05:30" testType="13cdc9d9-ddb5-4fa4-a97d-d965ccfc6d4b" outcome="Passed" testListId="8c84fa94-04c1-424b-9868-57a2d4851a1d" relativeResultsDirectory="38f16570-be14-4d09-9342-92db7b60d418" />
    <UnitTestResult executionId="61631741-7462-4c0c-9968-97ecbcf99573" testId="c9728369-ab51-6100-a546-1970c1baccbb" testName="Cine.Tests.Services.PlaylistCoordinatorTests.GetPreviousIndex_AtStartWithLoop_WrapsToEnd" computerName="PAVAL" duration="00:00:00.0026314" startTime="2026-06-19T11:15:10.6001603+05:30" endTime="2026-06-19T11:15:10.6025784+05:30" testType="13cdc9d9-ddb5-4fa4-a97d-d965ccfc6d4b" outcome="Passed" testListId="8c84fa94-04c1-424b-9868-57a2d4851a1d" relativeResultsDirectory="61631741-7462-4c0c-9968-97ecbcf99573" />
    <UnitTestResult executionId="522a1c7d-14fb-4bb1-b04a-86c310871392" testId="97952306-12ff-c1de-53b0-2cc7a3392936" testName="Cine.Tests.Services.ErrorBoundaryTests.Run_AsyncAction_HandlesException" computerName="PAVAL" duration="00:00:00.5022617" startTime="2026-06-19T11:15:10.3374407+05:30" endTime="2026-06-19T11:15:10.8397000+05:30" testType="13cdc9d9-ddb5-4fa4-a97d-d965ccfc6d4b" outcome="Passed" testListId="8c84fa94-04c1-424b-9868-57a2d4851a1d" relativeResultsDirectory="522a1c7d-14fb-4bb1-b04a-86c310871392" />
    <UnitTestResult executionId="ea6c1c77-f82d-4f6e-8c74-e8f39bef7894" testId="986e2291-24f8-c6ed-30f6-436d2074e889" testName="Cine.Tests.Services.ErrorBoundaryTests.Run_Action_ExecutesSuccessfully" computerName="PAVAL" duration="00:00:00.0002895" startTime="2026-06-19T11:15:10.3369823+05:30" endTime="2026-06-19T11:15:10.3373114+05:30" testType="13cdc9d9-ddb5-4fa4-a97d-d965ccfc6d4b" outcome="Passed" testListId="8c84fa94-04c1-424b-9868-57a2d4851a1d" relativeResultsDirectory="ea6c1c77-f82d-4f6e-8c74-e8f39bef7894" />
    <UnitTestResult executionId="bf1b4b8f-6d53-4c55-affa-d1f6682e9622" testId="eae283ea-883f-cef2-de4c-ec6cf036b484" testName="Cine.Tests.Managers.VideoManagerTests.ContrastValue_FiresPropertyChanged" computerName="PAVAL" duration="00:00:00.0005851" startTime="2026-06-19T11:15:10.7619589+05:30" endTime="2026-06-19T11:15:10.7634828+05:30" testType="13cdc9d9-ddb5-4fa4-a97d-d965ccfc6d4b" outcome="Passed" testListId="8c84fa94-04c1-424b-9868-57a2d4851a1d" relativeResultsDirectory="bf1b4b8f-6d53-4c55-affa-d1f6682e9622" />
    <UnitTestResult executionId="9f9fd41d-6a06-44a6-950b-955b3ad66033" testId="44f800fb-a5a3-5258-981e-a5c654de21bf" testName="Cine.Tests.Services.PlaylistCoordinatorTests.GetPreviousIndex_WithShuffle_ReturnsRandom" computerName="PAVAL" duration="00:00:00.0002596" startTime="2026-06-19T11:15:10.6804831+05:30" endTime="2026-06-19T11:15:10.6806156+05:30" testType="13cdc9d9-ddb5-4fa4-a97d-d965ccfc6d4b" outcome="Passed" testListId="8c84fa94-04c1-424b-9868-57a2d4851a1d" relativeResultsDirectory="9f9fd41d-6a06-44a6-950b-955b3ad66033" />
    <UnitTestResult executionId="e8d296e1-a849-4843-b1b3-3840bedddd9d" testId="cbc97baa-7d66-c05f-dd8b-8eb456c874b4" testName="Cine.Tests.Managers.VideoManagerTests.RefreshVideoTracks_PopulatesTracks" computerName="PAVAL" duration="00:00:00.0023910" startTime="2026-06-19T11:15:10.7326346+05:30" endTime="2026-06-19T11:15:10.7438107+05:30" testType="13cdc9d9-ddb5-4fa4-a97d-d965ccfc6d4b" outcome="Passed" testListId="8c84fa94-04c1-424b-9868-57a2d4851a1d" relativeResultsDirectory="e8d296e1-a849-4843-b1b3-3840bedddd9d" />
    <UnitTestResult executionId="4d3b1331-baf9-4c8b-95f4-285819d223ab" testId="ffcc0ef8-e5a5-53bb-ab1d-c4be7249236d" testName="Cine.Tests.Services.PlaylistCoordinatorTests.Add_AddsItem" computerName="PAVAL" duration="00:00:00.0008237" startTime="2026-06-19T11:15:10.6028810+05:30" endTime="2026-06-19T11:15:10.6034956+05:30" testType="13cdc9d9-ddb5-4fa4-a97d-d965ccfc6d4b" outcome="Passed" testListId="8c84fa94-04c1-424b-9868-57a2d4851a1d" relativeResultsDirectory="4d3b1331-baf9-4c8b-95f4-285819d223ab" />
    <UnitTestResult executionId="adb9ee28-0dbe-4e26-be73-542c59d6d865" testId="4c7565b1-b395-7b87-30c3-605f51935772" testName="Cine.Tests.ViewModels.MainViewModelTests.VolumeMax_GetsFromPlayer" computerName="PAVAL" duration="00:00:00.0012168" startTime="2026-06-19T11:15:10.7769874+05:30" endTime="2026-06-19T11:15:10.7780663+05:30" testType="13cdc9d9-ddb5-4fa4-a97d-d965ccfc6d4b" outcome="Passed" testListId="8c84fa94-04c1-424b-9868-57a2d4851a1d" relativeResultsDirectory="adb9ee28-0dbe-4e26-be73-542c59d6d865" />
    <UnitTestResult executionId="60c1df8e-3bc9-431c-9a4d-0dcb811290bc" testId="54e03efa-315b-c65d-a454-c6c081482858" testName="Cine.Tests.Managers.SubtitleManagerTests.OnSubtitlePropertyChanged_SidNegative_DisablesSubtitles" computerName="PAVAL" duration="00:00:00.0007590" startTime="2026-06-19T11:15:10.7645884+05:30" endTime="2026-06-19T11:15:10.7663827+05:30" testType="13cdc9d9-ddb5-4fa4-a97d-d965ccfc6d4b" outcome="Passed" testListId="8c84fa94-04c1-424b-9868-57a2d4851a1d" relativeResultsDirectory="60c1df8e-3bc9-431c-9a4d-0dcb811290bc" />
    <UnitTestResult executionId="e9f57550-115c-4e9f-967d-d87d50b6eca6" testId="22427559-7472-2998-a514-4dfe1ee6d101" testName="Cine.Tests.Managers.AudioManagerTests.IsMuted_CallsPlayerMute" computerName="PAVAL" duration="00:00:00.0005396" startTime="2026-06-19T11:15:10.7475228+05:30" endTime="2026-06-19T11:15:10.7476415+05:30" testType="13cdc9d9-ddb5-4fa4-a97d-d965ccfc6d4b" outcome="Passed" testListId="8c84fa94-04c1-424b-9868-57a2d4851a1d" relativeResultsDirectory="e9f57550-115c-4e9f-967d-d87d50b6eca6" />
    <UnitTestResult executionId="c71a9caf-f510-4977-b3bd-b13500e95721" testId="df4ab2c7-a582-4aec-4e93-2408ac69e8b8" testName="Cine.Tests.ViewModels.MainViewModelTests.IsShuffleEnabled_DelegatesToPlaylistCoordinator" computerName="PAVAL" duration="00:00:00.0019856" startTime="2026-06-19T11:15:10.7684763+05:30" endTime="2026-06-19T11:15:10.7693654+05:30" testType="13cdc9d9-ddb5-4fa4-a97d-d965ccfc6d4b" outcome="Passed" testListId="8c84fa94-04c1-424b-9868-57a2d4851a1d" relativeResultsDirectory="c71a9caf-f510-4977-b3bd-b13500e95721" />
    <UnitTestResult executionId="a9980027-15e9-401e-994f-55c36de9546a" testId="98d9df9f-6fe9-bab2-e1f0-478a414e20ad" testName="Cine.Tests.Managers.VideoManagerTests.ResetZoom_SetsToZero" computerName="PAVAL" duration="00:00:00.0011884" startTime="2026-06-19T11:15:10.7440578+05:30" endTime="2026-06-19T11:15:10.7447027+05:30" testType="13cdc9d9-ddb5-4fa4-a97d-d965ccfc6d4b" outcome="Passed" testListId="8c84fa94-04c1-424b-9868-57a2d4851a1d" relativeResultsDirectory="a9980027-15e9-401e-994f-55c36de9546a" />
    <UnitTestResult executionId="a26b01ad-fe92-4f70-a124-fd29030abfd3" testId="d5335438-03fe-2c8a-8e5f-e053613b2842" testName="Cine.Tests.Services.PlaylistCoordinatorTests.Move_ChangesOrder" computerName="PAVAL" duration="00:00:00.0007039" startTime="2026-06-19T11:15:10.6819767+05:30" endTime="2026-06-19T11:15:10.6820496+05:30" testType="13cdc9d9-ddb5-4fa4-a97d-d965ccfc6d4b" outcome="Passed" testListId="8c84fa94-04c1-424b-9868-57a2d4851a1d" relativeResultsDirectory="a26b01ad-fe92-4f70-a124-fd29030abfd3" />
    <UnitTestResult executionId="688d564f-66ea-4aa4-93c0-b89aa53603df" testId="dc4a4c19-34d3-29ab-9db6-210abdedc2ad" testName="Cine.Tests.Services.PlaylistCoordinatorTests.GetNextIndex_Empty_ReturnsNull" computerName="PAVAL" duration="00:00:00.0003942" startTime="2026-06-19T11:15:10.6626446+05:30" endTime="2026-06-19T11:15:10.6627407+05:30" testType="13cdc9d9-ddb5-4fa4-a97d-d965ccfc6d4b" outcome="Passed" testListId="8c84fa94-04c1-424b-9868-57a2d4851a1d" relativeResultsDirectory="688d564f-66ea-4aa4-93c0-b89aa53603df" />
    <UnitTestResult executionId="8db1baac-0934-41c5-b3a9-93f301f6d1ef" testId="9aa678bd-a100-2691-a3ed-825ff799dc54" testName="Cine.Tests.Managers.AudioManagerTests.VolumeValue_SetsPlayerVolume" computerName="PAVAL" duration="00:00:00.0003609" startTime="2026-06-19T11:15:10.7644381+05:30" endTime="2026-06-19T11:15:10.7659718+05:30" testType="13cdc9d9-ddb5-4fa4-a97d-d965ccfc6d4b" outcome="Passed" testListId="8c84fa94-04c1-424b-9868-57a2d4851a1d" relativeResultsDirectory="8db1baac-0934-41c5-b3a9-93f301f6d1ef" />
    <UnitTestResult executionId="d7356158-e571-44e5-88d3-629d483a5f44" testId="b77b21d9-0701-7290-5ab4-96f55a757f2a" testName="Cine.Tests.Managers.VideoManagerTests.SaturationValue_SetsPlayerSaturation" computerName="PAVAL" duration="00:00:00.0005842" startTime="2026-06-19T11:15:10.7555360+05:30" endTime="2026-06-19T11:15:10.7560271+05:30" testType="13cdc9d9-ddb5-4fa4-a97d-d965ccfc6d4b" outcome="Passed" testListId="8c84fa94-04c1-424b-9868-57a2d4851a1d" relativeResultsDirectory="d7356158-e571-44e5-88d3-629d483a5f44" />
    <UnitTestResult executionId="0e1032f6-6f54-431d-b75d-488e62f639d3" testId="2981481c-012c-e132-c84a-ee369b9933fe" testName="Cine.Tests.Managers.AudioManagerTests.AudioDelay_SetsPlayerDelay" computerName="PAVAL" duration="00:00:00.0004479" startTime="2026-06-19T11:15:10.7672928+05:30" endTime="2026-06-19T11:15:10.7673517+05:30" testType="13cdc9d9-ddb5-4fa4-a97d-d965ccfc6d4b" outcome="Passed" testListId="8c84fa94-04c1-424b-9868-57a2d4851a1d" relativeResultsDirectory="0e1032f6-6f54-431d-b75d-488e62f639d3" />
    <UnitTestResult executionId="5b82e8a2-cbc8-4cae-b096-7a8068d1a825" testId="f7685f90-b1df-c2a1-aa3e-fa53182484ca" testName="Cine.Tests.Managers.PlaybackStateManagerTests.UpdatePosition_FiresPropertyChangedForPosition" computerName="PAVAL" duration="00:00:00.0010448" startTime="2026-06-19T11:15:10.7446303+05:30" endTime="2026-06-19T11:15:10.7460189+05:30" testType="13cdc9d9-ddb5-4fa4-a97d-d965ccfc6d4b" outcome="Passed" testListId="8c84fa94-04c1-424b-9868-57a2d4851a1d" relativeResultsDirectory="5b82e8a2-cbc8-4cae-b096-7a8068d1a825" />
    <UnitTestResult executionId="6b259ff3-89c3-40b2-8cdd-4a54700628ec" testId="7b5291dd-9425-5d47-545f-55a80c82f4af" testName="Cine.Tests.ViewModels.MainViewModelTests.VolumeValue_FiresPropertyChanged" computerName="PAVAL" duration="00:00:00.0010359" startTime="2026-06-19T11:15:10.7941240+05:30" endTime="2026-06-19T11:15:10.7950452+05:30" testType="13cdc9d9-ddb5-4fa4-a97d-d965ccfc6d4b" outcome="Passed" testListId="8c84fa94-04c1-424b-9868-57a2d4851a1d" relativeResultsDirectory="6b259ff3-89c3-40b2-8cdd-4a54700628ec" />
    <UnitTestResult executionId="c97196df-94a5-4f08-ab9c-f20586cd73f1" testId="8b46f75f-fafc-eb1b-de02-81b231b0bf67" testName="Cine.Tests.Managers.AudioManagerTests.ApplyEqualizerPreset_SetsBands" computerName="PAVAL" duration="00:00:00.0003808" startTime="2026-06-19T11:15:10.7634250+05:30" endTime="2026-06-19T11:15:10.7637808+05:30" testType="13cdc9d9-ddb5-4fa4-a97d-d965ccfc6d4b" outcome="Passed" testListId="8c84fa94-04c1-424b-9868-57a2d4851a1d" relativeResultsDirectory="c97196df-94a5-4f08-ab9c-f20586cd73f1" />
    <UnitTestResult executionId="38f16815-6a62-4519-9c2e-75af6e0bb55a" testId="ece46946-c987-5d44-6b57-130192a6d722" testName="Cine.Tests.Managers.SubtitleManagerTests.SubtitleShadowOffset_SetsPlayerShadowOffset" computerName="PAVAL" duration="00:00:00.0007674" startTime="2026-06-19T11:15:10.7339604+05:30" endTime="2026-06-19T11:15:10.7432157+05:30" testType="13cdc9d9-ddb5-4fa4-a97d-d965ccfc6d4b" outcome="Passed" testListId="8c84fa94-04c1-424b-9868-57a2d4851a1d" relativeResultsDirectory="38f16815-6a62-4519-9c2e-75af6e0bb55a" />
    <UnitTestResult executionId="32f75263-1025-4d98-906f-e46c1bec45dc" testId="c472192f-26ed-3b26-35b1-a2c72846b170" testName="Cine.Tests.Managers.AudioManagerTests.VolumeValue_FiresPropertyChanged" computerName="PAVAL" duration="00:00:00.0082904" startTime="2026-06-19T11:15:10.7464752+05:30" endTime="2026-06-19T11:15:10.7468761+05:30" testType="13cdc9d9-ddb5-4fa4-a97d-d965ccfc6d4b" outcome="Passed" testListId="8c84fa94-04c1-424b-9868-57a2d4851a1d" relativeResultsDirectory="32f75263-1025-4d98-906f-e46c1bec45dc" />
    <UnitTestResult executionId="b58e5331-01ed-4778-ae3c-6c6fba33b775" testId="02d9fff5-019b-3904-9186-1acaba1132db" testName="Cine.Tests.Managers.SubtitleManagerTests.SelectTrackById_SetsCurrentTrackId" computerName="PAVAL" duration="00:00:00.0009794" startTime="2026-06-19T11:15:10.7531999+05:30" endTime="2026-06-19T11:15:10.7536758+05:30" testType="13cdc9d9-ddb5-4fa4-a97d-d965ccfc6d4b" outcome="Passed" testListId="8c84fa94-04c1-424b-9868-57a2d4851a1d" relativeResultsDirectory="b58e5331-01ed-4778-ae3c-6c6fba33b775" />
    <UnitTestResult executionId="a1333903-6de2-46fe-aa09-258479d96477" testId="52b1be4e-dab6-f72d-bda0-0d0c258176be" testName="Cine.Tests.Managers.SubtitleManagerTests.ResetAllSubtitles_ResetsDefaults" computerName="PAVAL" duration="00:00:00.0018758" startTime="2026-06-19T11:15:10.7501684+05:30" endTime="2026-06-19T11:15:10.7530969+05:30" testType="13cdc9d9-ddb5-4fa4-a97d-d965ccfc6d4b" outcome="Passed" testListId="8c84fa94-04c1-424b-9868-57a2d4851a1d" relativeResultsDirectory="a1333903-6de2-46fe-aa09-258479d96477" />
    <UnitTestResult executionId="d082a88c-b2d8-4102-a589-d5756f9c5165" testId="8a5a236a-1eaa-c6dc-1ee2-3d693dcb26f9" testName="Cine.Tests.Managers.SubtitleManagerTests.OnTrackListChanged_RebuildsSubtitleTracks" computerName="PAVAL" duration="00:00:00.0023068" startTime="2026-06-19T11:15:10.7670946+05:30" endTime="2026-06-19T11:15:10.7685067+05:30" testType="13cdc9d9-ddb5-4fa4-a97d-d965ccfc6d4b" outcome="Passed" testListId="8c84fa94-04c1-424b-9868-57a2d4851a1d" relativeResultsDirectory="d082a88c-b2d8-4102-a589-d5756f9c5165" />
    <UnitTestResult executionId="3c36a748-f0d0-4f1b-97e3-68957ec1b879" testId="867c19e2-8f28-f2c1-d22c-1894f3ebaa59" testName="Cine.Tests.Services.ErrorBoundaryTests.Run_Action_HandlesException" computerName="PAVAL" duration="00:00:00.0006579" startTime="2026-06-19T11:15:10.8414192+05:30" endTime="2026-06-19T11:15:10.8414702+05:30" testType="13cdc9d9-ddb5-4fa4-a97d-d965ccfc6d4b" outcome="Passed" testListId="8c84fa94-04c1-424b-9868-57a2d4851a1d" relativeResultsDirectory="3c36a748-f0d0-4f1b-97e3-68957ec1b879" />
    <UnitTestResult executionId="33f52748-4d54-4d75-9e4a-6f5af5454211" testId="d7ded34b-a1fa-1697-c572-4a7fd7f09d11" testName="Cine.Tests.Managers.PlaybackStateManagerTests.OnTrackListChanged_RaisesTrackListChangedEvent" computerName="PAVAL" duration="00:00:00.0011467" startTime="2026-06-19T11:15:10.7551056+05:30" endTime="2026-06-19T11:15:10.7558956+05:30" testType="13cdc9d9-ddb5-4fa4-a97d-d965ccfc6d4b" outcome="Passed" testListId="8c84fa94-04c1-424b-9868-57a2d4851a1d" relativeResultsDirectory="33f52748-4d54-4d75-9e4a-6f5af5454211" />
    <UnitTestResult executionId="ea716de9-5745-4859-b9a9-c9b0a0e67ecc" testId="427e94d1-28fd-5a45-89d8-efec8c7f6389" testName="Cine.Tests.Managers.VideoManagerTests.HasMultipleVideoTracks_MultipleTracks_ReturnsTrue" computerName="PAVAL" duration="00:00:00.0002237" startTime="2026-06-19T11:15:10.7512280+05:30" endTime="2026-06-19T11:15:10.7512902+05:30" testType="13cdc9d9-ddb5-4fa4-a97d-d965ccfc6d4b" outcome="Passed" testListId="8c84fa94-04c1-424b-9868-57a2d4851a1d" relativeResultsDirectory="ea716de9-5745-4859-b9a9-c9b0a0e67ecc" />
    <UnitTestResult executionId="8f453de6-6c2e-4a7d-950e-1bd88f33d9ca" testId="b37111a1-f25d-2bad-195d-6b5ca61094d2" testName="Cine.Tests.Services.PlaylistCoordinatorTests.Shuffle_ReordersItems" computerName="PAVAL" duration="00:00:00.0005453" startTime="2026-06-19T11:15:10.6638547+05:30" endTime="2026-06-19T11:15:10.6639367+05:30" testType="13cdc9d9-ddb5-4fa4-a97d-d965ccfc6d4b" outcome="Passed" testListId="8c84fa94-04c1-424b-9868-57a2d4851a1d" relativeResultsDirectory="8f453de6-6c2e-4a7d-950e-1bd88f33d9ca" />
    <UnitTestResult executionId="b6bfbb7d-cb1c-45f6-b6b4-d23b5c7af4d8" testId="9366748d-2d06-7d11-8572-59b55f3898fb" testName="Cine.Tests.Managers.SubtitleManagerTests.SubtitleDelay_FiresPropertyChanged" computerName="PAVAL" duration="00:00:00.0008732" startTime="2026-06-19T11:15:10.7475583+05:30" endTime="2026-06-19T11:15:10.7493109+05:30" testType="13cdc9d9-ddb5-4fa4-a97d-d965ccfc6d4b" outcome="Passed" testListId="8c84fa94-04c1-424b-9868-57a2d4851a1d" relativeResultsDirectory="b6bfbb7d-cb1c-45f6-b6b4-d23b5c7af4d8" />
    <UnitTestResult executionId="48bda85d-cab6-4741-ba01-c83cd26f9e0a" testId="695e3598-0b7f-eb0b-df88-7663f59873af" testName="Cine.Tests.Managers.AudioManagerTests.ApplyEqualizerPreset_Flat_ResetsAllBands" computerName="PAVAL" duration="00:00:00.0062788" startTime="2026-06-19T11:15:10.7506356+05:30" endTime="2026-06-19T11:15:10.7593918+05:30" testType="13cdc9d9-ddb5-4fa4-a97d-d965ccfc6d4b" outcome="Passed" testListId="8c84fa94-04c1-424b-9868-57a2d4851a1d" relativeResultsDirectory="48bda85d-cab6-4741-ba01-c83cd26f9e0a" />
    <UnitTestResult executionId="9786cf79-cfc9-4398-9579-120af3ecb573" testId="21ff706a-e29d-30af-426c-337bc2dad7e1" testName="Cine.Tests.Managers.PlaylistSettingsStoreTests.ClearPlaylist_WhenNoData_DoesNotThrow" computerName="PAVAL" duration="00:00:00.0003743" startTime="2026-06-19T11:15:10.6686482+05:30" endTime="2026-06-19T11:15:10.6687879+05:30" testType="13cdc9d9-ddb5-4fa4-a97d-d965ccfc6d4b" outcome="Passed" testListId="8c84fa94-04c1-424b-9868-57a2d4851a1d" relativeResultsDirectory="9786cf79-cfc9-4398-9579-120af3ecb573" />
    <UnitTestResult executionId="2b803621-5ec3-43ba-a54f-f9c9cbf84815" testId="f520204b-8395-a96d-bab3-1a57e4660478" testName="Cine.Tests.Managers.AudioManagerTests.OnPlayerVolumeChanged_UpdatesMute" computerName="PAVAL" duration="00:00:00.0003321" startTime="2026-06-19T11:15:10.7702452+05:30" endTime="2026-06-19T11:15:10.7703026+05:30" testType="13cdc9d9-ddb5-4fa4-a97d-d965ccfc6d4b" outcome="Passed" testListId="8c84fa94-04c1-424b-9868-57a2d4851a1d" relativeResultsDirectory="2b803621-5ec3-43ba-a54f-f9c9cbf84815" />
    <UnitTestResult executionId="5e8c8804-cf56-4c1c-b34d-459d895c0f60" testId="683afbb8-5d2c-9d51-af19-145488bc9621" testName="Cine.Tests.Managers.SubtitleManagerTests.OnPlayerOpened_ClearsSessionOverride" computerName="PAVAL" duration="00:00:00.0009407" startTime="2026-06-19T11:15:10.7591730+05:30" endTime="2026-06-19T11:15:10.7615301+05:30" testType="13cdc9d9-ddb5-4fa4-a97d-d965ccfc6d4b" outcome="Passed" testListId="8c84fa94-04c1-424b-9868-57a2d4851a1d" relativeResultsDirectory="5e8c8804-cf56-4c1c-b34d-459d895c0f60" />
    <UnitTestResult executionId="4f74fe4c-ddfd-4e0f-a614-50f2b98f65d6" testId="a2d5d1f3-d0d2-6fa2-4a6c-8f3bd9f7b8c1" testName="Cine.Tests.Managers.SubtitleManagerTests.Dispose_MultipleCalls_DoesNotThrow" computerName="PAVAL" duration="00:00:00.0006818" startTime="2026-06-19T11:15:10.7547070+05:30" endTime="2026-06-19T11:15:10.7555796+05:30" testType="13cdc9d9-ddb5-4fa4-a97d-d965ccfc6d4b" outcome="Passed" testListId="8c84fa94-04c1-424b-9868-57a2d4851a1d" relativeResultsDirectory="4f74fe4c-ddfd-4e0f-a614-50f2b98f65d6" />
    <UnitTestResult executionId="78e879c3-ca3b-41d8-8c67-32c8e8d6c1e1" testId="408ae148-643f-ecab-e1da-e985d7f616f8" testName="Cine.Tests.Managers.PlaylistSettingsStoreTests.ClearPlaylist_RemovesSavedData" computerName="PAVAL" duration="00:00:00.0013690" startTime="2026-06-19T11:15:10.6662254+05:30" endTime="2026-06-19T11:15:10.6669264+05:30" testType="13cdc9d9-ddb5-4fa4-a97d-d965ccfc6d4b" outcome="Passed" testListId="8c84fa94-04c1-424b-9868-57a2d4851a1d" relativeResultsDirectory="78e879c3-ca3b-41d8-8c67-32c8e8d6c1e1" />
    <UnitTestResult executionId="9990ae9e-72d7-498c-8ac2-2ce17f2bd768" testId="de9b7b0b-f7e2-ece9-f9c7-40319b5233e6" testName="Cine.Tests.Services.PlaylistCoordinatorTests.Add_EmptyPath_Ignored" computerName="PAVAL" duration="00:00:00.0002430" startTime="2026-06-19T11:15:10.6766123+05:30" endTime="2026-06-19T11:15:10.6766842+05:30" testType="13cdc9d9-ddb5-4fa4-a97d-d965ccfc6d4b" outcome="Passed" testListId="8c84fa94-04c1-424b-9868-57a2d4851a1d" relativeResultsDirectory="9990ae9e-72d7-498c-8ac2-2ce17f2bd768" />
    <UnitTestResult executionId="b7c0d199-f21b-450a-aae7-71f3ff4a36ca" testId="a5c289f3-513e-e131-a8ee-291455252053" testName="Cine.Tests.Services.PlaylistCoordinatorTests.GetNextIndex_WithShuffle_ReturnsRandom" computerName="PAVAL" duration="00:00:00.0012211" startTime="2026-06-19T11:15:10.6775786+05:30" endTime="2026-06-19T11:15:10.6801519+05:30" testType="13cdc9d9-ddb5-4fa4-a97d-d965ccfc6d4b" outcome="Passed" testListId="8c84fa94-04c1-424b-9868-57a2d4851a1d" relativeResultsDirectory="b7c0d199-f21b-450a-aae7-71f3ff4a36ca" />
    <UnitTestResult executionId="2a5f680f-195f-493d-9110-9c272f76dcea" testId="f7dd5a2e-a939-63f9-0bfd-071a13f7f8f4" testName="Cine.Tests.ViewModels.MainViewModelTests.BrightnessValue_SetsPlayerBrightness" computerName="PAVAL" duration="00:00:00.0010936" startTime="2026-06-19T11:15:10.7835992+05:30" endTime="2026-06-19T11:15:10.7836698+05:30" testType="13cdc9d9-ddb5-4fa4-a97d-d965ccfc6d4b" outcome="Passed" testListId="8c84fa94-04c1-424b-9868-57a2d4851a1d" relativeResultsDirectory="2a5f680f-195f-493d-9110-9c272f76dcea" />
    <UnitTestResult executionId="6acab142-10cc-4b33-9f88-38814d8968e6" testId="2f447ff5-857f-7295-c151-460959f4f2eb" testName="Cine.Tests.Managers.SubtitleManagerTests.SubtitleBorderSize_SetsPlayerBorderSize" computerName="PAVAL" duration="00:00:00.0005821" startTime="2026-06-19T11:15:10.7617168+05:30" endTime="2026-06-19T11:15:10.7620477+05:30" testType="13cdc9d9-ddb5-4fa4-a97d-d965ccfc6d4b" outcome="Passed" testListId="8c84fa94-04c1-424b-9868-57a2d4851a1d" relativeResultsDirectory="6acab142-10cc-4b33-9f88-38814d8968e6" />
    <UnitTestResult executionId="a0f8b649-15ea-43ee-a44f-8b7d9ad38543" testId="11802289-a233-641f-a9b2-b8e576588d79" testName="Cine.Tests.Managers.PlaylistSettingsStoreTests.Load_WhenNoFile_ReturnsNull" computerName="PAVAL" duration="00:00:00.0006158" startTime="2026-06-19T11:15:10.6690438+05:30" endTime="2026-06-19T11:15:10.6691572+05:30" testType="13cdc9d9-ddb5-4fa4-a97d-d965ccfc6d4b" outcome="Passed" testListId="8c84fa94-04c1-424b-9868-57a2d4851a1d" relativeResultsDirectory="a0f8b649-15ea-43ee-a44f-8b7d9ad38543" />
    <UnitTestResult executionId="cdecdb1f-b790-49c2-bcaa-e7b4f37f6b63" testId="9fc79581-39a4-0d4c-ccc7-a604a1190ec2" testName="Cine.Tests.Managers.VideoManagerTests.RotateLeft_SendsCommand" computerName="PAVAL" duration="00:00:00.9764675" startTime="2026-06-19T11:15:09.7514675+05:30" endTime="2026-06-19T11:15:10.7321837+05:30" testType="13cdc9d9-ddb5-4fa4-a97d-d965ccfc6d4b" outcome="Passed" testListId="8c84fa94-04c1-424b-9868-57a2d4851a1d" relativeResultsDirectory="cdecdb1f-b790-49c2-bcaa-e7b4f37f6b63" />
    <UnitTestResult executionId="60c433de-7404-4810-95da-2ab80212982f" testId="371abe64-1271-2ed1-8919-c7c6353063fc" testName="Cine.Tests.ViewModels.MainViewModelTests.VolumeValue_DelegatesToAudioManager" computerName="PAVAL" duration="00:00:00.0023210" startTime="2026-06-19T11:15:10.7697683+05:30" endTime="2026-06-19T11:15:10.7717498+05:30" testType="13cdc9d9-ddb5-4fa4-a97d-d965ccfc6d4b" outcome="Passed" testListId="8c84fa94-04c1-424b-9868-57a2d4851a1d" relativeResultsDirectory="60c433de-7404-4810-95da-2ab80212982f" />
    <UnitTestResult executionId="ecc924ef-cd3b-4c1d-b36b-b57bd1c45ab8" testId="4692da8d-3413-c04d-bf29-847b5fbe03c9" testName="Cine.Tests.Services.PlaylistCoordinatorTests.GetNextIndex_AtEndWithoutLoop_ReturnsNull" computerName="PAVAL" duration="00:00:00.0003346" startTime="2026-06-19T11:15:10.6762795+05:30" endTime="2026-06-19T11:15:10.6763762+05:30" testType="13cdc9d9-ddb5-4fa4-a97d-d965ccfc6d4b" outcome="Passed" testListId="8c84fa94-04c1-424b-9868-57a2d4851a1d" relativeResultsDirectory="ecc924ef-cd3b-4c1d-b36b-b57bd1c45ab8" />
    <UnitTestResult executionId="1c17a5d7-186b-4da7-bd7d-09e20d4887be" testId="8c367bf4-18aa-8925-87bb-7e63bd33e295" testName="Cine.Tests.ViewModels.MainViewModelTests.ResetGamma_SetsToOne" computerName="PAVAL" duration="00:00:00.0010302" startTime="2026-06-19T11:15:10.7792495+05:30" endTime="2026-06-19T11:15:10.7801660+05:30" testType="13cdc9d9-ddb5-4fa4-a97d-d965ccfc6d4b" outcome="Passed" testListId="8c84fa94-04c1-424b-9868-57a2d4851a1d" relativeResultsDirectory="1c17a5d7-186b-4da7-bd7d-09e20d4887be" />
    <UnitTestResult executionId="2478b743-fb5e-42d7-9e75-24455ac3784d" testId="223461b1-2ce2-7a70-e650-375c0d56b728" testName="Cine.Tests.Managers.SubtitleManagerTests.SubtitleDelay_SetsPlayerDelay" computerName="PAVAL" duration="00:00:00.0109864" startTime="2026-06-19T11:15:10.7443473+05:30" endTime="2026-06-19T11:15:10.7473007+05:30" testType="13cdc9d9-ddb5-4fa4-a97d-d965ccfc6d4b" outcome="Passed" testListId="8c84fa94-04c1-424b-9868-57a2d4851a1d" relativeResultsDirectory="2478b743-fb5e-42d7-9e75-24455ac3784d" />
    <UnitTestResult executionId="7ef69078-fc51-4872-8ca7-e214ebe2badc" testId="2d79419b-1964-66aa-4b99-15aa5b3eb5f0" testName="Cine.Tests.ViewModels.MainViewModelTests.IsMuted_DelegatesToAudioManager" computerName="PAVAL" duration="00:00:00.0010224" startTime="2026-06-19T11:15:10.7930687+05:30" endTime="2026-06-19T11:15:10.7939555+05:30" testType="13cdc9d9-ddb5-4fa4-a97d-d965ccfc6d4b" outcome="Passed" testListId="8c84fa94-04c1-424b-9868-57a2d4851a1d" relativeResultsDirectory="7ef69078-fc51-4872-8ca7-e214ebe2badc" />
    <UnitTestResult executionId="a9582468-0661-4140-a842-5eab4f9d2937" testId="dc9d2418-71b9-ec4e-8275-3f1e0ef57f25" testName="Cine.Tests.Managers.SubtitleManagerTests.Constructor_InitializesDefaults" computerName="PAVAL" duration="00:00:00.0013657" startTime="2026-06-19T11:15:10.7260498+05:30" endTime="2026-06-19T11:15:10.7272082+05:30" testType="13cdc9d9-ddb5-4fa4-a97d-d965ccfc6d4b" outcome="Passed" testListId="8c84fa94-04c1-424b-9868-57a2d4851a1d" relativeResultsDirectory="a9582468-0661-4140-a842-5eab4f9d2937" />
    <UnitTestResult executionId="c8487809-f374-4aed-99ca-3c766b2adf85" testId="5c9d6374-fac5-13c2-8edc-192c8e2fc49c" testName="Cine.Tests.Managers.PlaybackStateManagerTests.OnPlayerOpened_ClearsReplayMode" computerName="PAVAL" duration="00:00:00.0011910" startTime="2026-06-19T11:15:10.7530634+05:30" endTime="2026-06-19T11:15:10.7549051+05:30" testType="13cdc9d9-ddb5-4fa4-a97d-d965ccfc6d4b" outcome="Passed" testListId="8c84fa94-04c1-424b-9868-57a2d4851a1d" relativeResultsDirectory="c8487809-f374-4aed-99ca-3c766b2adf85" />
    <UnitTestResult executionId="c6debd23-eae8-491d-8db5-9ea3237e0946" testId="07506b5a-faaf-2403-d6ba-bbfaaea0e92d" testName="Cine.Tests.Services.PlaylistCoordinatorTests.RemoveAt_WhenLastRemoved_SetsIndexToNegativeOne" computerName="PAVAL" duration="00:00:00.0002032" startTime="2026-06-19T11:15:10.6642115+05:30" endTime="2026-06-19T11:15:10.6642940+05:30" testType="13cdc9d9-ddb5-4fa4-a97d-d965ccfc6d4b" outcome="Passed" testListId="8c84fa94-04c1-424b-9868-57a2d4851a1d" relativeResultsDirectory="c6debd23-eae8-491d-8db5-9ea3237e0946" />
    <UnitTestResult executionId="ae16a245-7a17-486d-99d2-ac3c0a0c016d" testId="44ee80c2-23f4-11ca-2aac-390364dcdef8" testName="Cine.Tests.Managers.VideoManagerTests.BrightnessValue_SetsPlayerBrightness" computerName="PAVAL" duration="00:00:00.0001800" startTime="2026-06-19T11:15:10.7645566+05:30" endTime="2026-06-19T11:15:10.7646962+05:30" testType="13cdc9d9-ddb5-4fa4-a97d-d965ccfc6d4b" outcome="Passed" testListId="8c84fa94-04c1-424b-9868-57a2d4851a1d" relativeResultsDirectory="ae16a245-7a17-486d-99d2-ac3c0a0c016d" />
    <UnitTestResult executionId="c97eec97-b91c-4bd1-a73a-e51337e8f341" testId="de0f386a-7fe0-fc66-ed68-e9ed62906c18" testName="Cine.Tests.Managers.PlaybackStateManagerTests.UpdateVolume_FiresPropertyChanged" computerName="PAVAL" duration="00:00:00.0006916" startTime="2026-06-19T11:15:10.7509288+05:30" endTime="2026-06-19T11:15:10.7524719+05:30" testType="13cdc9d9-ddb5-4fa4-a97d-d965ccfc6d4b" outcome="Passed" testListId="8c84fa94-04c1-424b-9868-57a2d4851a1d" relativeResultsDirectory="c97eec97-b91c-4bd1-a73a-e51337e8f341" />
    <UnitTestResult executionId="c52a2d38-af3f-438f-a26e-419cb2599218" testId="d865abc4-5375-0e22-ae6f-b17584ea84d9" testName="Cine.Tests.Managers.SubtitleManagerTests.SubtitlePosition_ClampsToRange" computerName="PAVAL" duration="00:00:00.0003849" startTime="2026-06-19T11:15:10.7692345+05:30" endTime="2026-06-19T11:15:10.7698486+05:30" testType="13cdc9d9-ddb5-4fa4-a97d-d965ccfc6d4b" outcome="Passed" testListId="8c84fa94-04c1-424b-9868-57a2d4851a1d" relativeResultsDirectory="c52a2d38-af3f-438f-a26e-419cb2599218" />
    <UnitTestResult executionId="b7d79879-d99a-46c6-9e05-8f437f75f39b" testId="46adef52-4cfd-d414-dbe1-e192b6ee42da" testName="Cine.Tests.Services.ScreenshotServiceTests.SaveScreenshot_WithInvalidFormat_FallsBackToPng" computerName="PAVAL" duration="00:00:00.0003448" startTime="2026-06-19T11:15:10.2233418+05:30" endTime="2026-06-19T11:15:10.2233956+05:30" testType="13cdc9d9-ddb5-4fa4-a97d-d965ccfc6d4b" outcome="Passed" testListId="8c84fa94-04c1-424b-9868-57a2d4851a1d" relativeResultsDirectory="b7d79879-d99a-46c6-9e05-8f437f75f39b" />
    <UnitTestResult executionId="5a2526aa-fcd5-4223-8602-46b81442dc87" testId="3358ed19-9037-3677-e116-83795b7b824d" testName="Cine.Tests.Managers.AudioManagerTests.VolumeValue_ClampsToZero" computerName="PAVAL" duration="00:00:00.0003611" startTime="2026-06-19T11:15:10.7639240+05:30" endTime="2026-06-19T11:15:10.7641485+05:30" testType="13cdc9d9-ddb5-4fa4-a97d-d965ccfc6d4b" outcome="Passed" testListId="8c84fa94-04c1-424b-9868-57a2d4851a1d" relativeResultsDirectory="5a2526aa-fcd5-4223-8602-46b81442dc87" />
    <UnitTestResult executionId="879a92f4-804f-44f4-9d82-4209b39fd4be" testId="79c90196-875d-49bc-6350-cc5629aed57c" testName="Cine.Tests.Services.PlaylistCoordinatorTests.AddRange_AddsMultipleItems" computerName="PAVAL" duration="00:00:00.0002238" startTime="2026-06-19T11:15:10.6769116+05:30" endTime="2026-06-19T11:15:10.6769747+05:30" testType="13cdc9d9-ddb5-4fa4-a97d-d965ccfc6d4b" outcome="Passed" testListId="8c84fa94-04c1-424b-9868-57a2d4851a1d" relativeResultsDirectory="879a92f4-804f-44f4-9d82-4209b39fd4be" />
    <UnitTestResult executionId="bc3626c2-d3e8-4e8e-a42b-5838bf4eedf6" testId="9fff6a39-2e7d-921e-d01c-a1f7457ba3be" testName="Cine.Tests.Services.PlaylistCoordinatorTests.ClearPersistence_RemovesSavedData" computerName="PAVAL" duration="00:00:00.0408985" startTime="2026-06-19T11:15:10.6037287+05:30" endTime="2026-06-19T11:15:10.6445487+05:30" testType="13cdc9d9-ddb5-4fa4-a97d-d965ccfc6d4b" outcome="Passed" testListId="8c84fa94-04c1-424b-9868-57a2d4851a1d" relativeResultsDirectory="bc3626c2-d3e8-4e8e-a42b-5838bf4eedf6" />
    <UnitTestResult executionId="f8aac678-ba15-4e3c-a912-92be41e88111" testId="9538a506-b699-2ce5-3ca2-74cf1c2cd256" testName="Cine.Tests.Managers.AudioManagerTests.IsMuted_FiresPropertyChanged" computerName="PAVAL" duration="00:00:00.0008319" startTime="2026-06-19T11:15:10.7614150+05:30" endTime="2026-06-19T11:15:10.7622792+05:30" testType="13cdc9d9-ddb5-4fa4-a97d-d965ccfc6d4b" outcome="Passed" testListId="8c84fa94-04c1-424b-9868-57a2d4851a1d" relativeResultsDirectory="f8aac678-ba15-4e3c-a912-92be41e88111" />
    <UnitTestResult executionId="870ccc23-9228-4a57-a8e3-211e0011b614" testId="d08a747c-cb0f-6fbb-55e2-3823523d99ef" testName="Cine.Tests.Services.ScreenshotServiceTests.SaveScreenshot_WithoutLeadingDot_NormalizesFormat" computerName="PAVAL" duration="00:00:00.0004123" startTime="2026-06-19T11:15:10.2213603+05:30" endTime="2026-06-19T11:15:10.2216019+05:30" testType="13cdc9d9-ddb5-4fa4-a97d-d965ccfc6d4b" outcome="Passed" testListId="8c84fa94-04c1-424b-9868-57a2d4851a1d" relativeResultsDirectory="870ccc23-9228-4a57-a8e3-211e0011b614" />
    <UnitTestResult executionId="b4f7f6ee-ce66-4cb8-a1fa-85e4bec876a8" testId="729d056c-3fdb-4d25-1c2a-598f04b48f5b" testName="Cine.Tests.Managers.SubtitleManagerTests.CycleSubtitleTrackForward_WithNoTracks_DoesNotThrow" computerName="PAVAL" duration="00:00:00.0009004" startTime="2026-06-19T11:15:10.7622343+05:30" endTime="2026-06-19T11:15:10.7642313+05:30" testType="13cdc9d9-ddb5-4fa4-a97d-d965ccfc6d4b" outcome="Passed" testListId="8c84fa94-04c1-424b-9868-57a2d4851a1d" relativeResultsDirectory="b4f7f6ee-ce66-4cb8-a1fa-85e4bec876a8" />
    <UnitTestResult executionId="b3cdcdd8-555e-49cd-9ef7-44c3ddbac6d4" testId="78d3ed60-4f0c-a720-9a2e-26b60d427333" testName="Cine.Tests.Managers.VideoManagerTests.ResetRotation_SendsCommand" computerName="PAVAL" duration="00:00:00.0002046" startTime="2026-06-19T11:15:10.7536102+05:30" endTime="2026-06-19T11:15:10.7547574+05:30" testType="13cdc9d9-ddb5-4fa4-a97d-d965ccfc6d4b" outcome="Passed" testListId="8c84fa94-04c1-424b-9868-57a2d4851a1d" relativeResultsDirectory="b3cdcdd8-555e-49cd-9ef7-44c3ddbac6d4" />
    <UnitTestResult executionId="8b51a7df-570d-4b83-86e4-11e639bee25a" testId="66447b43-2c8b-ddf2-f691-8610737af7b0" testName="Cine.Tests.Services.ScreenshotServiceTests.SaveScreenshot_WithNullFormat_DefaultsToPng" computerName="PAVAL" duration="00:00:00.0005834" startTime="2026-06-19T11:15:10.2207992+05:30" endTime="2026-06-19T11:15:10.2210995+05:30" testType="13cdc9d9-ddb5-4fa4-a97d-d965ccfc6d4b" outcome="Passed" testListId="8c84fa94-04c1-424b-9868-57a2d4851a1d" relativeResultsDirectory="8b51a7df-570d-4b83-86e4-11e639bee25a" />
    <UnitTestResult executionId="524334d5-072d-4c17-9f4a-6fd0679679f1" testId="b4dd533a-8efe-df09-325c-3dce2d1ef4af" testName="Cine.Tests.Services.ScreenshotServiceTests.SaveScreenshot_CallsTakeScreenshotAction" computerName="PAVAL" duration="00:00:00.4619698" startTime="2026-06-19T11:15:09.7498102+05:30" endTime="2026-06-19T11:15:10.2189557+05:30" testType="13cdc9d9-ddb5-4fa4-a97d-d965ccfc6d4b" outcome="Passed" testListId="8c84fa94-04c1-424b-9868-57a2d4851a1d" relativeResultsDirectory="524334d5-072d-4c17-9f4a-6fd0679679f1" />
    <UnitTestResult executionId="93cb43c0-f3dd-41f0-a577-6cbcfc0a3db5" testId="5b4b28ab-4706-b90c-51c8-86cc75660f63" testName="Cine.Tests.ViewModels.MainViewModelTests.SpeedValue_SetsPlayerSpeed" computerName="PAVAL" duration="00:00:00.0018697" startTime="2026-06-19T11:15:10.7728017+05:30" endTime="2026-06-19T11:15:10.7728702+05:30" testType="13cdc9d9-ddb5-4fa4-a97d-d965ccfc6d4b" outcome="Passed" testListId="8c84fa94-04c1-424b-9868-57a2d4851a1d" relativeResultsDirectory="93cb43c0-f3dd-41f0-a577-6cbcfc0a3db5" />
    <UnitTestResult executionId="2e0d87dc-b748-498c-a590-133735158680" testId="d681d334-0210-1f6f-a57f-8304354be6c5" testName="Cine.Tests.Services.ScreenshotServiceTests.SaveScreenshot_WithValidFormat_UsesFormat" computerName="PAVAL" duration="00:00:00.0013447" startTime="2026-06-19T11:15:10.2192140+05:30" endTime="2026-06-19T11:15:10.2204156+05:30" testType="13cdc9d9-ddb5-4fa4-a97d-d965ccfc6d4b" outcome="Passed" testListId="8c84fa94-04c1-424b-9868-57a2d4851a1d" relativeResultsDirectory="2e0d87dc-b748-498c-a590-133735158680" />
    <UnitTestResult executionId="9a414580-ee0a-4283-9ffe-ccf9868ee335" testId="7cfc38b1-77de-49f8-0ed2-b00ef8ae469a" testName="Cine.Tests.Services.ErrorBoundaryTests.Run_AsyncAction_ExecutesSuccessfully" computerName="PAVAL" duration="00:00:00.1059294" startTime="2026-06-19T11:15:10.2325811+05:30" endTime="2026-06-19T11:15:10.3367899+05:30" testType="13cdc9d9-ddb5-4fa4-a97d-d965ccfc6d4b" outcome="Passed" testListId="8c84fa94-04c1-424b-9868-57a2d4851a1d" relativeResultsDirectory="9a414580-ee0a-4283-9ffe-ccf9868ee335" />
    <UnitTestResult executionId="c6d85e3a-36d1-4caa-868d-b2f32ef890d5" testId="a8ad67de-46e2-d99d-642a-bb992e5b876a" testName="Cine.Tests.Managers.VideoManagerTests.RefreshVideoTracks_EmptySources_ShowsNoTracks" computerName="PAVAL" duration="00:00:00.0002847" startTime="2026-06-19T11:15:10.7549353+05:30" endTime="2026-06-19T11:15:10.7551791+05:30" testType="13cdc9d9-ddb5-4fa4-a97d-d965ccfc6d4b" outcome="Passed" testListId="8c84fa94-04c1-424b-9868-57a2d4851a1d" relativeResultsDirectory="c6d85e3a-36d1-4caa-868d-b2f32ef890d5" />
    <UnitTestResult executionId="862ba4a5-d432-4271-a258-4047e0266de8" testId="b0c265f1-25ce-e99b-a1f8-bcefb0f877d3" testName="Cine.Tests.Managers.PlaybackStateManagerTests.Dispose_MultipleCalls_DoesNotThrow" computerName="PAVAL" duration="00:00:00.9712269" startTime="2026-06-19T11:15:09.7515733+05:30" endTime="2026-06-19T11:15:10.7252129+05:30" testType="13cdc9d9-ddb5-4fa4-a97d-d965ccfc6d4b" outcome="Passed" testListId="8c84fa94-04c1-424b-9868-57a2d4851a1d" relativeResultsDirectory="862ba4a5-d432-4271-a258-4047e0266de8" />
    <UnitTestResult executionId="3d982140-c61c-4c16-87de-a14b9a07ca3e" testId="35d522fa-7052-7440-20a7-f8c312f7f4da" testName="Cine.Tests.Managers.SubtitleManagerTests.Dispose_UnsubscribesFromPlayerEvents" computerName="PAVAL" duration="00:00:00.0054624" startTime="2026-06-19T11:15:10.7217032+05:30" endTime="2026-06-19T11:15:10.7258156+05:30" testType="13cdc9d9-ddb5-4fa4-a97d-d965ccfc6d4b" outcome="Passed" testListId="8c84fa94-04c1-424b-9868-57a2d4851a1d" relativeResultsDirectory="3d982140-c61c-4c16-87de-a14b9a07ca3e" />
    <UnitTestResult executionId="4f855a09-5438-47ab-9616-d0b0a0d10a8a" testId="a659dfdb-ea64-28c1-e2ea-3b66941a131b" testName="Cine.Tests.Managers.VideoManagerTests.ZoomValue_SetsPlayerZoom" computerName="PAVAL" duration="00:00:00.0002052" startTime="2026-06-19T11:15:10.7553128+05:30" endTime="2026-06-19T11:15:10.7553664+05:30" testType="13cdc9d9-ddb5-4fa4-a97d-d965ccfc6d4b" outcome="Passed" testListId="8c84fa94-04c1-424b-9868-57a2d4851a1d" relativeResultsDirectory="4f855a09-5438-47ab-9616-d0b0a0d10a8a" />
    <UnitTestResult executionId="2dde08df-f54a-4602-bb14-acf430c8663b" testId="1baf2d48-bd57-983c-ab78-df0c7b467140" testName="Cine.Tests.Services.ErrorBoundaryTests.TryAsync_Success_ReturnsOk" computerName="PAVAL" duration="00:00:00.4619771" startTime="2026-06-19T11:15:09.7515249+05:30" endTime="2026-06-19T11:15:10.2270024+05:30" testType="13cdc9d9-ddb5-4fa4-a97d-d965ccfc6d4b" outcome="Passed" testListId="8c84fa94-04c1-424b-9868-57a2d4851a1d" relativeResultsDirectory="2dde08df-f54a-4602-bb14-acf430c8663b" />
    <UnitTestResult executionId="3343e510-7a45-4a53-9406-f2746c463e13" testId="991cb2fc-4b19-02ec-ecf6-845985435a6e" testName="Cine.Tests.Managers.PlaylistSettingsStoreTests.SaveAndLoad_EmptyList" computerName="PAVAL" duration="00:00:00.0118307" startTime="2026-06-19T11:15:10.6800509+05:30" endTime="2026-06-19T11:15:10.6905167+05:30" testType="13cdc9d9-ddb5-4fa4-a97d-d965ccfc6d4b" outcome="Passed" testListId="8c84fa94-04c1-424b-9868-57a2d4851a1d" relativeResultsDirectory="3343e510-7a45-4a53-9406-f2746c463e13" />
    <UnitTestResult executionId="8a8f49f0-32fb-43f7-a248-a723125fcfe3" testId="6507a0b2-551e-7bbd-b6b9-7e21d13973af" testName="Cine.Tests.Managers.PlaylistSettingsStoreTests.SaveAndLoad_ClampsNegativePosition" computerName="PAVAL" duration="00:00:00.0104342" startTime="2026-06-19T11:15:10.6693371+05:30" endTime="2026-06-19T11:15:10.6786239+05:30" testType="13cdc9d9-ddb5-4fa4-a97d-d965ccfc6d4b" outcome="Passed" testListId="8c84fa94-04c1-424b-9868-57a2d4851a1d" relativeResultsDirectory="8a8f49f0-32fb-43f7-a248-a723125fcfe3" />
    <UnitTestResult executionId="0a3ab12d-1016-47d2-9e0a-ebc62c544412" testId="b31cac09-1c57-08ca-9a35-b281c58c87a6" testName="Cine.Tests.Managers.VideoManagerTests.Dispose_MultipleCalls_DoesNotThrow" computerName="PAVAL" duration="00:00:00.0003189" startTime="2026-06-19T11:15:10.7528900+05:30" endTime="2026-06-19T11:15:10.7532375+05:30" testType="13cdc9d9-ddb5-4fa4-a97d-d965ccfc6d4b" outcome="Passed" testListId="8c84fa94-04c1-424b-9868-57a2d4851a1d" relativeResultsDirectory="0a3ab12d-1016-47d2-9e0a-ebc62c544412" />
    <UnitTestResult executionId="51773d71-3b2f-4f12-8885-346c58256ed0" testId="a48a784d-4508-6e59-9382-554535de7c40" testName="Cine.Tests.Services.PlaylistCoordinatorTests.Clear_RemovesAllItems" computerName="PAVAL" duration="00:00:00.4362352" startTime="2026-06-19T11:15:10.2109128+05:30" endTime="2026-06-19T11:15:10.5997818+05:30" testType="13cdc9d9-ddb5-4fa4-a97d-d965ccfc6d4b" outcome="Passed" testListId="8c84fa94-04c1-424b-9868-57a2d4851a1d" relativeResultsDirectory="51773d71-3b2f-4f12-8885-346c58256ed0" />
    <UnitTestResult executionId="bb1dc521-0c8e-4e23-9b48-e66c2d411620" testId="b64bac62-d622-509e-0840-5ddf5f825d8d" testName="Cine.Tests.Managers.PlaybackStateManagerTests.UpdatePosition_UpdatesProperties" computerName="PAVAL" duration="00:00:00.0013758" startTime="2026-06-19T11:15:10.7437168+05:30" endTime="2026-06-19T11:15:10.7444237+05:30" testType="13cdc9d9-ddb5-4fa4-a97d-d965ccfc6d4b" outcome="Passed" testListId="8c84fa94-04c1-424b-9868-57a2d4851a1d" relativeResultsDirectory="bb1dc521-0c8e-4e23-9b48-e66c2d411620" />
    <UnitTestResult executionId="82d61a69-a396-4217-8d47-3f17922ab7b0" testId="b597f9e0-d3e0-123c-5f63-9b9330594968" testName="Cine.Tests.Services.ErrorBoundaryTests.TryAsync_Failure_ReturnsFail" computerName="PAVAL" duration="00:00:00.0033758" startTime="2026-06-19T11:15:10.8416190+05:30" endTime="2026-06-19T11:15:10.8452153+05:30" testType="13cdc9d9-ddb5-4fa4-a97d-d965ccfc6d4b" outcome="Passed" testListId="8c84fa94-04c1-424b-9868-57a2d4851a1d" relativeResultsDirectory="82d61a69-a396-4217-8d47-3f17922ab7b0" />
    <UnitTestResult executionId="1427a500-edb3-4ef8-8f10-32314e8ec794" testId="d269ab98-07d4-f64a-ee31-cd3e6af67058" testName="Cine.Tests.ViewModels.MainViewModelTests.State_SetsIsPlayingAndIsPaused" computerName="PAVAL" duration="00:00:00.0010954" startTime="2026-06-19T11:15:10.7838784+05:30" endTime="2026-06-19T11:15:10.7879630+05:30" testType="13cdc9d9-ddb5-4fa4-a97d-d965ccfc6d4b" outcome="Passed" testListId="8c84fa94-04c1-424b-9868-57a2d4851a1d" relativeResultsDirectory="1427a500-edb3-4ef8-8f10-32314e8ec794" />
    <UnitTestResult executionId="3fe0c054-1975-430a-800f-8a8ef8d437cf" testId="e50cefc6-c527-dd4e-a8a0-fab2cbd1d653" testName="Cine.Tests.ViewModels.MainViewModelTests.IsDialogueBoostEnabled_DelegatesToAudioManager" computerName="PAVAL" duration="00:00:00.0011061" startTime="2026-06-19T11:15:10.7908446+05:30" endTime="2026-06-19T11:15:10.7918241+05:30" testType="13cdc9d9-ddb5-4fa4-a97d-d965ccfc6d4b" outcome="Passed" testListId="8c84fa94-04c1-424b-9868-57a2d4851a1d" relativeResultsDirectory="3fe0c054-1975-430a-800f-8a8ef8d437cf" />
    <UnitTestResult executionId="ae21d1d8-6e2e-4536-b763-1a58377bfc90" testId="b8bbeb29-c541-0420-ea3d-180828909672" testName="Cine.Tests.Managers.SubtitleManagerTests.IsSubtitleEnabled_SetsPlayerVisibility" computerName="PAVAL" duration="00:00:00.0005223" startTime="2026-06-19T11:15:10.7436921+05:30" endTime="2026-06-19T11:15:10.7441059+05:30" testType="13cdc9d9-ddb5-4fa4-a97d-d965ccfc6d4b" outcome="Passed" testListId="8c84fa94-04c1-424b-9868-57a2d4851a1d" relativeResultsDirectory="ae21d1d8-6e2e-4536-b763-1a58377bfc90" />
    <UnitTestResult executionId="9bd496b2-3303-4e92-be00-36f796921f34" testId="2ccf6bb6-609a-fc58-b93e-081dfc6ba73f" testName="Cine.Tests.Managers.PlaylistSettingsStoreTests.SaveAndLoad_Roundtrip" computerName="PAVAL" duration="00:00:00.9081761" startTime="2026-06-19T11:15:09.7515578+05:30" endTime="2026-06-19T11:15:10.6659146+05:30" testType="13cdc9d9-ddb5-4fa4-a97d-d965ccfc6d4b" outcome="Passed" testListId="8c84fa94-04c1-424b-9868-57a2d4851a1d" relativeResultsDirectory="9bd496b2-3303-4e92-be00-36f796921f34" />
    <UnitTestResult executionId="adefebfd-96b8-4555-a7d7-ad95f069b2be" testId="0696a081-cbe0-96fd-acd2-5d9881e8db76" testName="Cine.Tests.Services.PlaylistCoordinatorTests.RemoveAt_RemovesItem" computerName="PAVAL" duration="00:00:00.0004885" startTime="2026-06-19T11:15:10.6632823+05:30" endTime="2026-06-19T11:15:10.6633534+05:30" testType="13cdc9d9-ddb5-4fa4-a97d-d965ccfc6d4b" outcome="Passed" testListId="8c84fa94-04c1-424b-9868-57a2d4851a1d" relativeResultsDirectory="adefebfd-96b8-4555-a7d7-ad95f069b2be" />
    <UnitTestResult executionId="bf82334e-27e9-4c5d-bb63-1f25b7587179" testId="c1b020a1-1a14-7738-8a29-3fd917ae0a16" testName="Cine.Tests.Managers.AudioManagerTests.ResetAudioDelay_SetsToZero" computerName="PAVAL" duration="00:00:00.0006485" startTime="2026-06-19T11:15:10.7470855+05:30" endTime="2026-06-19T11:15:10.7471599+05:30" testType="13cdc9d9-ddb5-4fa4-a97d-d965ccfc6d4b" outcome="Passed" testListId="8c84fa94-04c1-424b-9868-57a2d4851a1d" relativeResultsDirectory="bf82334e-27e9-4c5d-bb63-1f25b7587179" />
    <UnitTestResult executionId="05633857-48b5-4399-af81-9f4ff1e9fc40" testId="0218372a-4cef-8d86-7089-45d359ad9b33" testName="Cine.Tests.ViewModels.MainViewModelTests.Volume_ReflectsVolumeValue" computerName="PAVAL" duration="00:00:00.0007557" startTime="2026-06-19T11:15:10.7952168+05:30" endTime="2026-06-19T11:15:10.7958516+05:30" testType="13cdc9d9-ddb5-4fa4-a97d-d965ccfc6d4b" outcome="Passed" testListId="8c84fa94-04c1-424b-9868-57a2d4851a1d" relativeResultsDirectory="05633857-48b5-4399-af81-9f4ff1e9fc40" />
    <UnitTestResult executionId="f494758a-62a1-428d-8f4c-85241cc0c7f5" testId="92598826-b988-b9de-18a3-7bd795519014" testName="Cine.Tests.Managers.SubtitleManagerTests.SubtitleColor_SetsPlayerColor" computerName="PAVAL" duration="00:00:00.0003693" startTime="2026-06-19T11:15:10.7686179+05:30" endTime="2026-06-19T11:15:10.7687485+05:30" testType="13cdc9d9-ddb5-4fa4-a97d-d965ccfc6d4b" outcome="Passed" testListId="8c84fa94-04c1-424b-9868-57a2d4851a1d" relativeResultsDirectory="f494758a-62a1-428d-8f4c-85241cc0c7f5" />
    <UnitTestResult executionId="aa94ebb6-40eb-4adf-940d-2cbe78be88f6" testId="905ae1d1-2d49-ba5a-2a86-6a38af50347d" testName="Cine.Tests.Managers.AudioManagerTests.ResetAllAudio_ResetsVolumeAndMute" computerName="PAVAL" duration="00:00:00.0031292" startTime="2026-06-19T11:15:10.7426735+05:30" endTime="2026-06-19T11:15:10.7462118+05:30" testType="13cdc9d9-ddb5-4fa4-a97d-d965ccfc6d4b" outcome="Passed" testListId="8c84fa94-04c1-424b-9868-57a2d4851a1d" relativeResultsDirectory="aa94ebb6-40eb-4adf-940d-2cbe78be88f6" />
    <UnitTestResult executionId="f42a9fa9-8402-41ef-a39c-2150c5f3eba8" testId="c5ecdfa9-9c17-71ac-fe39-a2dfb7ad90a5" testName="Cine.Tests.ViewModels.MainViewModelTests.RotateLeft_SendsCommand" computerName="PAVAL" duration="00:00:00.0009360" startTime="2026-06-19T11:15:10.7782636+05:30" endTime="2026-06-19T11:15:10.7790699+05:30" testType="13cdc9d9-ddb5-4fa4-a97d-d965ccfc6d4b" outcome="Passed" testListId="8c84fa94-04c1-424b-9868-57a2d4851a1d" relativeResultsDirectory="f42a9fa9-8402-41ef-a39c-2150c5f3eba8" />
    <UnitTestResult executionId="d5fa6d9f-5dd5-4d6d-9d6b-4aa799127372" testId="4899ec9c-3251-baf0-9ea7-911d5c7eafa0" testName="Cine.Tests.Managers.SubtitleManagerTests.IsSubtitleEnabled_FiresPropertyChanged" computerName="PAVAL" duration="00:00:00.9662910" startTime="2026-06-19T11:15:09.7516052+05:30" endTime="2026-06-19T11:15:10.7202655+05:30" testType="13cdc9d9-ddb5-4fa4-a97d-d965ccfc6d4b" outcome="Passed" testListId="8c84fa94-04c1-424b-9868-57a2d4851a1d" relativeResultsDirectory="d5fa6d9f-5dd5-4d6d-9d6b-4aa799127372" />
    <UnitTestResult executionId="b6b6b4d1-0235-4477-af9c-5a9d6e7c2955" testId="dbf94b8b-b221-4f6a-acf4-80a41754327f" testName="Cine.Tests.Managers.PlaybackStateManagerTests.OnPlaybackStateChanged_Paused_SetsState" computerName="PAVAL" duration="00:00:00.0009177" startTime="2026-06-19T11:15:10.7262875+05:30" endTime="2026-06-19T11:15:10.7269469+05:30" testType="13cdc9d9-ddb5-4fa4-a97d-d965ccfc6d4b" outcome="Passed" testListId="8c84fa94-04c1-424b-9868-57a2d4851a1d" relativeResultsDirectory="b6b6b4d1-0235-4477-af9c-5a9d6e7c2955" />
    <UnitTestResult executionId="eb0f53e2-4fd9-4ded-a2a0-fcae2f398f44" testId="7c30d62f-3b5f-4858-1918-f7e715e45bed" testName="Cine.Tests.Managers.PlaybackStateManagerTests.OnPlaybackStateChanged_Stopped_SetsState" computerName="PAVAL" duration="00:00:00.0004318" startTime="2026-06-19T11:15:10.7526775+05:30" endTime="2026-06-19T11:15:10.7529378+05:30" testType="13cdc9d9-ddb5-4fa4-a97d-d965ccfc6d4b" outcome="Passed" testListId="8c84fa94-04c1-424b-9868-57a2d4851a1d" relativeResultsDirectory="eb0f53e2-4fd9-4ded-a2a0-fcae2f398f44" />
    <UnitTestResult executionId="76630ade-99ff-4f8c-aab3-c6b7f05e9627" testId="82349656-9baa-5506-983a-34823f7a02a4" testName="Cine.Tests.Managers.PlaybackStateManagerTests.OnPlaybackStateChanged_StoppedWhenLoaded_SetsReplayMode" computerName="PAVAL" duration="00:00:00.0009358" startTime="2026-06-19T11:15:10.7572696+05:30" endTime="2026-06-19T11:15:10.7573990+05:30" testType="13cdc9d9-ddb5-4fa4-a97d-d965ccfc6d4b" outcome="Passed" testListId="8c84fa94-04c1-424b-9868-57a2d4851a1d" relativeResultsDirectory="76630ade-99ff-4f8c-aab3-c6b7f05e9627" />
    <UnitTestResult executionId="38db9e5a-2472-4b01-b21a-7aeb9e9fe2f1" testId="bbf91694-063e-8f87-5b34-7930bb06156d" testName="Cine.Tests.Managers.AudioManagerTests.OnPlayerVolumeChanged_UpdatesVolume" computerName="PAVAL" duration="00:00:00.0007427" startTime="2026-06-19T11:15:10.7661530+05:30" endTime="2026-06-19T11:15:10.7666290+05:30" testType="13cdc9d9-ddb5-4fa4-a97d-d965ccfc6d4b" outcome="Passed" testListId="8c84fa94-04c1-424b-9868-57a2d4851a1d" relativeResultsDirectory="38db9e5a-2472-4b01-b21a-7aeb9e9fe2f1" />
    <UnitTestResult executionId="eb056eae-0f0f-49d0-b44f-9798dd9652a8" testId="7ea1ea23-7b76-5980-6b0b-8b4cdb74fa72" testName="Cine.Tests.Managers.SubtitleManagerTests.OnSubtitlePropertyChanged_SubVisibility_UpdatesEnabled" computerName="PAVAL" duration="00:00:00.0003992" startTime="2026-06-19T11:15:10.7665620+05:30" endTime="2026-06-19T11:15:10.7668484+05:30" testType="13cdc9d9-ddb5-4fa4-a97d-d965ccfc6d4b" outcome="Passed" testListId="8c84fa94-04c1-424b-9868-57a2d4851a1d" relativeResultsDirectory="eb056eae-0f0f-49d0-b44f-9798dd9652a8" />
    <UnitTestResult executionId="4585fa12-0f7b-46d4-b635-43da8ccee365" testId="7c4f4980-98be-145c-30d1-dc10f850425d" testName="Cine.Tests.ViewModels.MainViewModelTests.Constructor_InitializesDefaults" computerName="PAVAL" duration="00:00:00.0032164" startTime="2026-06-19T11:15:10.7751958+05:30" endTime="2026-06-19T11:15:10.7767810+05:30" testType="13cdc9d9-ddb5-4fa4-a97d-d965ccfc6d4b" outcome="Passed" testListId="8c84fa94-04c1-424b-9868-57a2d4851a1d" relativeResultsDirectory="4585fa12-0f7b-46d4-b635-43da8ccee365" />
    <UnitTestResult executionId="02378d6a-b75e-47bc-b3b1-97611a6dd59b" testId="c2f1d206-6f4a-485d-a072-7d2a59e91c1e" testName="Cine.Tests.Services.ScreenshotServiceTests.SaveScreenshot_ReturnsPath" computerName="PAVAL" duration="00:00:00.0004437" startTime="2026-06-19T11:15:10.2217585+05:30" endTime="2026-06-19T11:15:10.2231497+05:30" testType="13cdc9d9-ddb5-4fa4-a97d-d965ccfc6d4b" outcome="Passed" testListId="8c84fa94-04c1-424b-9868-57a2d4851a1d" relativeResultsDirectory="02378d6a-b75e-47bc-b3b1-97611a6dd59b" />
    <UnitTestResult executionId="790ff4c5-d20f-4b40-8f84-018e56655e7b" testId="bc7e2ab9-2c9c-af08-0e30-71f4cde1f241" testName="Cine.Tests.Managers.SubtitleManagerTests.OnSubtitlePropertyChanged_Sid_UpdatesTrackId" computerName="PAVAL" duration="00:00:00.0026775" startTime="2026-06-19T11:15:10.7558179+05:30" endTime="2026-06-19T11:15:10.7588663+05:30" testType="13cdc9d9-ddb5-4fa4-a97d-d965ccfc6d4b" outcome="Passed" testListId="8c84fa94-04c1-424b-9868-57a2d4851a1d" relativeResultsDirectory="790ff4c5-d20f-4b40-8f84-018e56655e7b" />
    <UnitTestResult executionId="ff8befac-a6a8-4865-9ba2-50b18a06e8cb" testId="e47bee06-adda-6499-56c4-3b3fa4ccbbde" testName="Cine.Tests.Services.PlaylistCoordinatorTests.CurrentPath_WhenEmpty_ReturnsNull" computerName="PAVAL" duration="00:00:00.0004771" startTime="2026-06-19T11:15:10.2097447+05:30" endTime="2026-06-19T11:15:10.2098709+05:30" testType="13cdc9d9-ddb5-4fa4-a97d-d965ccfc6d4b" outcome="Passed" testListId="8c84fa94-04c1-424b-9868-57a2d4851a1d" relativeResultsDirectory="ff8befac-a6a8-4865-9ba2-50b18a06e8cb" />
    <UnitTestResult executionId="4e32f597-53f6-47aa-8a49-28794be62c89" testId="b663eff2-902c-018d-aef7-dc20c1fa3a9f" testName="Cine.Tests.Managers.AudioManagerTests.VolumeValue_ClampsToVolumeMax" computerName="PAVAL" duration="00:00:00.0002911" startTime="2026-06-19T11:15:10.7721289+05:30" endTime="2026-06-19T11:15:10.7721909+05:30" testType="13cdc9d9-ddb5-4fa4-a97d-d965ccfc6d4b" outcome="Passed" testListId="8c84fa94-04c1-424b-9868-57a2d4851a1d" relativeResultsDirectory="4e32f597-53f6-47aa-8a49-28794be62c89" />
    <UnitTestResult executionId="3edd1854-3a86-49c4-8ca3-ed146f5b6fd8" testId="b0a1d464-1304-15e3-01f2-39e74f1bbc8f" testName="Cine.Tests.Managers.PlaybackStateManagerTests.Constructor_InitializesDefaults" computerName="PAVAL" duration="00:00:00.0027494" startTime="2026-06-19T11:15:10.7467983+05:30" endTime="2026-06-19T11:15:10.7507009+05:30" testType="13cdc9d9-ddb5-4fa4-a97d-d965ccfc6d4b" outcome="Passed" testListId="8c84fa94-04c1-424b-9868-57a2d4851a1d" relativeResultsDirectory="3edd1854-3a86-49c4-8ca3-ed146f5b6fd8" />
    <UnitTestResult executionId="4b93ca34-5d99-4be8-8144-c1bd5a75192c" testId="8161ca6d-0088-0fbe-b1e8-4ccae5b47b72" testName="Cine.Tests.Services.PlaylistCoordinatorTests.GetPreviousIndex_GoesBack" computerName="PAVAL" duration="00:00:00.0002789" startTime="2026-06-19T11:15:10.6771943+05:30" endTime="2026-06-19T11:15:10.6773728+05:30" testType="13cdc9d9-ddb5-4fa4-a97d-d965ccfc6d4b" outcome="Passed" testListId="8c84fa94-04c1-424b-9868-57a2d4851a1d" relativeResultsDirectory="4b93ca34-5d99-4be8-8144-c1bd5a75192c" />
    <UnitTestResult executionId="a4d477a8-470f-4f12-860d-8551b5816661" testId="ee511e79-8a95-16f7-4121-7ea80d3125d8" testName="Cine.Tests.Managers.VideoManagerTests.ZoomValue_FiresPropertyChanged" computerName="PAVAL" duration="00:00:00.0006068" startTime="2026-06-19T11:15:10.7533370+05:30" endTime="2026-06-19T11:15:10.7534292+05:30" testType="13cdc9d9-ddb5-4fa4-a97d-d965ccfc6d4b" outcome="Passed" testListId="8c84fa94-04c1-424b-9868-57a2d4851a1d" relativeResultsDirectory="a4d477a8-470f-4f12-860d-8551b5816661" />
    <UnitTestResult executionId="855f0d28-b9e1-42f0-9219-900dc13434d2" testId="97e50133-c362-8a4d-8713-4c9211a9875d" testName="Cine.Tests.Managers.AudioManagerTests.SetEqualizerBand_ClampsAndApplies" computerName="PAVAL" duration="00:00:00.9764443" startTime="2026-06-19T11:15:09.7515062+05:30" endTime="2026-06-19T11:15:10.7304378+05:30" testType="13cdc9d9-ddb5-4fa4-a97d-d965ccfc6d4b" outcome="Passed" testListId="8c84fa94-04c1-424b-9868-57a2d4851a1d" relativeResultsDirectory="855f0d28-b9e1-42f0-9219-900dc13434d2" />
    <UnitTestResult executionId="bf523210-ca62-4935-88fc-80ca089a3780" testId="b95f8994-0bda-f1f4-ca00-cc174fcb9a1c" testName="Cine.Tests.Services.PlaylistCoordinatorTests.RemoveAt_AdjustsCurrentIndex" computerName="PAVAL" duration="00:00:00.0005388" startTime="2026-06-19T11:15:10.6598937+05:30" endTime="2026-06-19T11:15:10.6601692+05:30" testType="13cdc9d9-ddb5-4fa4-a97d-d965ccfc6d4b" outcome="Passed" testListId="8c84fa94-04c1-424b-9868-57a2d4851a1d" relativeResultsDirectory="bf523210-ca62-4935-88fc-80ca089a3780" />
[...]
    <TestEntry testId="970a5b98-a064-260d-f1ca-7ef3774f7176" executionId="605cbc08-d3d8-4750-a542-11559385c9a6" testListId="8c84fa94-04c1-424b-9868-57a2d4851a1d" />
    <TestEntry testId="2407b216-3528-374a-bed9-3cd2bf071349" executionId="ae6c50f6-3c66-4251-ae60-36fe81380f34" testListId="8c84fa94-04c1-424b-9868-57a2d4851a1d" />
    <TestEntry testId="b7c5eeeb-3a13-bd9a-0697-9724d1e889b9" executionId="38f16570-be14-4d09-9342-92db7b60d418" testListId="8c84fa94-04c1-424b-9868-57a2d4851a1d" />
    <TestEntry testId="c9728369-ab51-6100-a546-1970c1baccbb" executionId="61631741-7462-4c0c-9968-97ecbcf99573" testListId="8c84fa94-04c1-424b-9868-57a2d4851a1d" />
    <TestEntry testId="97952306-12ff-c1de-53b0-2cc7a3392936" executionId="522a1c7d-14fb-4bb1-b04a-86c310871392" testListId="8c84fa94-04c1-424b-9868-57a2d4851a1d" />
    <TestEntry testId="986e2291-24f8-c6ed-30f6-436d2074e889" executionId="ea6c1c77-f82d-4f6e-8c74-e8f39bef7894" testListId="8c84fa94-04c1-424b-9868-57a2d4851a1d" />
    <TestEntry testId="eae283ea-883f-cef2-de4c-ec6cf036b484" executionId="bf1b4b8f-6d53-4c55-affa-d1f6682e9622" testListId="8c84fa94-04c1-424b-9868-57a2d4851a1d" />
    <TestEntry testId="44f800fb-a5a3-5258-981e-a5c654de21bf" executionId="9f9fd41d-6a06-44a6-950b-955b3ad66033" testListId="8c84fa94-04c1-424b-9868-57a2d4851a1d" />
    <TestEntry testId="cbc97baa-7d66-c05f-dd8b-8eb456c874b4" executionId="e8d296e1-a849-4843-b1b3-3840bedddd9d" testListId="8c84fa94-04c1-424b-9868-57a2d4851a1d" />
    <TestEntry testId="ffcc0ef8-e5a5-53bb-ab1d-c4be7249236d" executionId="4d3b1331-baf9-4c8b-95f4-285819d223ab" testListId="8c84fa94-04c1-424b-9868-57a2d4851a1d" />
    <TestEntry testId="4c7565b1-b395-7b87-30c3-605f51935772" executionId="adb9ee28-0dbe-4e26-be73-542c59d6d865" testListId="8c84fa94-04c1-424b-9868-57a2d4851a1d" />
    <TestEntry testId="54e03efa-315b-c65d-a454-c6c081482858" executionId="60c1df8e-3bc9-431c-9a4d-0dcb811290bc" testListId="8c84fa94-04c1-424b-9868-57a2d4851a1d" />
    <TestEntry testId="22427559-7472-2998-a514-4dfe1ee6d101" executionId="e9f57550-115c-4e9f-967d-d87d50b6eca6" testListId="8c84fa94-04c1-424b-9868-57a2d4851a1d" />
    <TestEntry testId="df4ab2c7-a582-4aec-4e93-2408ac69e8b8" executionId="c71a9caf-f510-4977-b3bd-b13500e95721" testListId="8c84fa94-04c1-424b-9868-57a2d4851a1d" />
    <TestEntry testId="98d9df9f-6fe9-bab2-e1f0-478a414e20ad" executionId="a9980027-15e9-401e-994f-55c36de9546a" testListId="8c84fa94-04c1-424b-9868-57a2d4851a1d" />
    <TestEntry testId="d5335438-03fe-2c8a-8e5f-e053613b2842" executionId="a26b01ad-fe92-4f70-a124-fd29030abfd3" testListId="8c84fa94-04c1-424b-9868-57a2d4851a1d" />
    <TestEntry testId="dc4a4c19-34d3-29ab-9db6-210abdedc2ad" executionId="688d564f-66ea-4aa4-93c0-b89aa53603df" testListId="8c84fa94-04c1-424b-9868-57a2d4851a1d" />
    <TestEntry testId="9aa678bd-a100-2691-a3ed-825ff799dc54" executionId="8db1baac-0934-41c5-b3a9-93f301f6d1ef" testListId="8c84fa94-04c1-424b-9868-57a2d4851a1d" />
    <TestEntry testId="b77b21d9-0701-7290-5ab4-96f55a757f2a" executionId="d7356158-e571-44e5-88d3-629d483a5f44" testListId="8c84fa94-04c1-424b-9868-57a2d4851a1d" />
    <TestEntry testId="2981481c-012c-e132-c84a-ee369b9933fe" executionId="0e1032f6-6f54-431d-b75d-488e62f639d3" testListId="8c84fa94-04c1-424b-9868-57a2d4851a1d" />
    <TestEntry testId="f7685f90-b1df-c2a1-aa3e-fa53182484ca" executionId="5b82e8a2-cbc8-4cae-b096-7a8068d1a825" testListId="8c84fa94-04c1-424b-9868-57a2d4851a1d" />
    <TestEntry testId="7b5291dd-9425-5d47-545f-55a80c82f4af" executionId="6b259ff3-89c3-40b2-8cdd-4a54700628ec" testListId="8c84fa94-04c1-424b-9868-57a2d4851a1d" />
    <TestEntry testId="8b46f75f-fafc-eb1b-de02-81b231b0bf67" executionId="c97196df-94a5-4f08-ab9c-f20586cd73f1" testListId="8c84fa94-04c1-424b-9868-57a2d4851a1d" />
    <TestEntry testId="ece46946-c987-5d44-6b57-130192a6d722" executionId="38f16815-6a62-4519-9c2e-75af6e0bb55a" testListId="8c84fa94-04c1-424b-9868-57a2d4851a1d" />
    <TestEntry testId="c472192f-26ed-3b26-35b1-a2c72846b170" executionId="32f75263-1025-4d98-906f-e46c1bec45dc" testListId="8c84fa94-04c1-424b-9868-57a2d4851a1d" />
    <TestEntry testId="02d9fff5-019b-3904-9186-1acaba1132db" executionId="b58e5331-01ed-4778-ae3c-6c6fba33b775" testListId="8c84fa94-04c1-424b-9868-57a2d4851a1d" />
    <TestEntry testId="52b1be4e-dab6-f72d-bda0-0d0c258176be" executionId="a1333903-6de2-46fe-aa09-258479d96477" testListId="8c84fa94-04c1-424b-9868-57a2d4851a1d" />
    <TestEntry testId="8a5a236a-1eaa-c6dc-1ee2-3d693dcb26f9" executionId="d082a88c-b2d8-4102-a589-d5756f9c5165" testListId="8c84fa94-04c1-424b-9868-57a2d4851a1d" />
    <TestEntry testId="867c19e2-8f28-f2c1-d22c-1894f3ebaa59" executionId="3c36a748-f0d0-4f1b-97e3-68957ec1b879" testListId="8c84fa94-04c1-424b-9868-57a2d4851a1d" />
    <TestEntry testId="d7ded34b-a1fa-1697-c572-4a7fd7f09d11" executionId="33f52748-4d54-4d75-9e4a-6f5af5454211" testListId="8c84fa94-04c1-424b-9868-57a2d4851a1d" />
    <TestEntry testId="427e94d1-28fd-5a45-89d8-efec8c7f6389" executionId="ea716de9-5745-4859-b9a9-c9b0a0e67ecc" testListId="8c84fa94-04c1-424b-9868-57a2d4851a1d" />
    <TestEntry testId="b37111a1-f25d-2bad-195d-6b5ca61094d2" executionId="8f453de6-6c2e-4a7d-950e-1bd88f33d9ca" testListId="8c84fa94-04c1-424b-9868-57a2d4851a1d" />
    <TestEntry testId="9366748d-2d06-7d11-8572-59b55f3898fb" executionId="b6bfbb7d-cb1c-45f6-b6b4-d23b5c7af4d8" testListId="8c84fa94-04c1-424b-9868-57a2d4851a1d" />
    <TestEntry testId="695e3598-0b7f-eb0b-df88-7663f59873af" executionId="48bda85d-cab6-4741-ba01-c83cd26f9e0a" testListId="8c84fa94-04c1-424b-9868-57a2d4851a1d" />
    <TestEntry testId="21ff706a-e29d-30af-426c-337bc2dad7e1" executionId="9786cf79-cfc9-4398-9579-120af3ecb573" testListId="8c84fa94-04c1-424b-9868-57a2d4851a1d" />
    <TestEntry testId="f520204b-8395-a96d-bab3-1a57e4660478" executionId="2b803621-5ec3-43ba-a54f-f9c9cbf84815" testListId="8c84fa94-04c1-424b-9868-57a2d4851a1d" />
    <TestEntry testId="683afbb8-5d2c-9d51-af19-145488bc9621" executionId="5e8c8804-cf56-4c1c-b34d-459d895c0f60" testListId="8c84fa94-04c1-424b-9868-57a2d4851a1d" />
    <TestEntry testId="a2d5d1f3-d0d2-6fa2-4a6c-8f3bd9f7b8c1" executionId="4f74fe4c-ddfd-4e0f-a614-50f2b98f65d6" testListId="8c84fa94-04c1-424b-9868-57a2d4851a1d" />
    <TestEntry testId="408ae148-643f-ecab-e1da-e985d7f616f8" executionId="78e879c3-ca3b-41d8-8c67-32c8e8d6c1e1" testListId="8c84fa94-04c1-424b-9868-57a2d4851a1d" />
    <TestEntry testId="de9b7b0b-f7e2-ece9-f9c7-40319b5233e6" executionId="9990ae9e-72d7-498c-8ac2-2ce17f2bd768" testListId="8c84fa94-04c1-424b-9868-57a2d4851a1d" />
    <TestEntry testId="a5c289f3-513e-e131-a8ee-291455252053" executionId="b7c0d199-f21b-450a-aae7-71f3ff4a36ca" testListId="8c84fa94-04c1-424b-9868-57a2d4851a1d" />
    <TestEntry testId="f7dd5a2e-a939-63f9-0bfd-071a13f7f8f4" executionId="2a5f680f-195f-493d-9110-9c272f76dcea" testListId="8c84fa94-04c1-424b-9868-57a2d4851a1d" />
    <TestEntry testId="2f447ff5-857f-7295-c151-460959f4f2eb" executionId="6acab142-10cc-4b33-9f88-38814d8968e6" testListId="8c84fa94-04c1-424b-9868-57a2d4851a1d" />
    <TestEntry testId="11802289-a233-641f-a9b2-b8e576588d79" executionId="a0f8b649-15ea-43ee-a44f-8b7d9ad38543" testListId="8c84fa94-04c1-424b-9868-57a2d4851a1d" />
    <TestEntry testId="9fc79581-39a4-0d4c-ccc7-a604a1190ec2" executionId="cdecdb1f-b790-49c2-bcaa-e7b4f37f6b63" testListId="8c84fa94-04c1-424b-9868-57a2d4851a1d" />
    <TestEntry testId="371abe64-1271-2ed1-8919-c7c6353063fc" executionId="60c433de-7404-4810-95da-2ab80212982f" testListId="8c84fa94-04c1-424b-9868-57a2d4851a1d" />
    <TestEntry testId="4692da8d-3413-c04d-bf29-847b5fbe03c9" executionId="ecc924ef-cd3b-4c1d-b36b-b57bd1c45ab8" testListId="8c84fa94-04c1-424b-9868-57a2d4851a1d" />
    <TestEntry testId="8c367bf4-18aa-8925-87bb-7e63bd33e295" executionId="1c17a5d7-186b-4da7-bd7d-09e20d4887be" testListId="8c84fa94-04c1-424b-9868-57a2d4851a1d" />
    <TestEntry testId="223461b1-2ce2-7a70-e650-375c0d56b728" executionId="2478b743-fb5e-42d7-9e75-24455ac3784d" testListId="8c84fa94-04c1-424b-9868-57a2d4851a1d" />
    <TestEntry testId="2d79419b-1964-66aa-4b99-15aa5b3eb5f0" executionId="7ef69078-fc51-4872-8ca7-e214ebe2badc" testListId="8c84fa94-04c1-424b-9868-57a2d4851a1d" />
    <TestEntry testId="dc9d2418-71b9-ec4e-8275-3f1e0ef57f25" executionId="a9582468-0661-4140-a842-5eab4f9d2937" testListId="8c84fa94-04c1-424b-9868-57a2d4851a1d" />
    <TestEntry testId="5c9d6374-fac5-13c2-8edc-192c8e2fc49c" executionId="c8487809-f374-4aed-99ca-3c766b2adf85" testListId="8c84fa94-04c1-424b-9868-57a2d4851a1d" />
    <TestEntry testId="07506b5a-faaf-2403-d6ba-bbfaaea0e92d" executionId="c6debd23-eae8-491d-8db5-9ea3237e0946" testListId="8c84fa94-04c1-424b-9868-57a2d4851a1d" />
    <TestEntry testId="44ee80c2-23f4-11ca-2aac-390364dcdef8" executionId="ae16a245-7a17-486d-99d2-ac3c0a0c016d" testListId="8c84fa94-04c1-424b-9868-57a2d4851a1d" />
    <TestEntry testId="de0f386a-7fe0-fc66-ed68-e9ed62906c18" executionId="c97eec97-b91c-4bd1-a73a-e51337e8f341" testListId="8c84fa94-04c1-424b-9868-57a2d4851a1d" />
    <TestEntry testId="d865abc4-5375-0e22-ae6f-b17584ea84d9" executionId="c52a2d38-af3f-438f-a26e-419cb2599218" testListId="8c84fa94-04c1-424b-9868-57a2d4851a1d" />
    <TestEntry testId="46adef52-4cfd-d414-dbe1-e192b6ee42da" executionId="b7d79879-d99a-46c6-9e05-8f437f75f39b" testListId="8c84fa94-04c1-424b-9868-57a2d4851a1d" />
    <TestEntry testId="3358ed19-9037-3677-e116-83795b7b824d" executionId="5a2526aa-fcd5-4223-8602-46b81442dc87" testListId="8c84fa94-04c1-424b-9868-57a2d4851a1d" />
    <TestEntry testId="79c90196-875d-49bc-6350-cc5629aed57c" executionId="879a92f4-804f-44f4-9d82-4209b39fd4be" testListId="8c84fa94-04c1-424b-9868-57a2d4851a1d" />
    <TestEntry testId="9fff6a39-2e7d-921e-d01c-a1f7457ba3be" executionId="bc3626c2-d3e8-4e8e-a42b-5838bf4eedf6" testListId="8c84fa94-04c1-424b-9868-57a2d4851a1d" />
    <TestEntry testId="9538a506-b699-2ce5-3ca2-74cf1c2cd256" executionId="f8aac678-ba15-4e3c-a912-92be41e88111" testListId="8c84fa94-04c1-424b-9868-57a2d4851a1d" />
    <TestEntry testId="d08a747c-cb0f-6fbb-55e2-3823523d99ef" executionId="870ccc23-9228-4a57-a8e3-211e0011b614" testListId="8c84fa94-04c1-424b-9868-57a2d4851a1d" />
    <TestEntry testId="729d056c-3fdb-4d25-1c2a-598f04b48f5b" executionId="b4f7f6ee-ce66-4cb8-a1fa-85e4bec876a8" testListId="8c84fa94-04c1-424b-9868-57a2d4851a1d" />
    <TestEntry testId="78d3ed60-4f0c-a720-9a2e-26b60d427333" executionId="b3cdcdd8-555e-49cd-9ef7-44c3ddbac6d4" testListId="8c84fa94-04c1-424b-9868-57a2d4851a1d" />
    <TestEntry testId="66447b43-2c8b-ddf2-f691-8610737af7b0" executionId="8b51a7df-570d-4b83-86e4-11e639bee25a" testListId="8c84fa94-04c1-424b-9868-57a2d4851a1d" />
    <TestEntry testId="b4dd533a-8efe-df09-325c-3dce2d1ef4af" executionId="524334d5-072d-4c17-9f4a-6fd0679679f1" testListId="8c84fa94-04c1-424b-9868-57a2d4851a1d" />
    <TestEntry testId="5b4b28ab-4706-b90c-51c8-86cc75660f63" executionId="93cb43c0-f3dd-41f0-a577-6cbcfc0a3db5" testListId="8c84fa94-04c1-424b-9868-57a2d4851a1d" />
    <TestEntry testId="d681d334-0210-1f6f-a57f-8304354be6c5" executionId="2e0d87dc-b748-498c-a590-133735158680" testListId="8c84fa94-04c1-424b-9868-57a2d4851a1d" />
    <TestEntry testId="7cfc38b1-77de-49f8-0ed2-b00ef8ae469a" executionId="9a414580-ee0a-4283-9ffe-ccf9868ee335" testListId="8c84fa94-04c1-424b-9868-57a2d4851a1d" />
    <TestEntry testId="a8ad67de-46e2-d99d-642a-bb992e5b876a" executionId="c6d85e3a-36d1-4caa-868d-b2f32ef890d5" testListId="8c84fa94-04c1-424b-9868-57a2d4851a1d" />
    <TestEntry testId="b0c265f1-25ce-e99b-a1f8-bcefb0f877d3" executionId="862ba4a5-d432-4271-a258-4047e0266de8" testListId="8c84fa94-04c1-424b-9868-57a2d4851a1d" />
    <TestEntry testId="35d522fa-7052-7440-20a7-f8c312f7f4da" executionId="3d982140-c61c-4c16-87de-a14b9a07ca3e" testListId="8c84fa94-04c1-424b-9868-57a2d4851a1d" />
    <TestEntry testId="a659dfdb-ea64-28c1-e2ea-3b66941a131b" executionId="4f855a09-5438-47ab-9616-d0b0a0d10a8a" testListId="8c84fa94-04c1-424b-9868-57a2d4851a1d" />
    <TestEntry testId="1baf2d48-bd57-983c-ab78-df0c7b467140" executionId="2dde08df-f54a-4602-bb14-acf430c8663b" testListId="8c84fa94-04c1-424b-9868-57a2d4851a1d" />
    <TestEntry testId="991cb2fc-4b19-02ec-ecf6-845985435a6e" executionId="3343e510-7a45-4a53-9406-f2746c463e13" testListId="8c84fa94-04c1-424b-9868-57a2d4851a1d" />
    <TestEntry testId="6507a0b2-551e-7bbd-b6b9-7e21d13973af" executionId="8a8f49f0-32fb-43f7-a248-a723125fcfe3" testListId="8c84fa94-04c1-424b-9868-57a2d4851a1d" />
    <TestEntry testId="b31cac09-1c57-08ca-9a35-b281c58c87a6" executionId="0a3ab12d-1016-47d2-9e0a-ebc62c544412" testListId="8c84fa94-04c1-424b-9868-57a2d4851a1d" />
    <TestEntry testId="a48a784d-4508-6e59-9382-554535de7c40" executionId="51773d71-3b2f-4f12-8885-346c58256ed0" testListId="8c84fa94-04c1-424b-9868-57a2d4851a1d" />
    <TestEntry testId="b64bac62-d622-509e-0840-5ddf5f825d8d" executionId="bb1dc521-0c8e-4e23-9b48-e66c2d411620" testListId="8c84fa94-04c1-424b-9868-57a2d4851a1d" />
    <TestEntry testId="b597f9e0-d3e0-123c-5f63-9b9330594968" executionId="82d61a69-a396-4217-8d47-3f17922ab7b0" testListId="8c84fa94-04c1-424b-9868-57a2d4851a1d" />
    <TestEntry testId="d269ab98-07d4-f64a-ee31-cd3e6af67058" executionId="1427a500-edb3-4ef8-8f10-32314e8ec794" testListId="8c84fa94-04c1-424b-9868-57a2d4851a1d" />
    <TestEntry testId="e50cefc6-c527-dd4e-a8a0-fab2cbd1d653" executionId="3fe0c054-1975-430a-800f-8a8ef8d437cf" testListId="8c84fa94-04c1-424b-9868-57a2d4851a1d" />
    <TestEntry testId="b8bbeb29-c541-0420-ea3d-180828909672" executionId="ae21d1d8-6e2e-4536-b763-1a58377bfc90" testListId="8c84fa94-04c1-424b-9868-57a2d4851a1d" />
    <TestEntry testId="2ccf6bb6-609a-fc58-b93e-081dfc6ba73f" executionId="9bd496b2-3303-4e92-be00-36f796921f34" testListId="8c84fa94-04c1-424b-9868-57a2d4851a1d" />
    <TestEntry testId="0696a081-cbe0-96fd-acd2-5d9881e8db76" executionId="adefebfd-96b8-4555-a7d7-ad95f069b2be" testListId="8c84fa94-04c1-424b-9868-57a2d4851a1d" />
    <TestEntry testId="c1b020a1-1a14-7738-8a29-3fd917ae0a16" executionId="bf82334e-27e9-4c5d-bb63-1f25b7587179" testListId="8c84fa94-04c1-424b-9868-57a2d4851a1d" />
    <TestEntry testId="0218372a-4cef-8d86-7089-45d359ad9b33" executionId="05633857-48b5-4399-af81-9f4ff1e9fc40" testListId="8c84fa94-04c1-424b-9868-57a2d4851a1d" />
    <TestEntry testId="92598826-b988-b9de-18a3-7bd795519014" executionId="f494758a-62a1-428d-8f4c-85241cc0c7f5" testListId="8c84fa94-04c1-424b-9868-57a2d4851a1d" />
    <TestEntry testId="905ae1d1-2d49-ba5a-2a86-6a38af50347d" executionId="aa94ebb6-40eb-4adf-940d-2cbe78be88f6" testListId="8c84fa94-04c1-424b-9868-57a2d4851a1d" />
    <TestEntry testId="c5ecdfa9-9c17-71ac-fe39-a2dfb7ad90a5" executionId="f42a9fa9-8402-41ef-a39c-2150c5f3eba8" testListId="8c84fa94-04c1-424b-9868-57a2d4851a1d" />
    <TestEntry testId="4899ec9c-3251-baf0-9ea7-911d5c7eafa0" executionId="d5fa6d9f-5dd5-4d6d-9d6b-4aa799127372" testListId="8c84fa94-04c1-424b-9868-57a2d4851a1d" />
    <TestEntry testId="dbf94b8b-b221-4f6a-acf4-80a41754327f" executionId="b6b6b4d1-0235-4477-af9c-5a9d6e7c2955" testListId="8c84fa94-04c1-424b-9868-57a2d4851a1d" />
    <TestEntry testId="7c30d62f-3b5f-4858-1918-f7e715e45bed" executionId="eb0f53e2-4fd9-4ded-a2a0-fcae2f398f44" testListId="8c84fa94-04c1-424b-9868-57a2d4851a1d" />
    <TestEntry testId="82349656-9baa-5506-983a-34823f7a02a4" executionId="76630ade-99ff-4f8c-aab3-c6b7f05e9627" testListId="8c84fa94-04c1-424b-9868-57a2d4851a1d" />
    <TestEntry testId="bbf91694-063e-8f87-5b34-7930bb06156d" executionId="38db9e5a-2472-4b01-b21a-7aeb9e9fe2f1" testListId="8c84fa94-04c1-424b-9868-57a2d4851a1d" />
    <TestEntry testId="7ea1ea23-7b76-5980-6b0b-8b4cdb74fa72" executionId="eb056eae-0f0f-49d0-b44f-9798dd9652a8" testListId="8c84fa94-04c1-424b-9868-57a2d4851a1d" />
    <TestEntry testId="7c4f4980-98be-145c-30d1-dc10f850425d" executionId="4585fa12-0f7b-46d4-b635-43da8ccee365" testListId="8c84fa94-04c1-424b-9868-57a2d4851a1d" />
    <TestEntry testId="c2f1d206-6f4a-485d-a072-7d2a59e91c1e" executionId="02378d6a-b75e-47bc-b3b1-97611a6dd59b" testListId="8c84fa94-04c1-424b-9868-57a2d4851a1d" />
    <TestEntry testId="bc7e2ab9-2c9c-af08-0e30-71f4cde1f241" executionId="790ff4c5-d20f-4b40-8f84-018e56655e7b" testListId="8c84fa94-04c1-424b-9868-57a2d4851a1d" />
    <TestEntry testId="e47bee06-adda-6499-56c4-3b3fa4ccbbde" executionId="ff8befac-a6a8-4865-9ba2-50b18a06e8cb" testListId="8c84fa94-04c1-424b-9868-57a2d4851a1d" />
    <TestEntry testId="b663eff2-902c-018d-aef7-dc20c1fa3a9f" executionId="4e32f597-53f6-47aa-8a49-28794be62c89" testListId="8c84fa94-04c1-424b-9868-57a2d4851a1d" />
    <TestEntry testId="b0a1d464-1304-15e3-01f2-39e74f1bbc8f" executionId="3edd1854-3a86-49c4-8ca3-ed146f5b6fd8" testListId="8c84fa94-04c1-424b-9868-57a2d4851a1d" />
    <TestEntry testId="8161ca6d-0088-0fbe-b1e8-4ccae5b47b72" executionId="4b93ca34-5d99-4be8-8144-c1bd5a75192c" testListId="8c84fa94-04c1-424b-9868-57a2d4851a1d" />
    <TestEntry testId="ee511e79-8a95-16f7-4121-7ea80d3125d8" executionId="a4d477a8-470f-4f12-860d-8551b5816661" testListId="8c84fa94-04c1-424b-9868-57a2d4851a1d" />
    <TestEntry testId="97e50133-c362-8a4d-8713-4c9211a9875d" executionId="855f0d28-b9e1-42f0-9219-900dc13434d2" testListId="8c84fa94-04c1-424b-9868-57a2d4851a1d" />
    <TestEntry testId="b95f8994-0bda-f1f4-ca00-cc174fcb9a1c" executionId="bf523210-ca62-4935-88fc-80ca089a3780" testListId="8c84fa94-04c1-424b-9868-57a2d4851a1d" />
    <TestEntry testId="37532746-7e57-e15f-b30d-0b5a6bbb8ed5" executionId="b7eafaf6-a607-4520-bb13-053a0443b33a" testListId="8c84fa94-04c1-424b-9868-57a2d4851a1d" />
    <TestEntry testId="862222fe-e463-cbc8-2add-d4aca110844b" executionId="465a0870-1f6e-4bc8-972e-2fc81efa4151" testListId="8c84fa94-04c1-424b-9868-57a2d4851a1d" />
    <TestEntry testId="56d41c28-ccb7-98b0-46bb-28cae828054e" executionId="62a3c5f7-4eac-4522-9704-a485100fd4a6" testListId="8c84fa94-04c1-424b-9868-57a2d4851a1d" />
    <TestEntry testId="4110b6b5-2373-fee3-0882-185e5d0dffcf" executionId="b7ffd052-7cbb-458a-9548-17cb8268fc6d" testListId="8c84fa94-04c1-424b-9868-57a2d4851a1d" />
    <TestEntry testId="4a24bcd1-3434-b357-6a11-f6c88bfa92e9" executionId="2238878a-60c4-4e8e-a7f0-7f53d4223550" testListId="8c84fa94-04c1-424b-9868-57a2d4851a1d" />
    <TestEntry testId="2f5eb6e9-f7c3-dd68-3b1a-cadad216c7c3" executionId="c860d5ed-c8ec-482e-980d-1a16dbaae45c" testListId="8c84fa94-04c1-424b-9868-57a2d4851a1d" />
    <TestEntry testId="ec026327-8451-e5ab-c0d1-5d03b6ef142d" executionId="8f35207a-522e-4971-b1cc-bcc6a5991d81" testListId="8c84fa94-04c1-424b-9868-57a2d4851a1d" />
    <TestEntry testId="d75ed6d7-cda4-d3ab-27e0-04a98b39e992" executionId="8dbd5737-7cd6-4929-9bb8-68c708db2940" testListId="8c84fa94-04c1-424b-9868-57a2d4851a1d" />
    <TestEntry testId="8db3dcce-0643-d742-e781-d740793e1336" executionId="b29c7ab4-a08e-4f0b-beca-d77a022dd9d5" testListId="8c84fa94-04c1-424b-9868-57a2d4851a1d" />
  </TestEntries>
  <TestLists>
    <TestList name="Results Not in a List" id="8c84fa94-04c1-424b-9868-57a2d4851a1d" />
    <TestList name="All Loaded Results" id="19431567-8539-422a-85d7-44ee4e166bda" />
  </TestLists>
  <ResultSummary outcome="Completed">
    <Counters total="160" executed="160" passed="160" failed="0" error="0" timeout="0" aborted="0" inconclusive="0" passedButRunAborted="0" notRunnable="0" notExecuted="0" disconnected="0" warning="0" completed="0" inProgress="0" pending="0" />
    <Output>
      <StdOut>[xUnit.net 00:00:00.00] xUnit.net VSTest Adapter v3.0.2+dd36e86129 (64-bit .NET 10.0.9)&#xD;
[xUnit.net 00:00:00.68]   Discovering: Cine.Tests&#xD;
[xUnit.net 00:00:00.73]   Discovered:  Cine.Tests&#xD;
[xUnit.net 00:00:00.76]   Starting:    Cine.Tests&#xD;
[xUnit.net 00:00:01.89]   Finished:    Cine.Tests&#xD;
</StdOut>
    </Output>
  </ResultSummary>
</TestRun>