<?xml version="1.0" encoding="utf-8"?>
<TestRun id="cc2db992-83c9-47ee-8fca-80281f7c7a76" name="paval@PAVAL 2026-06-19 11:29:51" runUser="PAVAL\paval" xmlns="http://microsoft.com/schemas/VisualStudio/TeamTest/2010">
  <Times creation="2026-06-19T11:29:51.4429109+05:30" queuing="2026-06-19T11:29:51.4429110+05:30" start="2026-06-19T11:29:50.3122554+05:30" finish="2026-06-19T11:29:52.0423944+05:30" />
  <TestSettings name="default" id="4868b3f6-1ea6-4014-b3b4-4958d68f091c">
    <Deployment runDeploymentRoot="paval_PAVAL_2026-06-19_11_29_51" />
  </TestSettings>
  <Results>
    <UnitTestResult executionId="e1c5b423-4f4d-4cde-aa36-012d83d57127" testId="9366748d-2d06-7d11-8572-59b55f3898fb" testName="Cine.Tests.Managers.SubtitleManagerTests.SubtitleDelay_FiresPropertyChanged" computerName="PAVAL" duration="00:00:00.0006188" startTime="2026-06-19T11:29:51.4863040+05:30" endTime="2026-06-19T11:29:51.4875933+05:30" testType="13cdc9d9-ddb5-4fa4-a97d-d965ccfc6d4b" outcome="Passed" testListId="8c84fa94-04c1-424b-9868-57a2d4851a1d" relativeResultsDirectory="e1c5b423-4f4d-4cde-aa36-012d83d57127" />
    <UnitTestResult executionId="9290c4ac-6647-4e23-be41-b03e39531cd3" testId="4415ea08-39fc-8288-c97a-269900890205" testName="Cine.Tests.Services.ErrorBoundaryTests.Run_Action_DoesNotThrow" computerName="PAVAL" duration="00:00:00.0006650" startTime="2026-06-19T11:29:51.9592359+05:30" endTime="2026-06-19T11:29:51.9593305+05:30" testType="13cdc9d9-ddb5-4fa4-a97d-d965ccfc6d4b" outcome="Passed" testListId="8c84fa94-04c1-424b-9868-57a2d4851a1d" relativeResultsDirectory="9290c4ac-6647-4e23-be41-b03e39531cd3" />
    <UnitTestResult executionId="2d4fa208-feb5-4938-b9e7-0620982ae237" testId="42ae013f-19fc-e065-7483-f960b60a6c63" testName="Cine.Tests.Managers.PlaybackStateManagerTests.UpdateVolume_MutesAndUnmutes" computerName="PAVAL" duration="00:00:00.0008676" startTime="2026-06-19T11:29:51.4725461+05:30" endTime="2026-06-19T11:29:51.4726557+05:30" testType="13cdc9d9-ddb5-4fa4-a97d-d965ccfc6d4b" outcome="Passed" testListId="8c84fa94-04c1-424b-9868-57a2d4851a1d" relativeResultsDirectory="2d4fa208-feb5-4938-b9e7-0620982ae237" />
    <UnitTestResult executionId="8fa3cb21-7fb3-42da-8e7c-01ba4b263553" testId="bcb90606-cac7-8860-0663-fef9394e4b99" testName="Cine.Tests.Managers.AudioManagerTests.Dispose_UnsubscribesFromPlayerEvents" computerName="PAVAL" duration="00:00:00.0008381" startTime="2026-06-19T11:29:51.5048025+05:30" endTime="2026-06-19T11:29:51.5048830+05:30" testType="13cdc9d9-ddb5-4fa4-a97d-d965ccfc6d4b" outcome="Passed" testListId="8c84fa94-04c1-424b-9868-57a2d4851a1d" relativeResultsDirectory="8fa3cb21-7fb3-42da-8e7c-01ba4b263553" />
    <UnitTestResult executionId="4e28cd16-1ca5-4faf-9629-9902b557f97e" testId="66447b43-2c8b-ddf2-f691-8610737af7b0" testName="Cine.Tests.Services.ScreenshotServiceTests.SaveScreenshot_WithNullFormat_DefaultsToPng" computerName="PAVAL" duration="00:00:00.0005674" startTime="2026-06-19T11:29:51.4039346+05:30" endTime="2026-06-19T11:29:51.4040345+05:30" testType="13cdc9d9-ddb5-4fa4-a97d-d965ccfc6d4b" outcome="Passed" testListId="8c84fa94-04c1-424b-9868-57a2d4851a1d" relativeResultsDirectory="4e28cd16-1ca5-4faf-9629-9902b557f97e" />
    <UnitTestResult executionId="cd4268ed-d150-4658-99cb-4ad9eead219d" testId="729d056c-3fdb-4d25-1c2a-598f04b48f5b" testName="Cine.Tests.Managers.SubtitleManagerTests.CycleSubtitleTrackForward_WithNoTracks_DoesNotThrow" computerName="PAVAL" duration="00:00:00.0009343" startTime="2026-06-19T11:29:51.4982183+05:30" endTime="2026-06-19T11:29:51.4996780+05:30" testType="13cdc9d9-ddb5-4fa4-a97d-d965ccfc6d4b" outcome="Passed" testListId="8c84fa94-04c1-424b-9868-57a2d4851a1d" relativeResultsDirectory="cd4268ed-d150-4658-99cb-4ad9eead219d" />
    <UnitTestResult executionId="63d79e5e-b434-47aa-baab-cdeaa1ab9315" testId="9fc79581-39a4-0d4c-ccc7-a604a1190ec2" testName="Cine.Tests.Managers.VideoManagerTests.RotateLeft_SendsCommand" computerName="PAVAL" duration="00:00:00.1566097" startTime="2026-06-19T11:29:51.3119254+05:30" endTime="2026-06-19T11:29:51.4709388+05:30" testType="13cdc9d9-ddb5-4fa4-a97d-d965ccfc6d4b" outcome="Passed" testListId="8c84fa94-04c1-424b-9868-57a2d4851a1d" relativeResultsDirectory="63d79e5e-b434-47aa-baab-cdeaa1ab9315" />
    <UnitTestResult executionId="60d82025-8f64-4f19-9627-2ee6ad002bd9" testId="3461c0d7-0146-5a31-2b3f-ca6063d9719e" testName="Cine.Tests.Managers.AudioManagerTests.ToggleMute_Toggles" computerName="PAVAL" duration="00:00:00.0012388" startTime="2026-06-19T11:29:51.4725229+05:30" endTime="2026-06-19T11:29:51.4730190+05:30" testType="13cdc9d9-ddb5-4fa4-a97d-d965ccfc6d4b" outcome="Passed" testListId="8c84fa94-04c1-424b-9868-57a2d4851a1d" relativeResultsDirectory="60d82025-8f64-4f19-9627-2ee6ad002bd9" />
    <UnitTestResult executionId="762b1296-4d1f-489a-86c6-61a6f9a28283" testId="7b4e2555-4e83-b0b2-3af5-c4bffdf92cd7" testName="Cine.Tests.ViewModels.MainViewModelTests.ContrastValue_SetsPlayerContrast" computerName="PAVAL" duration="00:00:00.0013680" startTime="2026-06-19T11:29:51.5019577+05:30" endTime="2026-06-19T11:29:51.5021903+05:30" testType="13cdc9d9-ddb5-4fa4-a97d-d965ccfc6d4b" outcome="Passed" testListId="8c84fa94-04c1-424b-9868-57a2d4851a1d" relativeResultsDirectory="762b1296-4d1f-489a-86c6-61a6f9a28283" />
    <UnitTestResult executionId="5be0f1ea-a306-4696-82c1-288758570cc0" testId="5c9d6374-fac5-13c2-8edc-192c8e2fc49c" testName="Cine.Tests.Managers.PlaybackStateManagerTests.OnPlayerOpened_ClearsReplayMode" computerName="PAVAL" duration="00:00:00.0011836" startTime="2026-06-19T11:29:51.4894193+05:30" endTime="2026-06-19T11:29:51.4900900+05:30" testType="13cdc9d9-ddb5-4fa4-a97d-d965ccfc6d4b" outcome="Passed" testListId="8c84fa94-04c1-424b-9868-57a2d4851a1d" relativeResultsDirectory="5be0f1ea-a306-4696-82c1-288758570cc0" />
    <UnitTestResult executionId="eae13337-b2cc-40ce-bcb2-1958d8a00181" testId="683afbb8-5d2c-9d51-af19-145488bc9621" testName="Cine.Tests.Managers.SubtitleManagerTests.OnPlayerOpened_ClearsSessionOverride" computerName="PAVAL" duration="00:00:00.0006575" startTime="2026-06-19T11:29:51.4954696+05:30" endTime="2026-06-19T11:29:51.4963425+05:30" testType="13cdc9d9-ddb5-4fa4-a97d-d965ccfc6d4b" outcome="Passed" testListId="8c84fa94-04c1-424b-9868-57a2d4851a1d" relativeResultsDirectory="eae13337-b2cc-40ce-bcb2-1958d8a00181" />
    <UnitTestResult executionId="acd1a30d-a784-4cae-b767-72aa48a41692" testId="8161ca6d-0088-0fbe-b1e8-4ccae5b47b72" testName="Cine.Tests.Services.PlaylistCoordinatorTests.GetPreviousIndex_GoesBack" computerName="PAVAL" duration="00:00:00.0002645" startTime="2026-06-19T11:29:51.4198880+05:30" endTime="2026-06-19T11:29:51.4199379+05:30" testType="13cdc9d9-ddb5-4fa4-a97d-d965ccfc6d4b" outcome="Passed" testListId="8c84fa94-04c1-424b-9868-57a2d4851a1d" relativeResultsDirectory="acd1a30d-a784-4cae-b767-72aa48a41692" />
    <UnitTestResult executionId="b62459f8-93f6-4b1f-b713-c61f38d21606" testId="eae283ea-883f-cef2-de4c-ec6cf036b484" testName="Cine.Tests.Managers.VideoManagerTests.ContrastValue_FiresPropertyChanged" computerName="PAVAL" duration="00:00:00.0007297" startTime="2026-06-19T11:29:51.4978400+05:30" endTime="2026-06-19T11:29:51.4986086+05:30" testType="13cdc9d9-ddb5-4fa4-a97d-d965ccfc6d4b" outcome="Passed" testListId="8c84fa94-04c1-424b-9868-57a2d4851a1d" relativeResultsDirectory="b62459f8-93f6-4b1f-b713-c61f38d21606" />
    <UnitTestResult executionId="7db88ca6-ba75-4ecc-b603-facfe26e0a83" testId="07506b5a-faaf-2403-d6ba-bbfaaea0e92d" testName="Cine.Tests.Services.PlaylistCoordinatorTests.RemoveAt_WhenLastRemoved_SetsIndexToNegativeOne" computerName="PAVAL" duration="00:00:00.0002709" startTime="2026-06-19T11:29:51.4161069+05:30" endTime="2026-06-19T11:29:51.4161509+05:30" testType="13cdc9d9-ddb5-4fa4-a97d-d965ccfc6d4b" outcome="Passed" testListId="8c84fa94-04c1-424b-9868-57a2d4851a1d" relativeResultsDirectory="7db88ca6-ba75-4ecc-b603-facfe26e0a83" />
    <UnitTestResult executionId="c3bea609-60d7-486d-90fc-1f7a4411368d" testId="217d6dbc-a513-6cde-0383-b928ae0a5073" testName="Cine.Tests.Managers.VideoManagerTests.FlipHorizontal_SendsCommand" computerName="PAVAL" duration="00:00:00.0004557" startTime="2026-06-19T11:29:51.4987431+05:30" endTime="2026-06-19T11:29:51.4999710+05:30" testType="13cdc9d9-ddb5-4fa4-a97d-d965ccfc6d4b" outcome="Passed" testListId="8c84fa94-04c1-424b-9868-57a2d4851a1d" relativeResultsDirectory="c3bea609-60d7-486d-90fc-1f7a4411368d" />
    <UnitTestResult executionId="6934b8da-4532-4f31-9f07-91e120ad5016" testId="986e2291-24f8-c6ed-30f6-436d2074e889" testName="Cine.Tests.Services.ErrorBoundaryTests.Run_Action_ExecutesSuccessfully" computerName="PAVAL" duration="00:00:00.0003766" startTime="2026-06-19T11:29:51.4553190+05:30" endTime="2026-06-19T11:29:51.4556396+05:30" testType="13cdc9d9-ddb5-4fa4-a97d-d965ccfc6d4b" outcome="Passed" testListId="8c84fa94-04c1-424b-9868-57a2d4851a1d" relativeResultsDirectory="6934b8da-4532-4f31-9f07-91e120ad5016" />
    <UnitTestResult executionId="3e12f8b8-ff2f-45f0-96fb-93be56befbaf" testId="b663eff2-902c-018d-aef7-dc20c1fa3a9f" testName="Cine.Tests.Managers.AudioManagerTests.VolumeValue_ClampsToVolumeMax" computerName="PAVAL" duration="00:00:00.0003490" startTime="2026-06-19T11:29:51.5050511+05:30" endTime="2026-06-19T11:29:51.5052461+05:30" testType="13cdc9d9-ddb5-4fa4-a97d-d965ccfc6d4b" outcome="Passed" testListId="8c84fa94-04c1-424b-9868-57a2d4851a1d" relativeResultsDirectory="3e12f8b8-ff2f-45f0-96fb-93be56befbaf" />
    <UnitTestResult executionId="b05c0bfb-362c-49ae-867a-0b38977a0dd6" testId="8c367bf4-18aa-8925-87bb-7e63bd33e295" testName="Cine.Tests.ViewModels.MainViewModelTests.ResetGamma_SetsToOne" computerName="PAVAL" duration="00:00:00.0009937" startTime="2026-06-19T11:29:51.5133315+05:30" endTime="2026-06-19T11:29:51.5142431+05:30" testType="13cdc9d9-ddb5-4fa4-a97d-d965ccfc6d4b" outcome="Passed" testListId="8c84fa94-04c1-424b-9868-57a2d4851a1d" relativeResultsDirectory="b05c0bfb-362c-49ae-867a-0b38977a0dd6" />
    <UnitTestResult executionId="fa26b60a-b950-4571-9b7b-551b23a08831" testId="b7c5eeeb-3a13-bd9a-0697-9724d1e889b9" testName="Cine.Tests.Managers.VideoManagerTests.Constructor_BuildsTrackMenus" computerName="PAVAL" duration="00:00:00.0001990" startTime="2026-06-19T11:29:51.4975931+05:30" endTime="2026-06-19T11:29:51.4976721+05:30" testType="13cdc9d9-ddb5-4fa4-a97d-d965ccfc6d4b" outcome="Passed" testListId="8c84fa94-04c1-424b-9868-57a2d4851a1d" relativeResultsDirectory="fa26b60a-b950-4571-9b7b-551b23a08831" />
    <UnitTestResult executionId="b205dbe6-b1fc-46cd-a7b7-5dbd0d0cf2e1" testId="49dba4a4-b242-a4e9-ba48-17ecc169ca9d" testName="Cine.Tests.Managers.VideoManagerTests.HueValue_SetsPlayerHue" computerName="PAVAL" duration="00:00:00.0003348" startTime="2026-06-19T11:29:51.4892456+05:30" endTime="2026-06-19T11:29:51.4894644+05:30" testType="13cdc9d9-ddb5-4fa4-a97d-d965ccfc6d4b" outcome="Passed" testListId="8c84fa94-04c1-424b-9868-57a2d4851a1d" relativeResultsDirectory="b205dbe6-b1fc-46cd-a7b7-5dbd0d0cf2e1" />
    <UnitTestResult executionId="cfddcd91-b881-4061-8054-deca7e6713fa" testId="ece46946-c987-5d44-6b57-130192a6d722" testName="Cine.Tests.Managers.SubtitleManagerTests.SubtitleShadowOffset_SetsPlayerShadowOffset" computerName="PAVAL" duration="00:00:00.0010749" startTime="2026-06-19T11:29:51.4745765+05:30" endTime="2026-06-19T11:29:51.4824406+05:30" testType="13cdc9d9-ddb5-4fa4-a97d-d965ccfc6d4b" outcome="Passed" testListId="8c84fa94-04c1-424b-9868-57a2d4851a1d" relativeResultsDirectory="cfddcd91-b881-4061-8054-deca7e6713fa" />
    <UnitTestResult executionId="f4819819-495b-41c4-bd23-7120bd9f3403" testId="4692da8d-3413-c04d-bf29-847b5fbe03c9" testName="Cine.Tests.Services.PlaylistCoordinatorTests.GetNextIndex_AtEndWithoutLoop_ReturnsNull" computerName="PAVAL" duration="00:00:00.0002318" startTime="2026-06-19T11:29:51.4190877+05:30" endTime="2026-06-19T11:29:51.4191588+05:30" testType="13cdc9d9-ddb5-4fa4-a97d-d965ccfc6d4b" outcome="Passed" testListId="8c84fa94-04c1-424b-9868-57a2d4851a1d" relativeResultsDirectory="f4819819-495b-41c4-bd23-7120bd9f3403" />
    <UnitTestResult executionId="b5678f90-d603-4882-83a2-7c15d1b1dd07" testId="46adef52-4cfd-d414-dbe1-e192b6ee42da" testName="Cine.Tests.Services.ScreenshotServiceTests.SaveScreenshot_WithInvalidFormat_FallsBackToPng" computerName="PAVAL" duration="00:00:00.0004210" startTime="2026-06-19T11:29:51.4068352+05:30" endTime="2026-06-19T11:29:51.4069031+05:30" testType="13cdc9d9-ddb5-4fa4-a97d-d965ccfc6d4b" outcome="Passed" testListId="8c84fa94-04c1-424b-9868-57a2d4851a1d" relativeResultsDirectory="b5678f90-d603-4882-83a2-7c15d1b1dd07" />
    <UnitTestResult executionId="b8ddf9ef-6437-4256-a983-8108ca8b5b00" testId="31ced656-052f-68a4-e1b4-ba87316b8aa1" testName="Cine.Tests.Managers.AudioManagerTests.ToggleAudioNormalization_Toggles" computerName="PAVAL" duration="00:00:00.0003729" startTime="2026-06-19T11:29:51.5038970+05:30" endTime="2026-06-19T11:29:51.5040533+05:30" testType="13cdc9d9-ddb5-4fa4-a97d-d965ccfc6d4b" outcome="Passed" testListId="8c84fa94-04c1-424b-9868-57a2d4851a1d" relativeResultsDirectory="b8ddf9ef-6437-4256-a983-8108ca8b5b00" />
    <UnitTestResult executionId="c4e2eff0-aee3-413f-9a1a-e467e183831e" testId="97952306-12ff-c1de-53b0-2cc7a3392936" testName="Cine.Tests.Services.ErrorBoundaryTests.Run_AsyncAction_HandlesException" computerName="PAVAL" duration="00:00:00.5024196" startTime="2026-06-19T11:29:51.4557897+05:30" endTime="2026-06-19T11:29:51.9582856+05:30" testType="13cdc9d9-ddb5-4fa4-a97d-d965ccfc6d4b" outcome="Passed" testListId="8c84fa94-04c1-424b-9868-57a2d4851a1d" relativeResultsDirectory="c4e2eff0-aee3-413f-9a1a-e467e183831e" />
    <UnitTestResult executionId="6feb2ebe-4384-4aef-8e93-37a8f29eabb0" testId="970a5b98-a064-260d-f1ca-7ef3774f7176" testName="Cine.Tests.Services.PlaylistCoordinatorTests.Add_Duplicate_Ignored" computerName="PAVAL" duration="00:00:00.0002353" startTime="2026-06-19T11:29:51.4207360+05:30" endTime="2026-06-19T11:29:51.4207765+05:30" testType="13cdc9d9-ddb5-4fa4-a97d-d965ccfc6d4b" outcome="Passed" testListId="8c84fa94-04c1-424b-9868-57a2d4851a1d" relativeResultsDirectory="6feb2ebe-4384-4aef-8e93-37a8f29eabb0" />
    <UnitTestResult executionId="3dd0755d-d899-45d8-b663-692e829412ac" testId="0696a081-cbe0-96fd-acd2-5d9881e8db76" testName="Cine.Tests.Services.PlaylistCoordinatorTests.RemoveAt_RemovesItem" computerName="PAVAL" duration="00:00:00.0004496" startTime="2026-06-19T11:29:51.4146892+05:30" endTime="2026-06-19T11:29:51.4147281+05:30" testType="13cdc9d9-ddb5-4fa4-a97d-d965ccfc6d4b" outcome="Passed" testListId="8c84fa94-04c1-424b-9868-57a2d4851a1d" relativeResultsDirectory="3dd0755d-d899-45d8-b663-692e829412ac" />
    <UnitTestResult executionId="6df6c361-c54c-402b-b0d0-459cbe1c1dd0" testId="b64bac62-d622-509e-0840-5ddf5f825d8d" testName="Cine.Tests.Managers.PlaybackStateManagerTests.UpdatePosition_UpdatesProperties" computerName="PAVAL" duration="00:00:00.0014629" startTime="2026-06-19T11:29:51.4745526+05:30" endTime="2026-06-19T11:29:51.4829833+05:30" testType="13cdc9d9-ddb5-4fa4-a97d-d965ccfc6d4b" outcome="Passed" testListId="8c84fa94-04c1-424b-9868-57a2d4851a1d" relativeResultsDirectory="6df6c361-c54c-402b-b0d0-459cbe1c1dd0" />
    <UnitTestResult executionId="667bfca7-4aad-413b-8966-dab71990b745" testId="8b46f75f-fafc-eb1b-de02-81b231b0bf67" testName="Cine.Tests.Managers.AudioManagerTests.ApplyEqualizerPreset_SetsBands" computerName="PAVAL" duration="00:00:00.0003933" startTime="2026-06-19T11:29:51.4959034+05:30" endTime="2026-06-19T11:29:51.4962258+05:30" testType="13cdc9d9-ddb5-4fa4-a97d-d965ccfc6d4b" outcome="Passed" testListId="8c84fa94-04c1-424b-9868-57a2d4851a1d" relativeResultsDirectory="667bfca7-4aad-413b-8966-dab71990b745" />
    <UnitTestResult executionId="a5f750e2-99cf-423b-a348-31cf01bb6867" testId="d08a747c-cb0f-6fbb-55e2-3823523d99ef" testName="Cine.Tests.Services.ScreenshotServiceTests.SaveScreenshot_WithoutLeadingDot_NormalizesFormat" computerName="PAVAL" duration="00:00:00.0004734" startTime="2026-06-19T11:29:51.4043692+05:30" endTime="2026-06-19T11:29:51.4044741+05:30" testType="13cdc9d9-ddb5-4fa4-a97d-d965ccfc6d4b" outcome="Passed" testListId="8c84fa94-04c1-424b-9868-57a2d4851a1d" relativeResultsDirectory="a5f750e2-99cf-423b-a348-31cf01bb6867" />
    <UnitTestResult executionId="9756879a-cde5-4ac5-8ef7-f60a3331fc90" testId="44f800fb-a5a3-5258-981e-a5c654de21bf" testName="Cine.Tests.Services.PlaylistCoordinatorTests.GetPreviousIndex_WithShuffle_ReturnsRandom" computerName="PAVAL" duration="00:00:00.0004767" startTime="2026-06-19T11:29:51.4202494+05:30" endTime="2026-06-19T11:29:51.4202914+05:30" testType="13cdc9d9-ddb5-4fa4-a97d-d965ccfc6d4b" outcome="Passed" testListId="8c84fa94-04c1-424b-9868-57a2d4851a1d" relativeResultsDirectory="9756879a-cde5-4ac5-8ef7-f60a3331fc90" />
    <UnitTestResult executionId="44699857-a694-4acf-a27a-d3469f7f2a27" testId="d865abc4-5375-0e22-ae6f-b17584ea84d9" testName="Cine.Tests.Managers.SubtitleManagerTests.SubtitlePosition_ClampsToRange" computerName="PAVAL" duration="00:00:00.0004461" startTime="2026-06-19T11:29:51.5034956+05:30" endTime="2026-06-19T11:29:51.5036924+05:30" testType="13cdc9d9-ddb5-4fa4-a97d-d965ccfc6d4b" outcome="Passed" testListId="8c84fa94-04c1-424b-9868-57a2d4851a1d" relativeResultsDirectory="44699857-a694-4acf-a27a-d3469f7f2a27" />
    <UnitTestResult executionId="62590dfa-c49c-43de-894e-a965aa18a93e" testId="4c7565b1-b395-7b87-30c3-605f51935772" testName="Cine.Tests.ViewModels.MainViewModelTests.VolumeMax_GetsFromPlayer" computerName="PAVAL" duration="00:00:00.0011012" startTime="2026-06-19T11:29:51.5120528+05:30" endTime="2026-06-19T11:29:51.5121154+05:30" testType="13cdc9d9-ddb5-4fa4-a97d-d965ccfc6d4b" outcome="Passed" testListId="8c84fa94-04c1-424b-9868-57a2d4851a1d" relativeResultsDirectory="62590dfa-c49c-43de-894e-a965aa18a93e" />
    <UnitTestResult executionId="60ac6ea8-1f97-4fba-99c0-3169e5aad2f4" testId="cbc97baa-7d66-c05f-dd8b-8eb456c874b4" testName="Cine.Tests.Managers.VideoManagerTests.RefreshVideoTracks_PopulatesTracks" computerName="PAVAL" duration="00:00:00.0034364" startTime="2026-06-19T11:29:51.4720465+05:30" endTime="2026-06-19T11:29:51.4827647+05:30" testType="13cdc9d9-ddb5-4fa4-a97d-d965ccfc6d4b" outcome="Passed" testListId="8c84fa94-04c1-424b-9868-57a2d4851a1d" relativeResultsDirectory="60ac6ea8-1f97-4fba-99c0-3169e5aad2f4" />
    <UnitTestResult executionId="51e5086a-cb5d-4bd0-afda-857cb6b436e3" testId="a5c289f3-513e-e131-a8ee-291455252053" testName="Cine.Tests.Services.PlaylistCoordinatorTests.GetNextIndex_WithShuffle_ReturnsRandom" computerName="PAVAL" duration="00:00:00.0012912" startTime="2026-06-19T11:29:51.4200880+05:30" endTime="2026-06-19T11:29:51.4201308+05:30" testType="13cdc9d9-ddb5-4fa4-a97d-d965ccfc6d4b" outcome="Passed" testListId="8c84fa94-04c1-424b-9868-57a2d4851a1d" relativeResultsDirectory="51e5086a-cb5d-4bd0-afda-857cb6b436e3" />
    <UnitTestResult executionId="b2168b77-c53b-4ce8-aad3-5ec56b82a6bd" testId="9538a506-b699-2ce5-3ca2-74cf1c2cd256" testName="Cine.Tests.Managers.AudioManagerTests.IsMuted_FiresPropertyChanged" computerName="PAVAL" duration="00:00:00.0005701" startTime="2026-06-19T11:29:51.4941222+05:30" endTime="2026-06-19T11:29:51.4956924+05:30" testType="13cdc9d9-ddb5-4fa4-a97d-d965ccfc6d4b" outcome="Passed" testListId="8c84fa94-04c1-424b-9868-57a2d4851a1d" relativeResultsDirectory="b2168b77-c53b-4ce8-aad3-5ec56b82a6bd" />
    <UnitTestResult executionId="7f39f000-86cc-4ae4-9149-947afa29db1a" testId="52b1be4e-dab6-f72d-bda0-0d0c258176be" testName="Cine.Tests.Managers.SubtitleManagerTests.ResetAllSubtitles_ResetsDefaults" computerName="PAVAL" duration="00:00:00.0018191" startTime="2026-06-19T11:29:51.4877196+05:30" endTime="2026-06-19T11:29:51.4899004+05:30" testType="13cdc9d9-ddb5-4fa4-a97d-d965ccfc6d4b" outcome="Passed" testListId="8c84fa94-04c1-424b-9868-57a2d4851a1d" relativeResultsDirectory="7f39f000-86cc-4ae4-9149-947afa29db1a" />
    <UnitTestResult executionId="e86337e7-51ac-4ef6-8527-19d208ebc436" testId="98ff8a16-9817-64bc-171c-680bfce7bf11" testName="Cine.Tests.ViewModels.MainViewModelTests.IsLoopFileEnabled_DelegatesToPlaylistCoordinator" computerName="PAVAL" duration="00:00:00.0012109" startTime="2026-06-19T11:29:51.5056354+05:30" endTime="2026-06-19T11:29:51.5056758+05:30" testType="13cdc9d9-ddb5-4fa4-a97d-d965ccfc6d4b" outcome="Passed" testListId="8c84fa94-04c1-424b-9868-57a2d4851a1d" relativeResultsDirectory="e86337e7-51ac-4ef6-8527-19d208ebc436" />
    <UnitTestResult executionId="7c4d2dbc-e9fb-4fae-b28e-052d600faf50" testId="0db7f8ea-e48c-a9f9-ee88-5bf4e2be3ca2" testName="Cine.Tests.Managers.VideoManagerTests.ContrastValue_SetsPlayerContrast" computerName="PAVAL" duration="00:00:00.0002014" startTime="2026-06-19T11:29:51.5014055+05:30" endTime="2026-06-19T11:29:51.5014791+05:30" testType="13cdc9d9-ddb5-4fa4-a97d-d965ccfc6d4b" outcome="Passed" testListId="8c84fa94-04c1-424b-9868-57a2d4851a1d" relativeResultsDirectory="7c4d2dbc-e9fb-4fae-b28e-052d600faf50" />
    <UnitTestResult executionId="cbe48e41-71b4-41ab-b6a9-744073435bbd" testId="a2d5d1f3-d0d2-6fa2-4a6c-8f3bd9f7b8c1" testName="Cine.Tests.Managers.SubtitleManagerTests.Dispose_MultipleCalls_DoesNotThrow" computerName="PAVAL" duration="00:00:00.0005455" startTime="2026-06-19T11:29:51.4917630+05:30" endTime="2026-06-19T11:29:51.4920029+05:30" testType="13cdc9d9-ddb5-4fa4-a97d-d965ccfc6d4b" outcome="Passed" testListId="8c84fa94-04c1-424b-9868-57a2d4851a1d" relativeResultsDirectory="cbe48e41-71b4-41ab-b6a9-744073435bbd" />
    <UnitTestResult executionId="5394f952-23e7-49fc-8a59-4d4ec67a6617" testId="b8bbeb29-c541-0420-ea3d-180828909672" testName="Cine.Tests.Managers.SubtitleManagerTests.IsSubtitleEnabled_SetsPlayerVisibility" computerName="PAVAL" duration="00:00:00.0081336" startTime="2026-06-19T11:29:51.4827177+05:30" endTime="2026-06-19T11:29:51.4831894+05:30" testType="13cdc9d9-ddb5-4fa4-a97d-d965ccfc6d4b" outcome="Passed" testListId="8c84fa94-04c1-424b-9868-57a2d4851a1d" relativeResultsDirectory="5394f952-23e7-49fc-8a59-4d4ec67a6617" />
    <UnitTestResult executionId="68f11c57-4d92-4e22-b873-be6a753df67c" testId="a8ad67de-46e2-d99d-642a-bb992e5b876a" testName="Cine.Tests.Managers.VideoManagerTests.RefreshVideoTracks_EmptySources_ShowsNoTracks" computerName="PAVAL" duration="00:00:00.0003459" startTime="2026-06-19T11:29:51.4913260+05:30" endTime="2026-06-19T11:29:51.4913658+05:30" testType="13cdc9d9-ddb5-4fa4-a97d-d965ccfc6d4b" outcome="Passed" testListId="8c84fa94-04c1-424b-9868-57a2d4851a1d" relativeResultsDirectory="68f11c57-4d92-4e22-b873-be6a753df67c" />
    <UnitTestResult executionId="4f303ce3-c9d6-4a49-a6c0-873dbf242af5" testId="3871e130-ad0b-cf2f-e1c7-a2032ce0a272" testName="Cine.Tests.Managers.PlaybackStateManagerTests.Constructor_SubscribesToPlayerEvents" computerName="PAVAL" duration="00:00:00.0003069" startTime="2026-06-19T11:29:51.4935256+05:30" endTime="2026-06-19T11:29:51.4938369+05:30" testType="13cdc9d9-ddb5-4fa4-a97d-d965ccfc6d4b" outcome="Passed" testListId="8c84fa94-04c1-424b-9868-57a2d4851a1d" relativeResultsDirectory="4f303ce3-c9d6-4a49-a6c0-873dbf242af5" />
    <UnitTestResult executionId="f1d8aa32-1c8d-499b-92da-da3719db5073" testId="8e4a2f53-a997-eacd-6a3e-e92d6f63ecce" testName="Cine.Tests.Managers.PlaybackStateManagerTests.UpdatePosition_AtZeroDuration_ReturnsZero" computerName="PAVAL" duration="00:00:00.0005754" startTime="2026-06-19T11:29:51.4845198+05:30" endTime="2026-06-19T11:29:51.4848355+05:30" testType="13cdc9d9-ddb5-4fa4-a97d-d965ccfc6d4b" outcome="Passed" testListId="8c84fa94-04c1-424b-9868-57a2d4851a1d" relativeResultsDirectory="f1d8aa32-1c8d-499b-92da-da3719db5073" />
    <UnitTestResult executionId="65d228a7-12f1-4143-864d-32ef84c67d64" testId="3de48cd0-ec3f-14dd-c43e-274767645646" testName="Cine.Tests.Managers.SubtitleManagerTests.SubtitleFontScale_SetsPlayerFontSize" computerName="PAVAL" duration="00:00:00.0009794" startTime="2026-06-19T11:29:51.4722163+05:30" endTime="2026-06-19T11:29:51.4726891+05:30" testType="13cdc9d9-ddb5-4fa4-a97d-d965ccfc6d4b" outcome="Passed" testListId="8c84fa94-04c1-424b-9868-57a2d4851a1d" relativeResultsDirectory="65d228a7-12f1-4143-864d-32ef84c67d64" />
    <UnitTestResult executionId="b532d05c-7803-49d5-9100-9c774e7d1c17" testId="b4dd533a-8efe-df09-325c-3dce2d1ef4af" testName="Cine.Tests.Services.ScreenshotServiceTests.SaveScreenshot_CallsTakeScreenshotAction" computerName="PAVAL" duration="00:00:00.0180733" startTime="2026-06-19T11:29:51.3119423+05:30" endTime="2026-06-19T11:29:51.4034548+05:30" testType="13cdc9d9-ddb5-4fa4-a97d-d965ccfc6d4b" outcome="Passed" testListId="8c84fa94-04c1-424b-9868-57a2d4851a1d" relativeResultsDirectory="b532d05c-7803-49d5-9100-9c774e7d1c17" />
    <UnitTestResult executionId="c42ee6dc-c560-49c5-a122-c6ed5d647283" testId="e50cefc6-c527-dd4e-a8a0-fab2cbd1d653" testName="Cine.Tests.ViewModels.MainViewModelTests.IsDialogueBoostEnabled_DelegatesToAudioManager" computerName="PAVAL" duration="00:00:00.0010907" startTime="2026-06-19T11:29:51.5253251+05:30" endTime="2026-06-19T11:29:51.5255977+05:30" testType="13cdc9d9-ddb5-4fa4-a97d-d965ccfc6d4b" outcome="Passed" testListId="8c84fa94-04c1-424b-9868-57a2d4851a1d" relativeResultsDirectory="c42ee6dc-c560-49c5-a122-c6ed5d647283" />
    <UnitTestResult executionId="2b536896-7fd8-4e9c-9872-47e0ce19f5a3" testId="d7ded34b-a1fa-1697-c572-4a7fd7f09d11" testName="Cine.Tests.Managers.PlaybackStateManagerTests.OnTrackListChanged_RaisesTrackListChangedEvent" computerName="PAVAL" duration="00:00:00.0013077" startTime="2026-06-19T11:29:51.4902059+05:30" endTime="2026-06-19T11:29:51.4918322+05:30" testType="13cdc9d9-ddb5-4fa4-a97d-d965ccfc6d4b" outcome="Passed" testListId="8c84fa94-04c1-424b-9868-57a2d4851a1d" relativeResultsDirectory="2b536896-7fd8-4e9c-9872-47e0ce19f5a3" />
    <UnitTestResult executionId="e899ef61-92f5-4ed5-af0a-c25818f08d1d" testId="dbf94b8b-b221-4f6a-acf4-80a41754327f" testName="Cine.Tests.Managers.PlaybackStateManagerTests.OnPlaybackStateChanged_Paused_SetsState" computerName="PAVAL" duration="00:00:00.0012750" startTime="2026-06-19T11:29:51.4669986+05:30" endTime="2026-06-19T11:29:51.4681722+05:30" testType="13cdc9d9-ddb5-4fa4-a97d-d965ccfc6d4b" outcome="Passed" testListId="8c84fa94-04c1-424b-9868-57a2d4851a1d" relativeResultsDirectory="e899ef61-92f5-4ed5-af0a-c25818f08d1d" />
    <UnitTestResult executionId="3e3f2079-da6a-4960-8236-103ebf3450f4" testId="f27b995a-76f4-af73-93ad-64ef2cff7131" testName="Cine.Tests.Managers.AudioManagerTests.Dispose_MultipleCalls_DoesNotThrow" computerName="PAVAL" duration="00:00:00.0007290" startTime="2026-06-19T11:29:51.4999435+05:30" endTime="2026-06-19T11:29:51.5004569+05:30" testType="13cdc9d9-ddb5-4fa4-a97d-d965ccfc6d4b" outcome="Passed" testListId="8c84fa94-04c1-424b-9868-57a2d4851a1d" relativeResultsDirectory="3e3f2079-da6a-4960-8236-103ebf3450f4" />
    <UnitTestResult executionId="67871ca6-0e54-44e4-a6e7-5636fb02fb12" testId="3a14225a-6111-10ad-068c-6386c3a7ab67" testName="Cine.Tests.Services.PlaylistCoordinatorTests.GetNextIndex_AdvancesIndex" computerName="PAVAL" duration="00:00:00.0002427" startTime="2026-06-19T11:29:51.4145162+05:30" endTime="2026-06-19T11:29:51.4145753+05:30" testType="13cdc9d9-ddb5-4fa4-a97d-d965ccfc6d4b" outcome="Passed" testListId="8c84fa94-04c1-424b-9868-57a2d4851a1d" relativeResultsDirectory="67871ca6-0e54-44e4-a6e7-5636fb02fb12" />
    <UnitTestResult executionId="2a1981ef-591d-4399-a452-e162015853d5" testId="d75ed6d7-cda4-d3ab-27e0-04a98b39e992" testName="Cine.Tests.ViewModels.MainViewModelTests.State_FiresPropertyChanged" computerName="PAVAL" duration="00:00:00.0050671" startTime="2026-06-19T11:29:51.5220067+05:30" endTime="2026-06-19T11:29:51.5233433+05:30" testType="13cdc9d9-ddb5-4fa4-a97d-d965ccfc6d4b" outcome="Passed" testListId="8c84fa94-04c1-424b-9868-57a2d4851a1d" relativeResultsDirectory="2a1981ef-591d-4399-a452-e162015853d5" />
    <UnitTestResult executionId="f605e5ec-3751-463c-88ca-f4ddc93b63f3" testId="92598826-b988-b9de-18a3-7bd795519014" testName="Cine.Tests.Managers.SubtitleManagerTests.SubtitleColor_SetsPlayerColor" computerName="PAVAL" duration="00:00:00.0005096" startTime="2026-06-19T11:29:51.5021562+05:30" endTime="2026-06-19T11:29:51.5032014+05:30" testType="13cdc9d9-ddb5-4fa4-a97d-d965ccfc6d4b" outcome="Passed" testListId="8c84fa94-04c1-424b-9868-57a2d4851a1d" relativeResultsDirectory="f605e5ec-3751-463c-88ca-f4ddc93b63f3" />
    <UnitTestResult executionId="96affba8-7aaa-4787-b6aa-c64285138ab6" testId="c9728369-ab51-6100-a546-1970c1baccbb" testName="Cine.Tests.Services.PlaylistCoordinatorTests.GetPreviousIndex_AtStartWithLoop_WrapsToEnd" computerName="PAVAL" duration="00:00:00.0027166" startTime="2026-06-19T11:29:51.4107490+05:30" endTime="2026-06-19T11:29:51.4133489+05:30" testType="13cdc9d9-ddb5-4fa4-a97d-d965ccfc6d4b" outcome="Passed" testListId="8c84fa94-04c1-424b-9868-57a2d4851a1d" relativeResultsDirectory="96affba8-7aaa-4787-b6aa-c64285138ab6" />
    <UnitTestResult executionId="bd40917b-7331-4388-8e76-36e92346fe50" testId="7c30d62f-3b5f-4858-1918-f7e715e45bed" testName="Cine.Tests.Managers.PlaybackStateManagerTests.OnPlaybackStateChanged_Stopped_SetsState" computerName="PAVAL" duration="00:00:00.0003254" startTime="2026-06-19T11:29:51.4890242+05:30" endTime="2026-06-19T11:29:51.4892916+05:30" testType="13cdc9d9-ddb5-4fa4-a97d-d965ccfc6d4b" outcome="Passed" testListId="8c84fa94-04c1-424b-9868-57a2d4851a1d" relativeResultsDirectory="bd40917b-7331-4388-8e76-36e92346fe50" />
    <UnitTestResult executionId="f28d3dd6-f018-4bee-b6f1-cfdb787656f1" testId="7aee1417-7582-a774-d3ca-8ae6fb932368" testName="Cine.Tests.Managers.AudioManagerTests.OnPlayerTrackListChanged_RefreshesAudioTracks" computerName="PAVAL" duration="00:00:00.0024004" startTime="2026-06-19T11:29:51.5017254+05:30" endTime="2026-06-19T11:29:51.5030212+05:30" testType="13cdc9d9-ddb5-4fa4-a97d-d965ccfc6d4b" outcome="Passed" testListId="8c84fa94-04c1-424b-9868-57a2d4851a1d" relativeResultsDirectory="f28d3dd6-f018-4bee-b6f1-cfdb787656f1" />
    <UnitTestResult executionId="4a2557ab-0e45-41db-a3d5-efbe50047802" testId="ee511e79-8a95-16f7-4121-7ea80d3125d8" testName="Cine.Tests.Managers.VideoManagerTests.ZoomValue_FiresPropertyChanged" computerName="PAVAL" duration="00:00:00.0007220" startTime="2026-06-19T11:29:51.4898486+05:30" endTime="2026-06-19T11:29:51.4902360+05:30" testType="13cdc9d9-ddb5-4fa4-a97d-d965ccfc6d4b" outcome="Passed" testListId="8c84fa94-04c1-424b-9868-57a2d4851a1d" relativeResultsDirectory="4a2557ab-0e45-41db-a3d5-efbe50047802" />
    <UnitTestResult executionId="870a67c3-18d6-476b-8cb1-e003f5a92bc1" testId="2ccf6bb6-609a-fc58-b93e-081dfc6ba73f" testName="Cine.Tests.Managers.PlaylistSettingsStoreTests.SaveAndLoad_Roundtrip" computerName="PAVAL" duration="00:00:00.0843259" startTime="2026-06-19T11:29:51.3119581+05:30" endTime="2026-06-19T11:29:51.4171616+05:30" testType="13cdc9d9-ddb5-4fa4-a97d-d965ccfc6d4b" outcome="Passed" testListId="8c84fa94-04c1-424b-9868-57a2d4851a1d" relativeResultsDirectory="870a67c3-18d6-476b-8cb1-e003f5a92bc1" />
    <UnitTestResult executionId="8df627f3-b9ec-4c16-8525-3d10199da662" testId="b37111a1-f25d-2bad-195d-6b5ca61094d2" testName="Cine.Tests.Services.PlaylistCoordinatorTests.Shuffle_ReordersItems" computerName="PAVAL" duration="00:00:00.0004948" startTime="2026-06-19T11:29:51.4159413+05:30" endTime="2026-06-19T11:29:51.4159820+05:30" testType="13cdc9d9-ddb5-4fa4-a97d-d965ccfc6d4b" outcome="Passed" testListId="8c84fa94-04c1-424b-9868-57a2d4851a1d" relativeResultsDirectory="8df627f3-b9ec-4c16-8525-3d10199da662" />
    <UnitTestResult executionId="9bf69aa5-4cc5-49b9-b367-b8abcbf48e30" testId="d5335438-03fe-2c8a-8e5f-e053613b2842" testName="Cine.Tests.Services.PlaylistCoordinatorTests.Move_ChangesOrder" computerName="PAVAL" duration="00:00:00.0007821" startTime="2026-06-19T11:29:51.4222425+05:30" endTime="2026-06-19T11:29:51.4223003+05:30" testType="13cdc9d9-ddb5-4fa4-a97d-d965ccfc6d4b" outcome="Passed" testListId="8c84fa94-04c1-424b-9868-57a2d4851a1d" relativeResultsDirectory="9bf69aa5-4cc5-49b9-b367-b8abcbf48e30" />
    <UnitTestResult executionId="b71008c6-6900-449c-8481-0c52cdc862fc" testId="1e906bd1-335f-c3d8-4fe7-0d7fd48ebf66" testName="Cine.Tests.Services.PlaylistCoordinatorTests.GetPreviousIndex_AtStartWithoutLoop_ReturnsNull" computerName="PAVAL" duration="00:00:00.0002963" startTime="2026-06-19T11:29:51.4224114+05:30" endTime="2026-06-19T11:29:51.4224539+05:30" testType="13cdc9d9-ddb5-4fa4-a97d-d965ccfc6d4b" outcome="Passed" testListId="8c84fa94-04c1-424b-9868-57a2d4851a1d" relativeResultsDirectory="b71008c6-6900-449c-8481-0c52cdc862fc" />
    <UnitTestResult executionId="94308546-425e-41a5-ab3b-f381990147ed" testId="db5cf121-d80c-7fc4-b1d2-cc65c1824daf" testName="Cine.Tests.Managers.VideoManagerTests.RotateRight_SendsCommand" computerName="PAVAL" duration="00:00:00.0003592" startTime="2026-06-19T11:29:51.4956467+05:30" endTime="2026-06-19T11:29:51.4960462+05:30" testType="13cdc9d9-ddb5-4fa4-a97d-d965ccfc6d4b" outcome="Passed" testListId="8c84fa94-04c1-424b-9868-57a2d4851a1d" relativeResultsDirectory="94308546-425e-41a5-ab3b-f381990147ed" />
    <UnitTestResult executionId="efe121e5-48ea-4df6-a91d-05c8249e41a8" testId="427e94d1-28fd-5a45-89d8-efec8c7f6389" testName="Cine.Tests.Managers.VideoManagerTests.HasMultipleVideoTracks_MultipleTracks_ReturnsTrue" computerName="PAVAL" duration="00:00:00.0001909" startTime="2026-06-19T11:29:51.4889929+05:30" endTime="2026-06-19T11:29:51.4891077+05:30" testType="13cdc9d9-ddb5-4fa4-a97d-d965ccfc6d4b" outcome="Passed" testListId="8c84fa94-04c1-424b-9868-57a2d4851a1d" relativeResultsDirectory="efe121e5-48ea-4df6-a91d-05c8249e41a8" />
    <UnitTestResult executionId="e1e14baa-3785-4b26-93a5-0370642be247" testId="c472192f-26ed-3b26-35b1-a2c72846b170" testName="Cine.Tests.Managers.AudioManagerTests.VolumeValue_FiresPropertyChanged" computerName="PAVAL" duration="00:00:00.0007626" startTime="2026-06-19T11:29:51.4847927+05:30" endTime="2026-06-19T11:29:51.4850019+05:30" testType="13cdc9d9-ddb5-4fa4-a97d-d965ccfc6d4b" outcome="Passed" testListId="8c84fa94-04c1-424b-9868-57a2d4851a1d" relativeResultsDirectory="e1e14baa-3785-4b26-93a5-0370642be247" />
    <UnitTestResult executionId="23cdce7c-643e-48fc-af9a-8256b60b5364" testId="ec026327-8451-e5ab-c0d1-5d03b6ef142d" testName="Cine.Tests.Managers.PlaybackStateManagerTests.OnPlaybackStateChanged_Playing_SetsState" computerName="PAVAL" duration="00:00:00.0005302" startTime="2026-06-19T11:29:51.4729513+05:30" endTime="2026-06-19T11:29:51.4731738+05:30" testType="13cdc9d9-ddb5-4fa4-a97d-d965ccfc6d4b" outcome="Passed" testListId="8c84fa94-04c1-424b-9868-57a2d4851a1d" relativeResultsDirectory="23cdce7c-643e-48fc-af9a-8256b60b5364" />
    <UnitTestResult executionId="d35d2a4f-37d7-40a8-889e-f6ded1b3272d" testId="d9c31cfe-7046-2e92-3c43-82e340cf3a28" testName="Cine.Tests.ViewModels.MainViewModelTests.IsLoopPlaylistEnabled_DelegatesToPlaylistCoordinator" computerName="PAVAL" duration="00:00:00.0009755" startTime="2026-06-19T11:29:51.5257359+05:30" endTime="2026-06-19T11:29:51.5266619+05:30" testType="13cdc9d9-ddb5-4fa4-a97d-d965ccfc6d4b" outcome="Passed" testListId="8c84fa94-04c1-424b-9868-57a2d4851a1d" relativeResultsDirectory="d35d2a4f-37d7-40a8-889e-f6ded1b3272d" />
    <UnitTestResult executionId="51f18fb2-44c5-4d92-b078-eee920f8e7d8" testId="0218372a-4cef-8d86-7089-45d359ad9b33" testName="Cine.Tests.ViewModels.MainViewModelTests.Volume_ReflectsVolumeValue" computerName="PAVAL" duration="00:00:00.0008082" startTime="2026-06-19T11:29:51.5290247+05:30" endTime="2026-06-19T11:29:51.5298157+05:30" testType="13cdc9d9-ddb5-4fa4-a97d-d965ccfc6d4b" outcome="Passed" testListId="8c84fa94-04c1-424b-9868-57a2d4851a1d" relativeResultsDirectory="51f18fb2-44c5-4d92-b078-eee920f8e7d8" />
    <UnitTestResult executionId="4efc8cae-125c-4ba7-8a6a-eb6374cdc073" testId="bc7e2ab9-2c9c-af08-0e30-71f4cde1f241" testName="Cine.Tests.Managers.SubtitleManagerTests.OnSubtitlePropertyChanged_Sid_UpdatesTrackId" computerName="PAVAL" duration="00:00:00.0014171" startTime="2026-06-19T11:29:51.4928818+05:30" endTime="2026-06-19T11:29:51.4943536+05:30" testType="13cdc9d9-ddb5-4fa4-a97d-d965ccfc6d4b" outcome="Passed" testListId="8c84fa94-04c1-424b-9868-57a2d4851a1d" relativeResultsDirectory="4efc8cae-125c-4ba7-8a6a-eb6374cdc073" />
    <UnitTestResult executionId="4b2cedaf-6e81-4572-908c-264ad30382c6" testId="a48a784d-4508-6e59-9382-554535de7c40" testName="Cine.Tests.Services.PlaylistCoordinatorTests.Clear_RemovesAllItems" computerName="PAVAL" duration="00:00:00.0120248" startTime="2026-06-19T11:29:51.4033765+05:30" endTime="2026-06-19T11:29:51.4105064+05:30" testType="13cdc9d9-ddb5-4fa4-a97d-d965ccfc6d4b" outcome="Passed" testListId="8c84fa94-04c1-424b-9868-57a2d4851a1d" relativeResultsDirectory="4b2cedaf-6e81-4572-908c-264ad30382c6" />
    <UnitTestResult executionId="f594647e-13e9-42e6-a6f5-bc493fba62e4" testId="ffcc0ef8-e5a5-53bb-ab1d-c4be7249236d" testName="Cine.Tests.Services.PlaylistCoordinatorTests.Add_AddsItem" computerName="PAVAL" duration="00:00:00.0007544" startTime="2026-06-19T11:29:51.4135496+05:30" endTime="2026-06-19T11:29:51.4136060+05:30" testType="13cdc9d9-ddb5-4fa4-a97d-d965ccfc6d4b" outcome="Passed" testListId="8c84fa94-04c1-424b-9868-57a2d4851a1d" relativeResultsDirectory="f594647e-13e9-42e6-a6f5-bc493fba62e4" />
    <UnitTestResult executionId="199ae646-439c-40c0-b173-2fe480de7555" testId="6d98cd00-4bbe-6767-f044-2e4336b45018" testName="Cine.Tests.Services.PlaylistCoordinatorTests.SaveAndLoad_Roundtrip" computerName="PAVAL" duration="00:00:00.0131686" startTime="2026-06-19T11:29:51.4162664+05:30" endTime="2026-06-19T11:29:51.4181025+05:30" testType="13cdc9d9-ddb5-4fa4-a97d-d965ccfc6d4b" outcome="Passed" testListId="8c84fa94-04c1-424b-9868-57a2d4851a1d" relativeResultsDirectory="199ae646-439c-40c0-b173-2fe480de7555" />
    <UnitTestResult executionId="667daf20-bcee-40b2-8ede-aeac5020461d" testId="02d9fff5-019b-3904-9186-1acaba1132db" testName="Cine.Tests.Managers.SubtitleManagerTests.SelectTrackById_SetsCurrentTrackId" computerName="PAVAL" duration="00:00:00.0009972" startTime="2026-06-19T11:29:51.4900567+05:30" endTime="2026-06-19T11:29:51.4915210+05:30" testType="13cdc9d9-ddb5-4fa4-a97d-d965ccfc6d4b" outcome="Passed" testListId="8c84fa94-04c1-424b-9868-57a2d4851a1d" relativeResultsDirectory="667daf20-bcee-40b2-8ede-aeac5020461d" />
    <UnitTestResult executionId="eb2bfb29-59a3-4750-8b6c-d25b6236bba9" testId="4899ec9c-3251-baf0-9ea7-911d5c7eafa0" testName="Cine.Tests.Managers.SubtitleManagerTests.IsSubtitleEnabled_FiresPropertyChanged" computerName="PAVAL" duration="00:00:00.1464689" startTime="2026-06-19T11:29:51.3118708+05:30" endTime="2026-06-19T11:29:51.4608099+05:30" testType="13cdc9d9-ddb5-4fa4-a97d-d965ccfc6d4b" outcome="Passed" testListId="8c84fa94-04c1-424b-9868-57a2d4851a1d" relativeResultsDirectory="eb2bfb29-59a3-4750-8b6c-d25b6236bba9" />
    <UnitTestResult executionId="35d4e52c-fe4f-427e-a9be-614ed25a3d34" testId="78d3ed60-4f0c-a720-9a2e-26b60d427333" testName="Cine.Tests.Managers.VideoManagerTests.ResetRotation_SendsCommand" computerName="PAVAL" duration="00:00:00.0002306" startTime="2026-06-19T11:29:51.4911009+05:30" endTime="2026-06-19T11:29:51.4911858+05:30" testType="13cdc9d9-ddb5-4fa4-a97d-d965ccfc6d4b" outcome="Passed" testListId="8c84fa94-04c1-424b-9868-57a2d4851a1d" relativeResultsDirectory="35d4e52c-fe4f-427e-a9be-614ed25a3d34" />
    <UnitTestResult executionId="8a96d76e-ab9b-4656-8f49-06a4384808e8" testId="5feaa936-872c-8fb4-d729-b8ab903db5c1" testName="Cine.Tests.ViewModels.MainViewModelTests.AudioDelayValue_DelegatesToAudioManager" computerName="PAVAL" duration="00:00:00.0012935" startTime="2026-06-19T11:29:51.5143657+05:30" endTime="2026-06-19T11:29:51.5156340+05:30" testType="13cdc9d9-ddb5-4fa4-a97d-d965ccfc6d4b" outcome="Passed" testListId="8c84fa94-04c1-424b-9868-57a2d4851a1d" relativeResultsDirectory="8a96d76e-ab9b-4656-8f49-06a4384808e8" />
    <UnitTestResult executionId="2372425a-bcf7-4b7e-b6e2-d572b3f083a2" testId="dc9d2418-71b9-ec4e-8275-3f1e0ef57f25" testName="Cine.Tests.Managers.SubtitleManagerTests.Constructor_InitializesDefaults" computerName="PAVAL" duration="00:00:00.0027811" startTime="2026-06-19T11:29:51.4661129+05:30" endTime="2026-06-19T11:29:51.4685106+05:30" testType="13cdc9d9-ddb5-4fa4-a97d-d965ccfc6d4b" outcome="Passed" testListId="8c84fa94-04c1-424b-9868-57a2d4851a1d" relativeResultsDirectory="2372425a-bcf7-4b7e-b6e2-d572b3f083a2" />
    <UnitTestResult executionId="5f9f43e0-eaf2-4e7a-a4bc-a052c35e725d" testId="4e12a029-5f02-2276-69ae-dc61c11bf125" testName="Cine.Tests.Services.PlaylistCoordinatorTests.GetNextIndex_AtEndWithLoop_WrapsToStart" computerName="PAVAL" duration="00:00:00.0002594" startTime="2026-06-19T11:29:51.4205448+05:30" endTime="2026-06-19T11:29:51.4206229+05:30" testType="13cdc9d9-ddb5-4fa4-a97d-d965ccfc6d4b" outcome="Passed" testListId="8c84fa94-04c1-424b-9868-57a2d4851a1d" relativeResultsDirectory="5f9f43e0-eaf2-4e7a-a4bc-a052c35e725d" />
    <UnitTestResult executionId="03ace156-e914-4210-80a0-6b35ba57c23d" testId="3358ed19-9037-3677-e116-83795b7b824d" testName="Cine.Tests.Managers.AudioManagerTests.VolumeValue_ClampsToZero" computerName="PAVAL" duration="00:00:00.0003400" startTime="2026-06-19T11:29:51.4963700+05:30" endTime="2026-06-19T11:29:51.4978748+05:30" testType="13cdc9d9-ddb5-4fa4-a97d-d965ccfc6d4b" outcome="Passed" testListId="8c84fa94-04c1-424b-9868-57a2d4851a1d" relativeResultsDirectory="03ace156-e914-4210-80a0-6b35ba57c23d" />
    <UnitTestResult executionId="552eedfe-ca61-4427-8c83-6f709ea4cf6a" testId="4f178b73-1f84-2ab1-11d4-656bbc945a69" testName="Cine.Tests.ViewModels.MainViewModelTests.ResetZoom_SetsToZero" computerName="PAVAL" duration="00:00:00.0010468" startTime="2026-06-19T11:29:51.5235065+05:30" endTime="2026-06-19T11:29:51.5244488+05:30" testType="13cdc9d9-ddb5-4fa4-a97d-d965ccfc6d4b" outcome="Passed" testListId="8c84fa94-04c1-424b-9868-57a2d4851a1d" relativeResultsDirectory="552eedfe-ca61-4427-8c83-6f709ea4cf6a" />
    <UnitTestResult executionId="564ba899-a6e6-4288-bb92-93d2f598b27c" testId="df4ab2c7-a582-4aec-4e93-2408ac69e8b8" testName="Cine.Tests.ViewModels.MainViewModelTests.IsShuffleEnabled_DelegatesToPlaylistCoordinator" computerName="PAVAL" duration="00:00:00.0017718" startTime="2026-06-19T11:29:51.4960031+05:30" endTime="2026-06-19T11:29:51.4987852+05:30" testType="13cdc9d9-ddb5-4fa4-a97d-d965ccfc6d4b" outcome="Passed" testListId="8c84fa94-04c1-424b-9868-57a2d4851a1d" relativeResultsDirectory="564ba899-a6e6-4288-bb92-93d2f598b27c" />
    <UnitTestResult executionId="fbb9d641-7cf3-419f-82e6-2b4a8586dbdc" testId="5b4b28ab-4706-b90c-51c8-86cc75660f63" testName="Cine.Tests.ViewModels.MainViewModelTests.SpeedValue_SetsPlayerSpeed" computerName="PAVAL" duration="00:00:00.0013479" startTime="2026-06-19T11:29:51.5040172+05:30" endTime="2026-06-19T11:29:51.5050900+05:30" testType="13cdc9d9-ddb5-4fa4-a97d-d965ccfc6d4b" outcome="Passed" testListId="8c84fa94-04c1-424b-9868-57a2d4851a1d" relativeResultsDirectory="fbb9d641-7cf3-419f-82e6-2b4a8586dbdc" />
    <UnitTestResult executionId="2829448f-c762-4aab-9c5c-44594ba81f76" testId="f7685f90-b1df-c2a1-aa3e-fa53182484ca" testName="Cine.Tests.Managers.PlaybackStateManagerTests.UpdatePosition_FiresPropertyChangedForPosition" computerName="PAVAL" duration="00:00:00.0084274" startTime="2026-06-19T11:29:51.4831389+05:30" endTime="2026-06-19T11:29:51.4833983+05:30" testType="13cdc9d9-ddb5-4fa4-a97d-d965ccfc6d4b" outcome="Passed" testListId="8c84fa94-04c1-424b-9868-57a2d4851a1d" relativeResultsDirectory="2829448f-c762-4aab-9c5c-44594ba81f76" />
    <UnitTestResult executionId="357a1219-ca0a-46b7-be78-a36810124534" testId="3fa1abb2-ad76-d1dc-b890-1863e00250af" testName="Cine.Tests.Managers.AudioManagerTests.DecreaseVolume_DecreasesByFive" computerName="PAVAL" duration="00:00:00.0004859" startTime="2026-06-19T11:29:51.4873932+05:30" endTime="2026-06-19T11:29:51.4877602+05:30" testType="13cdc9d9-ddb5-4fa4-a97d-d965ccfc6d4b" outcome="Passed" testListId="8c84fa94-04c1-424b-9868-57a2d4851a1d" relativeResultsDirectory="357a1219-ca0a-46b7-be78-a36810124534" />
    <UnitTestResult executionId="cb31c9f8-7b79-42be-aefe-a9e0e347f913" testId="f520204b-8395-a96d-bab3-1a57e4660478" testName="Cine.Tests.Managers.AudioManagerTests.OnPlayerVolumeChanged_UpdatesMute" computerName="PAVAL" duration="00:00:00.0003374" startTime="2026-06-19T11:29:51.5036505+05:30" endTime="2026-06-19T11:29:51.5038014+05:30" testType="13cdc9d9-ddb5-4fa4-a97d-d965ccfc6d4b" outcome="Passed" testListId="8c84fa94-04c1-424b-9868-57a2d4851a1d" relativeResultsDirectory="cb31c9f8-7b79-42be-aefe-a9e0e347f913" />
    <UnitTestResult executionId="5a5c7a02-a75f-4045-95b2-659df46ec4f7" testId="867c19e2-8f28-f2c1-d22c-1894f3ebaa59" testName="Cine.Tests.Services.ErrorBoundaryTests.Run_Action_HandlesException" computerName="PAVAL" duration="00:00:00.0004100" startTime="2026-06-19T11:29:51.9594783+05:30" endTime="2026-06-19T11:29:51.9595236+05:30" testType="13cdc9d9-ddb5-4fa4-a97d-d965ccfc6d4b" outcome="Passed" testListId="8c84fa94-04c1-424b-9868-57a2d4851a1d" relativeResultsDirectory="5a5c7a02-a75f-4045-95b2-659df46ec4f7" />
    <UnitTestResult executionId="f9288874-619f-431d-bd02-3025e28d0d87" testId="7b5291dd-9425-5d47-545f-55a80c82f4af" testName="Cine.Tests.ViewModels.MainViewModelTests.VolumeValue_FiresPropertyChanged" computerName="PAVAL" duration="00:00:00.0009246" startTime="2026-06-19T11:29:51.5280240+05:30" endTime="2026-06-19T11:29:51.5288564+05:30" testType="13cdc9d9-ddb5-4fa4-a97d-d965ccfc6d4b" outcome="Passed" testListId="8c84fa94-04c1-424b-9868-57a2d4851a1d" relativeResultsDirectory="f9288874-619f-431d-bd02-3025e28d0d87" />
    <UnitTestResult executionId="97b3a660-59f2-4d11-8724-efbd2f909d5b" testId="0e7379a1-9a82-4bab-083a-5defa535ee2e" testName="Cine.Tests.ViewModels.MainViewModelTests.Title_WhenFilePathSet_ReturnsFileName" computerName="PAVAL" duration="00:00:00.0012433" startTime="2026-06-19T11:29:51.5059645+05:30" endTime="2026-06-19T11:29:51.5071157+05:30" testType="13cdc9d9-ddb5-4fa4-a97d-d965ccfc6d4b" outcome="Passed" testListId="8c84fa94-04c1-424b-9868-57a2d4851a1d" relativeResultsDirectory="97b3a660-59f2-4d11-8724-efbd2f909d5b" />
    <UnitTestResult executionId="9ef1c313-5c83-40bd-89f6-aef916a21ec4" testId="905ae1d1-2d49-ba5a-2a86-6a38af50347d" testName="Cine.Tests.Managers.AudioManagerTests.ResetAllAudio_ResetsVolumeAndMute" computerName="PAVAL" duration="00:00:00.0109799" startTime="2026-06-19T11:29:51.4731413+05:30" endTime="2026-06-19T11:29:51.4846296+05:30" testType="13cdc9d9-ddb5-4fa4-a97d-d965ccfc6d4b" outcome="Passed" testListId="8c84fa94-04c1-424b-9868-57a2d4851a1d" relativeResultsDirectory="9ef1c313-5c83-40bd-89f6-aef916a21ec4" />
    <UnitTestResult executionId="a037012d-5fdd-44ba-81bf-e57017135406" testId="862222fe-e463-cbc8-2add-d4aca110844b" testName="Cine.Tests.Managers.PlaybackStateManagerTests.Refresh_ReadsSpeedFromPlayer" computerName="PAVAL" duration="00:00:00.0004528" startTime="2026-06-19T11:29:51.4741751+05:30" endTime="2026-06-19T11:29:51.4742601+05:30" testType="13cdc9d9-ddb5-4fa4-a97d-d965ccfc6d4b" outcome="Passed" testListId="8c84fa94-04c1-424b-9868-57a2d4851a1d" relativeResultsDirectory="a037012d-5fdd-44ba-81bf-e57017135406" />
    <UnitTestResult executionId="14dcb29c-b382-4e9b-b37d-9dfc9e19e9bc" testId="2981481c-012c-e132-c84a-ee369b9933fe" testName="Cine.Tests.Managers.AudioManagerTests.AudioDelay_SetsPlayerDelay" computerName="PAVAL" duration="00:00:00.0003390" startTime="2026-06-19T11:29:51.5012379+05:30" endTime="2026-06-19T11:29:51.5015703+05:30" testType="13cdc9d9-ddb5-4fa4-a97d-d965ccfc6d4b" outcome="Passed" testListId="8c84fa94-04c1-424b-9868-57a2d4851a1d" relativeResultsDirectory="14dcb29c-b382-4e9b-b37d-9dfc9e19e9bc" />
    <UnitTestResult executionId="29356dfb-009b-4fed-99f0-98bca992d84f" testId="2407b216-3528-374a-bed9-3cd2bf071349" testName="Cine.Tests.Managers.AudioManagerTests.IncreaseVolume_IncreasesByFive" computerName="PAVAL" duration="00:00:00.0009899" startTime="2026-06-19T11:29:51.5031602+05:30" endTime="2026-06-19T11:29:51.5035394+05:30" testType="13cdc9d9-ddb5-4fa4-a97d-d965ccfc6d4b" outcome="Passed" testListId="8c84fa94-04c1-424b-9868-57a2d4851a1d" relativeResultsDirectory="29356dfb-009b-4fed-99f0-98bca992d84f" />
    <UnitTestResult executionId="bd889bd1-2309-436f-8a5e-7e70f47012f9" testId="57d85944-430a-aca5-ace4-b6ca792e45e1" testName="Cine.Tests.ViewModels.MainViewModelTests.ResetContrast_SetsToZero" computerName="PAVAL" duration="00:00:00.0009153" startTime="2026-06-19T11:29:51.5158032+05:30" endTime="2026-06-19T11:29:51.5165878+05:30" testType="13cdc9d9-ddb5-4fa4-a97d-d965ccfc6d4b" outcome="Passed" testListId="8c84fa94-04c1-424b-9868-57a2d4851a1d" relativeResultsDirectory="bd889bd1-2309-436f-8a5e-7e70f47012f9" />
    <UnitTestResult executionId="a19d1abf-16a2-4129-bf81-9ceae3ab76d0" testId="6507a0b2-551e-7bbd-b6b9-7e21d13973af" testName="Cine.Tests.Managers.PlaylistSettingsStoreTests.SaveAndLoad_ClampsNegativePosition" computerName="PAVAL" duration="00:00:00.0123248" startTime="2026-06-19T11:29:51.4180699+05:30" endTime="2026-06-19T11:29:51.4227872+05:30" testType="13cdc9d9-ddb5-4fa4-a97d-d965ccfc6d4b" outcome="Passed" testListId="8c84fa94-04c1-424b-9868-57a2d4851a1d" relativeResultsDirectory="a19d1abf-16a2-4129-bf81-9ceae3ab76d0" />
    <UnitTestResult executionId="02edecc2-ecbc-4d94-8760-ea0a21e46f5b" testId="e574232f-e4d8-4fe8-860f-c70e74a144f8" testName="Cine.Tests.Managers.VideoManagerTests.ResetAllVideo_ResetsFilters" computerName="PAVAL" duration="00:00:00.0030316" startTime="2026-06-19T11:29:51.4845510+05:30" endTime="2026-06-19T11:29:51.4863335+05:30" testType="13cdc9d9-ddb5-4fa4-a97d-d965ccfc6d4b" outcome="Passed" testListId="8c84fa94-04c1-424b-9868-57a2d4851a1d" relativeResultsDirectory="02edecc2-ecbc-4d94-8760-ea0a21e46f5b" />
    <UnitTestResult executionId="82400b50-591c-4f17-9371-502b850c493e" testId="b0a1d464-1304-15e3-01f2-39e74f1bbc8f" testName="Cine.Tests.Managers.PlaybackStateManagerTests.Constructor_InitializesDefaults" computerName="PAVAL" duration="00:00:00.0027862" startTime="2026-06-19T11:29:51.4849595+05:30" endTime="2026-06-19T11:29:51.4874274+05:30" testType="13cdc9d9-ddb5-4fa4-a97d-d965ccfc6d4b" outcome="Passed" testListId="8c84fa94-04c1-424b-9868-57a2d4851a1d" relativeResultsDirectory="82400b50-591c-4f17-9371-502b850c493e" />
    <UnitTestResult executionId="d0718bc7-ed62-4d39-a2b8-36d2484f8e6c" testId="21ff706a-e29d-30af-426c-337bc2dad7e1" testName="Cine.Tests.Managers.PlaylistSettingsStoreTests.ClearPlaylist_WhenNoData_DoesNotThrow" computerName="PAVAL" duration="00:00:00.0008590" startTime="2026-06-19T11:29:51.4176290+05:30" endTime="2026-06-19T11:29:51.4177007+05:30" testType="13cdc9d9-ddb5-4fa4-a97d-d965ccfc6d4b" outcome="Passed" testListId="8c84fa94-04c1-424b-9868-57a2d4851a1d" relativeResultsDirectory="d0718bc7-ed62-4d39-a2b8-36d2484f8e6c" />
    <UnitTestResult executionId="aa985676-d690-4e77-8d25-08242567f9f5" testId="dc4a4c19-34d3-29ab-9db6-210abdedc2ad" testName="Cine.Tests.Services.PlaylistCoordinatorTests.GetNextIndex_Empty_ReturnsNull" computerName="PAVAL" duration="00:00:00.0004092" startTime="2026-06-19T11:29:51.4143540+05:30" endTime="2026-06-19T11:29:51.4143928+05:30" testType="13cdc9d9-ddb5-4fa4-a97d-d965ccfc6d4b" outcome="Passed" testListId="8c84fa94-04c1-424b-9868-57a2d4851a1d" relativeResultsDirectory="aa985676-d690-4e77-8d25-08242567f9f5" />
    <UnitTestResult executionId="444fa6d0-51c8-463e-bebc-678ed8ea7e3c" testId="9fff6a39-2e7d-921e-d01c-a1f7457ba3be" testName="Cine.Tests.Services.PlaylistCoordinatorTests.ClearPersistence_RemovesSavedData" computerName="PAVAL" duration="00:00:00.0298388" startTime="2026-06-19T11:29:51.4137406+05:30" endTime="2026-06-19T11:29:51.4138985+05:30" testType="13cdc9d9-ddb5-4fa4-a97d-d965ccfc6d4b" outcome="Passed" testListId="8c84fa94-04c1-424b-9868-57a2d4851a1d" relativeResultsDirectory="444fa6d0-51c8-463e-bebc-678ed8ea7e3c" />
    <UnitTestResult executionId="aef7dc83-ecbe-40a7-96cc-0aa00c1dae7d" testId="97e50133-c362-8a4d-8713-4c9211a9875d" testName="Cine.Tests.Managers.AudioManagerTests.SetEqualizerBand_ClampsAndApplies" computerName="PAVAL" duration="00:00:00.1567760" startTime="2026-06-19T11:29:51.3118061+05:30" endTime="2026-06-19T11:29:51.4722659+05:30" testType="13cdc9d9-ddb5-4fa4-a97d-d965ccfc6d4b" outcome="Passed" testListId="8c84fa94-04c1-424b-9868-57a2d4851a1d" relativeResultsDirectory="aef7dc83-ecbe-40a7-96cc-0aa00c1dae7d" />
    <UnitTestResult executionId="6b23d3c2-40fe-4735-87a3-2c84644a2760" testId="1fadae87-7ed8-da38-c8ee-522655f6d7f3" testName="Cine.Tests.Managers.VideoManagerTests.GammaValue_SetsPlayerGamma" computerName="PAVAL" duration="00:00:00.0004668" startTime="2026-06-19T11:29:51.4928475+05:30" endTime="2026-06-19T11:29:51.4935544+05:30" testType="13cdc9d9-ddb5-4fa4-a97d-d965ccfc6d4b" outcome="Passed" testListId="8c84fa94-04c1-424b-9868-57a2d4851a1d" relativeResultsDirectory="6b23d3c2-40fe-4735-87a3-2c84644a2760" />
    <UnitTestResult executionId="a00bb8dc-7778-44a9-a974-734dcb3b60c2" testId="e47bee06-adda-6499-56c4-3b3fa4ccbbde" testName="Cine.Tests.Services.PlaylistCoordinatorTests.CurrentPath_WhenEmpty_ReturnsNull" computerName="PAVAL" duration="00:00:00.0005119" startTime="2026-06-19T11:29:51.4016020+05:30" endTime="2026-06-19T11:29:51.4018064+05:30" testType="13cdc9d9-ddb5-4fa4-a97d-d965ccfc6d4b" outcome="Passed" testListId="8c84fa94-04c1-424b-9868-57a2d4851a1d" relativeResultsDirectory="a00bb8dc-7778-44a9-a974-734dcb3b60c2" />
    <UnitTestResult executionId="3791b863-e384-49fb-8880-d074f494f9d0" testId="1baf2d48-bd57-983c-ab78-df0c7b467140" testName="Cine.Tests.Services.ErrorBoundaryTests.TryAsync_Success_ReturnsOk" computerName="PAVAL" duration="00:00:00.0173712" startTime="2026-06-19T11:29:51.3119063+05:30" endTime="2026-06-19T11:29:51.4108049+05:30" testType="13cdc9d9-ddb5-4fa4-a97d-d965ccfc6d4b" outcome="Passed" testListId="8c84fa94-04c1-424b-9868-57a2d4851a1d" relativeResultsDirectory="3791b863-e384-49fb-8880-d074f494f9d0" />
    <UnitTestResult executionId="51c9269b-f1ed-440e-b508-17989b133abd" testId="c1b020a1-1a14-7738-8a29-3fd917ae0a16" testName="Cine.Tests.Managers.AudioManagerTests.ResetAudioDelay_SetsToZero" computerName="PAVAL" duration="00:00:00.0016313" startTime="2026-06-19T11:29:51.4851170+05:30" endTime="2026-06-19T11:29:51.4859711+05:30" testType="13cdc9d9-ddb5-4fa4-a97d-d965ccfc6d4b" outcome="Passed" testListId="8c84fa94-04c1-424b-9868-57a2d4851a1d" relativeResultsDirectory="51c9269b-f1ed-440e-b508-17989b133abd" />
    <UnitTestResult executionId="585e1edf-249e-4ea6-8bd6-7c128a07ef89" testId="22427559-7472-2998-a514-4dfe1ee6d101" testName="Cine.Tests.Managers.AudioManagerTests.IsMuted_CallsPlayerMute" computerName="PAVAL" duration="00:00:00.0004591" startTime="2026-06-19T11:29:51.4861464+05:30" endTime="2026-06-19T11:29:51.4872646+05:30" testType="13cdc9d9-ddb5-4fa4-a97d-d965ccfc6d4b" outcome="Passed" testListId="8c84fa94-04c1-424b-9868-57a2d4851a1d" relativeResultsDirectory="585e1edf-249e-4ea6-8bd6-7c128a07ef89" />
    <UnitTestResult executionId="c3230e2f-7538-4613-b34f-1ef92b823fb5" testId="37532746-7e57-e15f-b30d-0b5a6bbb8ed5" testName="Cine.Tests.Managers.VideoManagerTests.FlipVertical_SendsCommand" computerName="PAVAL" duration="00:00:00.0004245" startTime="2026-06-19T11:29:51.5000994+05:30" endTime="2026-06-19T11:29:51.5001686+05:30" testType="13cdc9d9-ddb5-4fa4-a97d-d965ccfc6d4b" outcome="Passed" testListId="8c84fa94-04c1-424b-9868-57a2d4851a1d" relativeResultsDirectory="c3230e2f-7538-4613-b34f-1ef92b823fb5" />
    <UnitTestResult executionId="4e292558-9275-413a-be1d-f838fd01eb42" testId="f7dd5a2e-a939-63f9-0bfd-071a13f7f8f4" testName="Cine.Tests.ViewModels.MainViewModelTests.BrightnessValue_SetsPlayerBrightness" computerName="PAVAL" duration="00:00:00.0007222" startTime="2026-06-19T11:29:51.5167123+05:30" endTime="2026-06-19T11:29:51.5173592+05:30" testType="13cdc9d9-ddb5-4fa4-a97d-d965ccfc6d4b" outcome="Passed" testListId="8c84fa94-04c1-424b-9868-57a2d4851a1d" relativeResultsDirectory="4e292558-9275-413a-be1d-f838fd01eb42" />
    <UnitTestResult executionId="f522667e-d1a0-46b4-a128-8a56b55d4755" testId="8a5a236a-1eaa-c6dc-1ee2-3d693dcb26f9" testName="Cine.Tests.Managers.SubtitleManagerTests.OnTrackListChanged_RebuildsSubtitleTracks" computerName="PAVAL" duration="00:00:00.0020350" startTime="2026-06-19T11:29:51.5017972+05:30" endTime="2026-06-19T11:29:51.5019948+05:30" testType="13cdc9d9-ddb5-4fa4-a97d-d965ccfc6d4b" outcome="Passed" testListId="8c84fa94-04c1-424b-9868-57a2d4851a1d" relativeResultsDirectory="f522667e-d1a0-46b4-a128-8a56b55d4755" />
    <UnitTestResult executionId="e3a87b6e-9e59-4229-a0f1-eebb669750d1" testId="29c54962-3f3a-beb6-0d98-14680402b337" testName="Cine.Tests.Managers.VideoManagerTests.AspectRatioValue_SetsPlayerAspectRatio" computerName="PAVAL" duration="00:00:00.0005936" startTime="2026-06-19T11:29:51.4937634+05:30" endTime="2026-06-19T11:29:51.4941555+05:30" testType="13cdc9d9-ddb5-4fa4-a97d-d965ccfc6d4b" outcome="Passed" testListId="8c84fa94-04c1-424b-9868-57a2d4851a1d" relativeResultsDirectory="e3a87b6e-9e59-4229-a0f1-eebb669750d1" />
    <UnitTestResult executionId="7e3e0c2b-2453-42ef-b4ea-530343b7e46c" testId="4a24bcd1-3434-b357-6a11-f6c88bfa92e9" testName="Cine.Tests.ViewModels.MainViewModelTests.ResetSaturation_SetsToOne" computerName="PAVAL" duration="00:00:00.0012521" startTime="2026-06-19T11:29:51.5054405+05:30" endTime="2026-06-19T11:29:51.5055230+05:30" testType="13cdc9d9-ddb5-4fa4-a97d-d965ccfc6d4b" outcome="Passed" testListId="8c84fa94-04c1-424b-9868-57a2d4851a1d" relativeResultsDirectory="7e3e0c2b-2453-42ef-b4ea-530343b7e46c" />
    <UnitTestResult executionId="d691b0f1-8c93-4743-bca7-f3666e16a42f" testId="086b3c79-31e7-297b-c1c9-43bb14766d43" testName="Cine.Tests.Services.PlaylistCoordinatorTests.RemoveAt_InvalidIndex_DoesNothing" computerName="PAVAL" duration="00:00:00.0004181" startTime="2026-06-19T11:29:51.4219933+05:30" endTime="2026-06-19T11:29:51.4220782+05:30" testType="13cdc9d9-ddb5-4fa4-a97d-d965ccfc6d4b" outcome="Passed" testListId="8c84fa94-04c1-424b-9868-57a2d4851a1d" relativeResultsDirectory="d691b0f1-8c93-4743-bca7-f3666e16a42f" />
    <UnitTestResult executionId="783fe8bb-1f30-4d6f-8645-1556b1fa122e" testId="4110b6b5-2373-fee3-0882-185e5d0dffcf" testName="Cine.Tests.Managers.VideoManagerTests.HasMultipleVideoTracks_SingleTrack_ReturnsFalse" computerName="PAVAL" duration="00:00:00.0008398" startTime="2026-06-19T11:29:51.4871829+05:30" endTime="2026-06-19T11:29:51.4879044+05:30" testType="13cdc9d9-ddb5-4fa4-a97d-d965ccfc6d4b" outcome="Passed" testListId="8c84fa94-04c1-424b-9868-57a2d4851a1d" relativeResultsDirectory="783fe8bb-1f30-4d6f-8645-1556b1fa122e" />
    <UnitTestResult executionId="09d67684-0467-4d6e-8f63-82cc457173ec" testId="6ee4d179-41a2-212c-4e63-d367bdc6f079" testName="Cine.Tests.ViewModels.MainViewModelTests.SubtitleDelayValue_DelegatesToSubtitleManager" computerName="PAVAL" duration="00:00:00.1779029" startTime="2026-06-19T11:29:51.3118494+05:30" endTime="2026-06-19T11:29:51.4958291+05:30" testType="13cdc9d9-ddb5-4fa4-a97d-d965ccfc6d4b" outcome="Passed" testListId="8c84fa94-04c1-424b-9868-57a2d4851a1d" relativeResultsDirectory="09d67684-0467-4d6e-8f63-82cc457173ec" />
    <UnitTestResult executionId="6e3108e6-7ac1-4c5f-b427-613662af207e" testId="de9b7b0b-f7e2-ece9-f9c7-40319b5233e6" testName="Cine.Tests.Services.PlaylistCoordinatorTests.Add_EmptyPath_Ignored" computerName="PAVAL" duration="00:00:00.0002167" startTime="2026-06-19T11:29:51.4193124+05:30" endTime="2026-06-19T11:29:51.4193525+05:30" testType="13cdc9d9-ddb5-4fa4-a97d-d965ccfc6d4b" outcome="Passed" testListId="8c84fa94-04c1-424b-9868-57a2d4851a1d" relativeResultsDirectory="6e3108e6-7ac1-4c5f-b427-613662af207e" />
    <UnitTestResult executionId="d3fc035b-464f-4444-9c56-630cd075516b" testId="695e3598-0b7f-eb0b-df88-7663f59873af" testName="Cine.Tests.Managers.AudioManagerTests.ApplyEqualizerPreset_Flat_ResetsAllBands" computerName="PAVAL" duration="00:00:00.0036356" startTime="2026-06-19T11:29:51.4878757+05:30" endTime="2026-06-19T11:29:51.4931967+05:30" testType="13cdc9d9-ddb5-4fa4-a97d-d965ccfc6d4b" outcome="Passed" testListId="8c84fa94-04c1-424b-9868-57a2d4851a1d" relativeResultsDirectory="d3fc035b-464f-4444-9c56-630cd075516b" />
    <UnitTestResult executionId="3919426f-e551-4756-9fea-aee54ae0f23d" testId="9797a4a7-7505-d01a-144b-e67415b7c94e" testName="Cine.Tests.Services.PlaylistCoordinatorTests.CurrentPath_ReturnsCorrectPath" computerName="PAVAL" duration="00:00:00.0001927" startTime="2026-06-19T11:29:51.4157234+05:30" endTime="2026-06-19T11:29:51.4157818+05:30" testType="13cdc9d9-ddb5-4fa4-a97d-d965ccfc6d4b" outcome="Passed" testListId="8c84fa94-04c1-424b-9868-57a2d4851a1d" relativeResultsDirectory="3919426f-e551-4756-9fea-aee54ae0f23d" />
    <UnitTestResult executionId="ad9c291d-f416-4e33-80d5-0607e793a831" testId="54e03efa-315b-c65d-a454-c6c081482858" testName="Cine.Tests.Managers.SubtitleManagerTests.OnSubtitlePropertyChanged_SidNegative_DisablesSubtitles" computerName="PAVAL" duration="00:00:00.0007284" startTime="2026-06-19T11:29:51.4998060+05:30" endTime="2026-06-19T11:29:51.5003258+05:30" testType="13cdc9d9-ddb5-4fa4-a97d-d965ccfc6d4b" outcome="Passed" testListId="8c84fa94-04c1-424b-9868-57a2d4851a1d" relativeResultsDirectory="ad9c291d-f416-4e33-80d5-0607e793a831" />
    <UnitTestResult executionId="fdb83b4b-6521-4cb6-9ecd-600a7f1537ac" testId="2f447ff5-857f-7295-c151-460959f4f2eb" testName="Cine.Tests.Managers.SubtitleManagerTests.SubtitleBorderSize_SetsPlayerBorderSize" computerName="PAVAL" duration="00:00:00.0003727" startTime="2026-06-19T11:29:51.4973453+05:30" endTime="2026-06-19T11:29:51.4980618+05:30" testType="13cdc9d9-ddb5-4fa4-a97d-d965ccfc6d4b" outcome="Passed" testListId="8c84fa94-04c1-424b-9868-57a2d4851a1d" relativeResultsDirectory="fdb83b4b-6521-4cb6-9ecd-600a7f1537ac" />
    <UnitTestResult executionId="cdd088d9-a0c6-4c05-a617-dc707fdce94d" testId="4dbd487e-ce36-b111-cdfb-3826af5a0811" testName="Cine.Tests.Managers.PlaybackStateManagerTests.Dispose_UnsubscribesFromPlayerEvents" computerName="PAVAL" duration="00:00:00.0010179" startTime="2026-06-19T11:29:51.4661609+05:30" endTime="2026-06-19T11:29:51.4667931+05:30" testType="13cdc9d9-ddb5-4fa4-a97d-d965ccfc6d4b" outcome="Passed" testListId="8c84fa94-04c1-424b-9868-57a2d4851a1d" relativeResultsDirectory="cdd088d9-a0c6-4c05-a617-dc707fdce94d" />
    <UnitTestResult executionId="cf4b636a-c556-43d1-959d-3adbb2b2641b" testId="d681d334-0210-1f6f-a57f-8304354be6c5" testName="Cine.Tests.Services.ScreenshotServiceTests.SaveScreenshot_WithValidFormat_UsesFormat" computerName="PAVAL" duration="00:00:00.0015932" startTime="2026-06-19T11:29:51.4036744+05:30" endTime="2026-06-19T11:29:51.4037284+05:30" testType="13cdc9d9-ddb5-4fa4-a97d-d965ccfc6d4b" outcome="Passed" testListId="8c84fa94-04c1-424b-9868-57a2d4851a1d" relativeResultsDirectory="cf4b636a-c556-43d1-959d-3adbb2b2641b" />
    <UnitTestResult executionId="42b5cf88-2667-4beb-92ef-64bb84f39b01" testId="7ea1ea23-7b76-5980-6b0b-8b4cdb74fa72" testName="Cine.Tests.Managers.SubtitleManagerTests.OnSubtitlePropertyChanged_SubVisibility_UpdatesEnabled" computerName="PAVAL" duration="00:00:00.0004060" startTime="2026-06-19T11:29:51.5004407+05:30" endTime="2026-06-19T11:29:51.5016669+05:30" testType="13cdc9d9-ddb5-4fa4-a97d-d965ccfc6d4b" outcome="Passed" testListId="8c84fa94-04c1-424b-9868-57a2d4851a1d" relativeResultsDirectory="42b5cf88-2667-4beb-92ef-64bb84f39b01" />
    <UnitTestResult executionId="5a0fed56-c3cd-463b-9c45-a300398b86bb" testId="7c4f4980-98be-145c-30d1-dc10f850425d" testName="Cine.Tests.ViewModels.MainViewModelTests.Constructor_InitializesDefaults" computerName="PAVAL" duration="00:00:00.0037086" startTime="2026-06-19T11:29:51.5072681+05:30" endTime="2026-06-19T11:29:51.5109521+05:30" testType="13cdc9d9-ddb5-4fa4-a97d-d965ccfc6d4b" outcome="Passed" testListId="8c84fa94-04c1-424b-9868-57a2d4851a1d" relativeResultsDirectory="5a0fed56-c3cd-463b-9c45-a300398b86bb" />
    <UnitTestResult executionId="ced5883a-701c-4775-b962-1ac538006e98" testId="56d41c28-ccb7-98b0-46bb-28cae828054e" testName="Cine.Tests.Managers.SubtitleManagerTests.SubtitleBorderSize_ClampsToRange" computerName="PAVAL" duration="00:00:00.0010602" startTime="2026-06-19T11:29:51.4729273+05:30" endTime="2026-06-19T11:29:51.4743625+05:30" testType="13cdc9d9-ddb5-4fa4-a97d-d965ccfc6d4b" outcome="Passed" testListId="8c84fa94-04c1-424b-9868-57a2d4851a1d" relativeResultsDirectory="ced5883a-701c-4775-b962-1ac538006e98" />
    <UnitTestResult executionId="597725ea-0f10-450c-bd95-7e63bc68b156" testId="223461b1-2ce2-7a70-e650-375c0d56b728" testName="Cine.Tests.Managers.SubtitleManagerTests.SubtitleDelay_SetsPlayerDelay" computerName="PAVAL" duration="00:00:00.0035150" startTime="2026-06-19T11:29:51.4833235+05:30" endTime="2026-06-19T11:29:51.4861803+05:30" testType="13cdc9d9-ddb5-4fa4-a97d-d965ccfc6d4b" outcome="Passed" testListId="8c84fa94-04c1-424b-9868-57a2d4851a1d" relativeResultsDirectory="597725ea-0f10-450c-bd95-7e63bc68b156" />
    <UnitTestResult executionId="e8a0908e-389c-47f8-bfdb-b40c7a1b3582" testId="bbf91694-063e-8f87-5b34-7930bb06156d" testName="Cine.Tests.Managers.AudioManagerTests.OnPlayerVolumeChanged_UpdatesVolume" computerName="PAVAL" duration="00:00:00.0006241" startTime="2026-06-19T11:29:51.4985274+05:30" endTime="2026-06-19T11:29:51.4998332+05:30" testType="13cdc9d9-ddb5-4fa4-a97d-d965ccfc6d4b" outcome="Passed" testListId="8c84fa94-04c1-424b-9868-57a2d4851a1d" relativeResultsDirectory="e8a0908e-389c-47f8-bfdb-b40c7a1b3582" />
    <UnitTestResult executionId="4f842f2a-2c71-4adc-b759-8643398b5253" testId="65142cd1-7c83-a057-589c-f8367a6f93af" testName="Cine.Tests.Managers.SubtitleManagerTests.SubtitlePosition_SetsPlayerPosition" computerName="PAVAL" duration="00:00:00.0012042" startTime="2026-06-19T11:29:51.4700279+05:30" endTime="2026-06-19T11:29:51.4719971+05:30" testType="13cdc9d9-ddb5-4fa4-a97d-d965ccfc6d4b" outcome="Passed" testListId="8c84fa94-04c1-424b-9868-57a2d4851a1d" relativeResultsDirectory="4f842f2a-2c71-4adc-b759-8643398b5253" />
    <UnitTestResult executionId="9b8c6a54-05fb-4de3-bf98-153220da6b75" testId="c5ecdfa9-9c17-71ac-fe39-a2dfb7ad90a5" testName="Cine.Tests.ViewModels.MainViewModelTests.RotateLeft_SendsCommand" computerName="PAVAL" duration="00:00:00.0010258" startTime="2026-06-19T11:29:51.5122726+05:30" endTime="2026-06-19T11:29:51.5131952+05:30" testType="13cdc9d9-ddb5-4fa4-a97d-d965ccfc6d4b" outcome="Passed" testListId="8c84fa94-04c1-424b-9868-57a2d4851a1d" relativeResultsDirectory="9b8c6a54-05fb-4de3-bf98-153220da6b75" />
    <UnitTestResult executionId="26a4cd3e-9226-4def-906e-878d61cc49e8" testId="c2f1d206-6f4a-485d-a072-7d2a59e91c1e" testName="Cine.Tests.Services.ScreenshotServiceTests.SaveScreenshot_ReturnsPath" computerName="PAVAL" duration="00:00:00.0006221" startTime="2026-06-19T11:29:51.4047566+05:30" endTime="2026-06-19T11:29:51.4065290+05:30" testType="13cdc9d9-ddb5-4fa4-a97d-d965ccfc6d4b" outcome="Passed" testListId="8c84fa94-04c1-424b-9868-57a2d4851a1d" relativeResultsDirectory="26a4cd3e-9226-4def-906e-878d61cc49e8" />
    <UnitTestResult executionId="04f19996-5900-4806-84e6-eec3bb3a171e" testId="38143507-f67e-ca45-8045-ac35af7785dd" testName="Cine.Tests.Managers.PlaybackStateManagerTests.OnPlayerOpened_SetsMediaLoaded" computerName="PAVAL" duration="00:00:00.0002432" startTime="2026-06-19T11:29:51.4931314+05:30" endTime="2026-06-19T11:29:51.4934042+05:30" testType="13cdc9d9-ddb5-4fa4-a97d-d965ccfc6d4b" outcome="Passed" testListId="8c84fa94-04c1-424b-9868-57a2d4851a1d" relativeResultsDirectory="04f19996-5900-4806-84e6-eec3bb3a171e" />
    <UnitTestResult executionId="0a2fa964-3db2-4cc0-b940-dd9fb425a79f" testId="8db3dcce-0643-d742-e781-d740793e1336" testName="Cine.Tests.Managers.SubtitleManagerTests.SubtitleFont_SetsPlayerFont" computerName="PAVAL" duration="00:00:00.0004004" startTime="2026-06-19T11:29:51.5033206+05:30" endTime="2026-06-19T11:29:51.5033630+05:30" testType="13cdc9d9-ddb5-4fa4-a97d-d965ccfc6d4b" outcome="Passed" testListId="8c84fa94-04c1-424b-9868-57a2d4851a1d" relativeResultsDirectory="0a2fa964-3db2-4cc0-b940-dd9fb425a79f" />
    <UnitTestResult executionId="00dca48a-8b80-4a2c-a146-4ff71b744932" testId="b77b21d9-0701-7290-5ab4-96f55a757f2a" testName="Cine.Tests.Managers.VideoManagerTests.SaturationValue_SetsPlayerSaturation" computerName="PAVAL" duration="00:00:00.0005431" startTime="2026-06-19T11:29:51.4917438+05:30" endTime="2026-06-19T11:29:51.4919821+05:30" testType="13cdc9d9-ddb5-4fa4-a97d-d965ccfc6d4b" outcome="Passed" testListId="8c84fa94-04c1-424b-9868-57a2d4851a1d" relativeResultsDirectory="00dca48a-8b80-4a2c-a146-4ff71b744932" />
    <UnitTestResult executionId="01f00f61-1887-4929-9440-3873f488073a" testId="b0c265f1-25ce-e99b-a1f8-bcefb0f877d3" testName="Cine.Tests.Managers.PlaybackStateManagerTests.Dispose_MultipleCalls_DoesNotThrow" computerName="PAVAL" duration="00:00:00.1513913" startTime="2026-06-19T11:29:51.3099821+05:30" endTime="2026-06-19T11:29:51.4658700+05:30" testType="13cdc9d9-ddb5-4fa4-a97d-d965ccfc6d4b" outcome="Passed" testListId="8c84fa94-04c1-424b-9868-57a2d4851a1d" relativeResultsDirectory="01f00f61-1887-4929-9440-3873f488073a" />
    <UnitTestResult executionId="2ffa8bb5-ce74-4c69-b6ae-f9f96e17230f" testId="506702db-9655-cd6e-c6d7-84375ef325b8" testName="Cine.Tests.ViewModels.MainViewModelTests.RotateRight_SendsCommand" computerName="PAVAL" duration="00:00:00.0011950" startTime="2026-06-19T11:29:51.5052093+05:30" endTime="2026-06-19T11:29:51.5053425+05:30" testType="13cdc9d9-ddb5-4fa4-a97d-d965ccfc6d4b" outcome="Passed" testListId="8c84fa94-04c1-424b-9868-57a2d4851a1d" relativeResultsDirectory="2ffa8bb5-ce74-4c69-b6ae-f9f96e17230f" />
    <UnitTestResult executionId="8506a644-0e57-425d-aa81-a4e3842c0cc0" testId="11802289-a233-641f-a9b2-b8e576588d79" testName="Cine.Tests.Managers.PlaylistSettingsStoreTests.Load_WhenNoFile_ReturnsNull" computerName="PAVAL" duration="00:00:00.0004864" startTime="2026-06-19T11:29:51.4178565+05:30" endTime="2026-06-19T11:29:51.4179398+05:30" testType="13cdc9d9-ddb5-4fa4-a97d-d965ccfc6d4b" outcome="Passed" testListId="8c84fa94-04c1-424b-9868-57a2d4851a1d" relativeResultsDirectory="8506a644-0e57-425d-aa81-a4e3842c0cc0" />
    <UnitTestResult executionId="a51b2141-3a55-42ce-b682-6c8f9cbb568c" testId="de0f386a-7fe0-fc66-ed68-e9ed62906c18" testName="Cine.Tests.Managers.PlaybackStateManagerTests.UpdateVolume_FiresPropertyChanged" computerName="PAVAL" duration="00:00:00.0004637" startTime="2026-06-19T11:29:51.4875381+05:30" endTime="2026-06-19T11:29:51.4879524+05:30" testType="13cdc9d9-ddb5-4fa4-a97d-d965ccfc6d4b" outcome="Passed" testListId="8c84fa94-04c1-424b-9868-57a2d4851a1d" relativeResultsDirectory="a51b2141-3a55-42ce-b682-6c8f9cbb568c" />
    <UnitTestResult executionId="f549057d-3455-483c-9774-aabd7d240975" testId="408ae148-643f-ecab-e1da-e985d7f616f8" testName="Cine.Tests.Managers.PlaylistSettingsStoreTests.ClearPlaylist_RemovesSavedData" computerName="PAVAL" duration="00:00:00.0013867" startTime="2026-06-19T11:29:51.4173929+05:30" endTime="2026-06-19T11:29:51.4174900+05:30" testType="13cdc9d9-ddb5-4fa4-a97d-d965ccfc6d4b" outcome="Passed" testListId="8c84fa94-04c1-424b-9868-57a2d4851a1d" relativeResultsDirectory="f549057d-3455-483c-9774-aabd7d240975" />
    <UnitTestResult executionId="8523832b-5589-4836-a63d-0d73911d132a" testId="991cb2fc-4b19-02ec-ecf6-845985435a6e" testName="Cine.Tests.Managers.PlaylistSettingsStoreTests.SaveAndLoad_EmptyList" computerName="PAVAL" duration="00:00:00.0117487" startTime="2026-06-19T11:29:51.4229130+05:30" endTime="2026-06-19T11:29:51.4295705+05:30" testType="13cdc9d9-ddb5-4fa4-a97d-d965ccfc6d4b" outcome="Passed" testListId="8c84fa94-04c1-424b-9868-57a2d4851a1d" relativeResultsDirectory="8523832b-5589-4836-a63d-0d73911d132a" />
    <UnitTestResult executionId="e1efac19-d399-4cc2-a2fb-28a1f4699e2b" testId="82349656-9baa-5506-983a-34823f7a02a4" testName="Cine.Tests.Managers.PlaybackStateManagerTests.OnPlaybackStateChanged_StoppedWhenLoaded_SetsReplayMode" computerName="PAVAL" duration="00:00:00.0003579" startTime="2026-06-19T11:29:51.4919417+05:30" endTime="2026-06-19T11:29:51.4929439+05:30" testType="13cdc9d9-ddb5-4fa4-a97d-d965ccfc6d4b" outcome="Passed" testListId="8c84fa94-04c1-424b-9868-57a2d4851a1d" relativeResultsDirectory="e1efac19-d399-4cc2-a2fb-28a1f4699e2b" />
    <UnitTestResult executionId="30b22429-ee1b-482f-91ee-30af5c209a29" testId="371abe64-1271-2ed1-8919-c7c6353063fc" testName="Cine.Tests.ViewModels.MainViewModelTests.VolumeValue_DelegatesToAudioManager" computerName="PAVAL" duration="00:00:00.0021422" startTime="2026-06-19T11:29:51.4996448+05:30" endTime="2026-06-19T11:29:51.5018580+05:30" testType="13cdc9d9-ddb5-4fa4-a97d-d965ccfc6d4b" outcome="Passed" testListId="8c84fa94-04c1-424b-9868-57a2d4851a1d" relativeResultsDirectory="30b22429-ee1b-482f-91ee-30af5c209a29" />
    <UnitTestResult executionId="61c7a154-15de-4737-9c2d-bcd3d177c177" testId="44ee80c2-23f4-11ca-2aac-390364dcdef8" testName="Cine.Tests.Managers.VideoManagerTests.BrightnessValue_SetsPlayerBrightness" computerName="PAVAL" duration="00:00:00.0002265" startTime="2026-06-19T11:29:51.5002864+05:30" endTime="2026-06-19T11:29:51.5012765+05:30" testType="13cdc9d9-ddb5-4fa4-a97d-d965ccfc6d4b" outcome="Passed" testListId="8c84fa94-04c1-424b-9868-57a2d4851a1d" relativeResultsDirectory="61c7a154-15de-4737-9c2d-bcd3d177c177" />
    <UnitTestResult executionId="ee8ec2d7-7cae-4602-ab3a-53c4219c883b" testId="d269ab98-07d4-f64a-ee31-cd3e6af67058" testName="Cine.Tests.ViewModels.MainViewModelTests.State_SetsIsPlayingAndIsPaused" computerName="PAVAL" duration="00:00:00.0007545" startTime="2026-06-19T11:29:51.5174603+05:30" endTime="2026-06-19T11:29:51.5181701+05:30" testType="13cdc9d9-ddb5-4fa4-a97d-d965ccfc6d4b" outcome="Passed" testListId="8c84fa94-04c1-424b-9868-57a2d4851a1d" relativeResultsDirectory="ee8ec2d7-7cae-4602-ab3a-53c4219c883b" />
    <UnitTestResult executionId="853bdd8a-60f5-4116-b369-0261083d9d71" testId="e94eb445-2a07-619c-10bf-a76ab7161ca4" testName="Cine.Tests.Managers.VideoManagerTests.RefreshVideoTracks_NullSources_ShowsNoTracks" computerName="PAVAL" duration="00:00:00.0003399" startTime="2026-06-19T11:29:51.4942867+05:30" endTime="2026-06-19T11:29:51.4955038+05:30" testType="13cdc9d9-ddb5-4fa4-a97d-d965ccfc6d4b" outcome="Passed" testListId="8c84fa94-04c1-424b-9868-57a2d4851a1d" relativeResultsDirectory="853bdd8a-60f5-4116-b369-0261083d9d71" />
    <UnitTestResult executionId="bc32fa83-5c3e-4918-b47d-5ac8c995da27" testId="98d9df9f-6fe9-bab2-e1f0-478a414e20ad" testName="Cine.Tests.Managers.VideoManagerTests.ResetZoom_SetsToZero" computerName="PAVAL" duration="00:00:00.0086345" startTime="2026-06-19T11:29:51.4829117+05:30" endTime="2026-06-19T11:29:51.4833719+05:30" testType="13cdc9d9-ddb5-4fa4-a97d-d965ccfc6d4b" outcome="Passed" testListId="8c84fa94-04c1-424b-9868-57a2d4851a1d" relativeResultsDirectory="bc32fa83-5c3e-4918-b47d-5ac8c995da27" />
    <UnitTestResult executionId="fc85b514-e015-4b5c-bb9a-02e5ee8e3491" testId="2d8b2fc5-3d4a-b561-f0bc-a59da755dfcc" testName="Cine.Tests.Services.PlaylistCoordinatorTests.GetPreviousIndex_Empty_ReturnsNull" computerName="PAVAL" duration="00:00:00.0111016" startTime="2026-06-19T11:29:51.3118884+05:30" endTime="2026-06-19T11:29:51.3303746+05:30" testType="13cdc9d9-ddb5-4fa4-a97d-d965ccfc6d4b" outcome="Passed" testListId="8c84fa94-04c1-424b-9868-57a2d4851a1d" relativeResultsDirectory="fc85b514-e015-4b5c-bb9a-02e5ee8e3491" />
    <UnitTestResult executionId="539ca5bf-e49e-4329-8b82-39a39c69009c" testId="892946bd-6a22-f000-8e4b-eca5597827ae" testName="Cine.Tests.ViewModels.MainViewModelTests.ResetHue_SetsToZero" computerName="PAVAL" duration="00:00:00.0015613" startTime="2026-06-19T11:29:51.5029703+05:30" endTime="2026-06-19T11:29:51.5039232+05:30" testType="13cdc9d9-ddb5-4fa4-a97d-d965ccfc6d4b" outcome="Passed" testListId="8c84fa94-04c1-424b-9868-57a2d4851a1d" relativeResultsDirectory="539ca5bf-e49e-4329-8b82-39a39c69009c" />
    <UnitTestResult executionId="a1e07cac-011b-4c31-8897-dfa119d319cc" testId="b31cac09-1c57-08ca-9a35-b281c58c87a6" testName="Cine.Tests.Managers.VideoManagerTests.Dispose_MultipleCalls_DoesNotThrow" computerName="PAVAL" duration="00:00:00.0002401" startTime="2026-06-19T11:29:51.4895838+05:30" endTime="2026-06-19T11:29:51.4896293+05:30" testType="13cdc9d9-ddb5-4fa4-a97d-d965ccfc6d4b" outcome="Passed" testListId="8c84fa94-04c1-424b-9868-57a2d4851a1d" relativeResultsDirectory="a1e07cac-011b-4c31-8897-dfa119d319cc" />
    <UnitTestResult executionId="a9878856-7614-4bb3-9810-e2a6af3d1510" testId="2d79419b-1964-66aa-4b99-15aa5b3eb5f0" testName="Cine.Tests.ViewModels.MainViewModelTests.IsMuted_DelegatesToAudioManager" computerName="PAVAL" duration="00:00:00.0011452" startTime="2026-06-19T11:29:51.5268200+05:30" endTime="2026-06-19T11:29:51.5278819+05:30" testType="13cdc9d9-ddb5-4fa4-a97d-d965ccfc6d4b" outcome="Passed" testListId="8c84fa94-04c1-424b-9868-57a2d4851a1d" relativeResultsDirectory="a9878856-7614-4bb3-9810-e2a6af3d1510" />
    <UnitTestResult executionId="fcf9b538-3cc8-4f6e-9de5-d9d1247093fa" testId="42be39cf-370e-2d02-fb20-59e0d5b68526" testName="Cine.Tests.Managers.SubtitleManagerTests.CycleSubtitleTrackBackward_WithNoTracks_DoesNotThrow" computerName="PAVAL" duration="00:00:00.0010843" startTime="2026-06-19T11:29:51.4686766+05:30" endTime="2026-06-19T11:29:51.4697179+05:30" testType="13cdc9d9-ddb5-4fa4-a97d-d965ccfc6d4b" outcome="Passed" testListId="8c84fa94-04c1-424b-9868-57a2d4851a1d" relativeResultsDirectory="fcf9b538-3cc8-4f6e-9de5-d9d1247093fa" />
    <UnitTestResult executionId="19ffb76a-8a02-4a71-8250-bea724f8e665" testId="6d3e1719-c8e2-7b27-2768-f8ab778bc790" testName="Cine.Tests.ViewModels.MainViewModelTests.ResetBrightness_SetsToZero" computerName="PAVAL" duration="00:00:00.0012488" startTime="2026-06-19T11:29:51.5058073+05:30" endTime="2026-06-19T11:29:51.5058485+05:30" testType="13cdc9d9-ddb5-4fa4-a97d-d965ccfc6d4b" outcome="Passed" testListId="8c84fa94-04c1-424b-9868-57a2d4851a1d" relativeResultsDirectory="19ffb76a-8a02-4a71-8250-bea724f8e665" />
    <UnitTestResult executionId="5ba541d7-da16-423b-b0da-991078714826" testId="a4c72698-7c32-2d11-a15f-06893646142b" testName="Cine.Tests.Services.PlaylistCoordinatorTests.CurrentIndex_ClampsToRange" computerName="PAVAL" duration="00:00:00.0002562" startTime="2026-06-19T11:29:51.4204005+05:30" endTime="2026-06-19T11:29:51.4204400+05:30" testType="13cdc9d9-ddb5-4fa4-a97d-d965ccfc6d4b" outcome="Passed" testListId="8c84fa94-04c1-424b-9868-57a2d4851a1d" relativeResultsDirectory="5ba541d7-da16-423b-b0da-991078714826" />
    <UnitTestResult executionId="4f57bf59-1b48-41b5-8d26-3f844c16beec" testId="2f5eb6e9-f7c3-dd68-3b1a-cadad216c7c3" testName="Cine.Tests.Managers.PlaybackStateManagerTests.UpdateVolume_SetsVolume" computerName="PAVAL" duration="00:00:00.0028600" startTime="2026-06-19T11:29:51.4683693+05:30" endTime="2026-06-19T11:29:51.4723317+05:30" testType="13cdc9d9-ddb5-4fa4-a97d-d965ccfc6d4b" outcome="Passed" testListId="8c84fa94-04c1-424b-9868-57a2d4851a1d" relativeResultsDirectory="4f57bf59-1b48-41b5-8d26-3f844c16beec" />
    <UnitTestResult executionId="75648d04-1d35-4be7-b6d2-ba5690e874cf" testId="7cfc38b1-77de-49f8-0ed2-b00ef8ae469a" testName="Cine.Tests.Services.ErrorBoundaryTests.Run_AsyncAction_ExecutesSuccessfully" computerName="PAVAL" duration="00:00:00.1055460" startTime="2026-06-19T11:29:51.4138526+05:30" endTime="2026-06-19T11:29:51.4550828+05:30" testType="13cdc9d9-ddb5-4fa4-a97d-d965ccfc6d4b" outcome="Passed" testListId="8c84fa94-04c1-424b-9868-57a2d4851a1d" relativeResultsDirectory="75648d04-1d35-4be7-b6d2-ba5690e874cf" />
[...]
    <TestEntry testId="b4dd533a-8efe-df09-325c-3dce2d1ef4af" executionId="b532d05c-7803-49d5-9100-9c774e7d1c17" testListId="8c84fa94-04c1-424b-9868-57a2d4851a1d" />
    <TestEntry testId="e50cefc6-c527-dd4e-a8a0-fab2cbd1d653" executionId="c42ee6dc-c560-49c5-a122-c6ed5d647283" testListId="8c84fa94-04c1-424b-9868-57a2d4851a1d" />
    <TestEntry testId="d7ded34b-a1fa-1697-c572-4a7fd7f09d11" executionId="2b536896-7fd8-4e9c-9872-47e0ce19f5a3" testListId="8c84fa94-04c1-424b-9868-57a2d4851a1d" />
    <TestEntry testId="dbf94b8b-b221-4f6a-acf4-80a41754327f" executionId="e899ef61-92f5-4ed5-af0a-c25818f08d1d" testListId="8c84fa94-04c1-424b-9868-57a2d4851a1d" />
    <TestEntry testId="f27b995a-76f4-af73-93ad-64ef2cff7131" executionId="3e3f2079-da6a-4960-8236-103ebf3450f4" testListId="8c84fa94-04c1-424b-9868-57a2d4851a1d" />
    <TestEntry testId="3a14225a-6111-10ad-068c-6386c3a7ab67" executionId="67871ca6-0e54-44e4-a6e7-5636fb02fb12" testListId="8c84fa94-04c1-424b-9868-57a2d4851a1d" />
    <TestEntry testId="d75ed6d7-cda4-d3ab-27e0-04a98b39e992" executionId="2a1981ef-591d-4399-a452-e162015853d5" testListId="8c84fa94-04c1-424b-9868-57a2d4851a1d" />
    <TestEntry testId="92598826-b988-b9de-18a3-7bd795519014" executionId="f605e5ec-3751-463c-88ca-f4ddc93b63f3" testListId="8c84fa94-04c1-424b-9868-57a2d4851a1d" />
    <TestEntry testId="c9728369-ab51-6100-a546-1970c1baccbb" executionId="96affba8-7aaa-4787-b6aa-c64285138ab6" testListId="8c84fa94-04c1-424b-9868-57a2d4851a1d" />
    <TestEntry testId="7c30d62f-3b5f-4858-1918-f7e715e45bed" executionId="bd40917b-7331-4388-8e76-36e92346fe50" testListId="8c84fa94-04c1-424b-9868-57a2d4851a1d" />
    <TestEntry testId="7aee1417-7582-a774-d3ca-8ae6fb932368" executionId="f28d3dd6-f018-4bee-b6f1-cfdb787656f1" testListId="8c84fa94-04c1-424b-9868-57a2d4851a1d" />
    <TestEntry testId="ee511e79-8a95-16f7-4121-7ea80d3125d8" executionId="4a2557ab-0e45-41db-a3d5-efbe50047802" testListId="8c84fa94-04c1-424b-9868-57a2d4851a1d" />
    <TestEntry testId="2ccf6bb6-609a-fc58-b93e-081dfc6ba73f" executionId="870a67c3-18d6-476b-8cb1-e003f5a92bc1" testListId="8c84fa94-04c1-424b-9868-57a2d4851a1d" />
    <TestEntry testId="b37111a1-f25d-2bad-195d-6b5ca61094d2" executionId="8df627f3-b9ec-4c16-8525-3d10199da662" testListId="8c84fa94-04c1-424b-9868-57a2d4851a1d" />
    <TestEntry testId="d5335438-03fe-2c8a-8e5f-e053613b2842" executionId="9bf69aa5-4cc5-49b9-b367-b8abcbf48e30" testListId="8c84fa94-04c1-424b-9868-57a2d4851a1d" />
    <TestEntry testId="1e906bd1-335f-c3d8-4fe7-0d7fd48ebf66" executionId="b71008c6-6900-449c-8481-0c52cdc862fc" testListId="8c84fa94-04c1-424b-9868-57a2d4851a1d" />
    <TestEntry testId="db5cf121-d80c-7fc4-b1d2-cc65c1824daf" executionId="94308546-425e-41a5-ab3b-f381990147ed" testListId="8c84fa94-04c1-424b-9868-57a2d4851a1d" />
    <TestEntry testId="427e94d1-28fd-5a45-89d8-efec8c7f6389" executionId="efe121e5-48ea-4df6-a91d-05c8249e41a8" testListId="8c84fa94-04c1-424b-9868-57a2d4851a1d" />
    <TestEntry testId="c472192f-26ed-3b26-35b1-a2c72846b170" executionId="e1e14baa-3785-4b26-93a5-0370642be247" testListId="8c84fa94-04c1-424b-9868-57a2d4851a1d" />
    <TestEntry testId="ec026327-8451-e5ab-c0d1-5d03b6ef142d" executionId="23cdce7c-643e-48fc-af9a-8256b60b5364" testListId="8c84fa94-04c1-424b-9868-57a2d4851a1d" />
    <TestEntry testId="d9c31cfe-7046-2e92-3c43-82e340cf3a28" executionId="d35d2a4f-37d7-40a8-889e-f6ded1b3272d" testListId="8c84fa94-04c1-424b-9868-57a2d4851a1d" />
    <TestEntry testId="0218372a-4cef-8d86-7089-45d359ad9b33" executionId="51f18fb2-44c5-4d92-b078-eee920f8e7d8" testListId="8c84fa94-04c1-424b-9868-57a2d4851a1d" />
    <TestEntry testId="bc7e2ab9-2c9c-af08-0e30-71f4cde1f241" executionId="4efc8cae-125c-4ba7-8a6a-eb6374cdc073" testListId="8c84fa94-04c1-424b-9868-57a2d4851a1d" />
    <TestEntry testId="a48a784d-4508-6e59-9382-554535de7c40" executionId="4b2cedaf-6e81-4572-908c-264ad30382c6" testListId="8c84fa94-04c1-424b-9868-57a2d4851a1d" />
    <TestEntry testId="ffcc0ef8-e5a5-53bb-ab1d-c4be7249236d" executionId="f594647e-13e9-42e6-a6f5-bc493fba62e4" testListId="8c84fa94-04c1-424b-9868-57a2d4851a1d" />
    <TestEntry testId="6d98cd00-4bbe-6767-f044-2e4336b45018" executionId="199ae646-439c-40c0-b173-2fe480de7555" testListId="8c84fa94-04c1-424b-9868-57a2d4851a1d" />
    <TestEntry testId="02d9fff5-019b-3904-9186-1acaba1132db" executionId="667daf20-bcee-40b2-8ede-aeac5020461d" testListId="8c84fa94-04c1-424b-9868-57a2d4851a1d" />
    <TestEntry testId="4899ec9c-3251-baf0-9ea7-911d5c7eafa0" executionId="eb2bfb29-59a3-4750-8b6c-d25b6236bba9" testListId="8c84fa94-04c1-424b-9868-57a2d4851a1d" />
    <TestEntry testId="78d3ed60-4f0c-a720-9a2e-26b60d427333" executionId="35d4e52c-fe4f-427e-a9be-614ed25a3d34" testListId="8c84fa94-04c1-424b-9868-57a2d4851a1d" />
    <TestEntry testId="5feaa936-872c-8fb4-d729-b8ab903db5c1" executionId="8a96d76e-ab9b-4656-8f49-06a4384808e8" testListId="8c84fa94-04c1-424b-9868-57a2d4851a1d" />
    <TestEntry testId="dc9d2418-71b9-ec4e-8275-3f1e0ef57f25" executionId="2372425a-bcf7-4b7e-b6e2-d572b3f083a2" testListId="8c84fa94-04c1-424b-9868-57a2d4851a1d" />
    <TestEntry testId="4e12a029-5f02-2276-69ae-dc61c11bf125" executionId="5f9f43e0-eaf2-4e7a-a4bc-a052c35e725d" testListId="8c84fa94-04c1-424b-9868-57a2d4851a1d" />
    <TestEntry testId="3358ed19-9037-3677-e116-83795b7b824d" executionId="03ace156-e914-4210-80a0-6b35ba57c23d" testListId="8c84fa94-04c1-424b-9868-57a2d4851a1d" />
    <TestEntry testId="4f178b73-1f84-2ab1-11d4-656bbc945a69" executionId="552eedfe-ca61-4427-8c83-6f709ea4cf6a" testListId="8c84fa94-04c1-424b-9868-57a2d4851a1d" />
    <TestEntry testId="df4ab2c7-a582-4aec-4e93-2408ac69e8b8" executionId="564ba899-a6e6-4288-bb92-93d2f598b27c" testListId="8c84fa94-04c1-424b-9868-57a2d4851a1d" />
    <TestEntry testId="5b4b28ab-4706-b90c-51c8-86cc75660f63" executionId="fbb9d641-7cf3-419f-82e6-2b4a8586dbdc" testListId="8c84fa94-04c1-424b-9868-57a2d4851a1d" />
    <TestEntry testId="f7685f90-b1df-c2a1-aa3e-fa53182484ca" executionId="2829448f-c762-4aab-9c5c-44594ba81f76" testListId="8c84fa94-04c1-424b-9868-57a2d4851a1d" />
    <TestEntry testId="3fa1abb2-ad76-d1dc-b890-1863e00250af" executionId="357a1219-ca0a-46b7-be78-a36810124534" testListId="8c84fa94-04c1-424b-9868-57a2d4851a1d" />
    <TestEntry testId="f520204b-8395-a96d-bab3-1a57e4660478" executionId="cb31c9f8-7b79-42be-aefe-a9e0e347f913" testListId="8c84fa94-04c1-424b-9868-57a2d4851a1d" />
    <TestEntry testId="867c19e2-8f28-f2c1-d22c-1894f3ebaa59" executionId="5a5c7a02-a75f-4045-95b2-659df46ec4f7" testListId="8c84fa94-04c1-424b-9868-57a2d4851a1d" />
    <TestEntry testId="7b5291dd-9425-5d47-545f-55a80c82f4af" executionId="f9288874-619f-431d-bd02-3025e28d0d87" testListId="8c84fa94-04c1-424b-9868-57a2d4851a1d" />
    <TestEntry testId="0e7379a1-9a82-4bab-083a-5defa535ee2e" executionId="97b3a660-59f2-4d11-8724-efbd2f909d5b" testListId="8c84fa94-04c1-424b-9868-57a2d4851a1d" />
    <TestEntry testId="905ae1d1-2d49-ba5a-2a86-6a38af50347d" executionId="9ef1c313-5c83-40bd-89f6-aef916a21ec4" testListId="8c84fa94-04c1-424b-9868-57a2d4851a1d" />
    <TestEntry testId="862222fe-e463-cbc8-2add-d4aca110844b" executionId="a037012d-5fdd-44ba-81bf-e57017135406" testListId="8c84fa94-04c1-424b-9868-57a2d4851a1d" />
    <TestEntry testId="2981481c-012c-e132-c84a-ee369b9933fe" executionId="14dcb29c-b382-4e9b-b37d-9dfc9e19e9bc" testListId="8c84fa94-04c1-424b-9868-57a2d4851a1d" />
    <TestEntry testId="2407b216-3528-374a-bed9-3cd2bf071349" executionId="29356dfb-009b-4fed-99f0-98bca992d84f" testListId="8c84fa94-04c1-424b-9868-57a2d4851a1d" />
    <TestEntry testId="57d85944-430a-aca5-ace4-b6ca792e45e1" executionId="bd889bd1-2309-436f-8a5e-7e70f47012f9" testListId="8c84fa94-04c1-424b-9868-57a2d4851a1d" />
    <TestEntry testId="6507a0b2-551e-7bbd-b6b9-7e21d13973af" executionId="a19d1abf-16a2-4129-bf81-9ceae3ab76d0" testListId="8c84fa94-04c1-424b-9868-57a2d4851a1d" />
    <TestEntry testId="e574232f-e4d8-4fe8-860f-c70e74a144f8" executionId="02edecc2-ecbc-4d94-8760-ea0a21e46f5b" testListId="8c84fa94-04c1-424b-9868-57a2d4851a1d" />
    <TestEntry testId="b0a1d464-1304-15e3-01f2-39e74f1bbc8f" executionId="82400b50-591c-4f17-9371-502b850c493e" testListId="8c84fa94-04c1-424b-9868-57a2d4851a1d" />
    <TestEntry testId="21ff706a-e29d-30af-426c-337bc2dad7e1" executionId="d0718bc7-ed62-4d39-a2b8-36d2484f8e6c" testListId="8c84fa94-04c1-424b-9868-57a2d4851a1d" />
    <TestEntry testId="dc4a4c19-34d3-29ab-9db6-210abdedc2ad" executionId="aa985676-d690-4e77-8d25-08242567f9f5" testListId="8c84fa94-04c1-424b-9868-57a2d4851a1d" />
    <TestEntry testId="9fff6a39-2e7d-921e-d01c-a1f7457ba3be" executionId="444fa6d0-51c8-463e-bebc-678ed8ea7e3c" testListId="8c84fa94-04c1-424b-9868-57a2d4851a1d" />
    <TestEntry testId="97e50133-c362-8a4d-8713-4c9211a9875d" executionId="aef7dc83-ecbe-40a7-96cc-0aa00c1dae7d" testListId="8c84fa94-04c1-424b-9868-57a2d4851a1d" />
    <TestEntry testId="1fadae87-7ed8-da38-c8ee-522655f6d7f3" executionId="6b23d3c2-40fe-4735-87a3-2c84644a2760" testListId="8c84fa94-04c1-424b-9868-57a2d4851a1d" />
    <TestEntry testId="e47bee06-adda-6499-56c4-3b3fa4ccbbde" executionId="a00bb8dc-7778-44a9-a974-734dcb3b60c2" testListId="8c84fa94-04c1-424b-9868-57a2d4851a1d" />
    <TestEntry testId="1baf2d48-bd57-983c-ab78-df0c7b467140" executionId="3791b863-e384-49fb-8880-d074f494f9d0" testListId="8c84fa94-04c1-424b-9868-57a2d4851a1d" />
    <TestEntry testId="c1b020a1-1a14-7738-8a29-3fd917ae0a16" executionId="51c9269b-f1ed-440e-b508-17989b133abd" testListId="8c84fa94-04c1-424b-9868-57a2d4851a1d" />
    <TestEntry testId="22427559-7472-2998-a514-4dfe1ee6d101" executionId="585e1edf-249e-4ea6-8bd6-7c128a07ef89" testListId="8c84fa94-04c1-424b-9868-57a2d4851a1d" />
    <TestEntry testId="37532746-7e57-e15f-b30d-0b5a6bbb8ed5" executionId="c3230e2f-7538-4613-b34f-1ef92b823fb5" testListId="8c84fa94-04c1-424b-9868-57a2d4851a1d" />
    <TestEntry testId="f7dd5a2e-a939-63f9-0bfd-071a13f7f8f4" executionId="4e292558-9275-413a-be1d-f838fd01eb42" testListId="8c84fa94-04c1-424b-9868-57a2d4851a1d" />
    <TestEntry testId="8a5a236a-1eaa-c6dc-1ee2-3d693dcb26f9" executionId="f522667e-d1a0-46b4-a128-8a56b55d4755" testListId="8c84fa94-04c1-424b-9868-57a2d4851a1d" />
    <TestEntry testId="29c54962-3f3a-beb6-0d98-14680402b337" executionId="e3a87b6e-9e59-4229-a0f1-eebb669750d1" testListId="8c84fa94-04c1-424b-9868-57a2d4851a1d" />
    <TestEntry testId="4a24bcd1-3434-b357-6a11-f6c88bfa92e9" executionId="7e3e0c2b-2453-42ef-b4ea-530343b7e46c" testListId="8c84fa94-04c1-424b-9868-57a2d4851a1d" />
    <TestEntry testId="086b3c79-31e7-297b-c1c9-43bb14766d43" executionId="d691b0f1-8c93-4743-bca7-f3666e16a42f" testListId="8c84fa94-04c1-424b-9868-57a2d4851a1d" />
    <TestEntry testId="4110b6b5-2373-fee3-0882-185e5d0dffcf" executionId="783fe8bb-1f30-4d6f-8645-1556b1fa122e" testListId="8c84fa94-04c1-424b-9868-57a2d4851a1d" />
    <TestEntry testId="6ee4d179-41a2-212c-4e63-d367bdc6f079" executionId="09d67684-0467-4d6e-8f63-82cc457173ec" testListId="8c84fa94-04c1-424b-9868-57a2d4851a1d" />
    <TestEntry testId="de9b7b0b-f7e2-ece9-f9c7-40319b5233e6" executionId="6e3108e6-7ac1-4c5f-b427-613662af207e" testListId="8c84fa94-04c1-424b-9868-57a2d4851a1d" />
    <TestEntry testId="695e3598-0b7f-eb0b-df88-7663f59873af" executionId="d3fc035b-464f-4444-9c56-630cd075516b" testListId="8c84fa94-04c1-424b-9868-57a2d4851a1d" />
    <TestEntry testId="9797a4a7-7505-d01a-144b-e67415b7c94e" executionId="3919426f-e551-4756-9fea-aee54ae0f23d" testListId="8c84fa94-04c1-424b-9868-57a2d4851a1d" />
    <TestEntry testId="54e03efa-315b-c65d-a454-c6c081482858" executionId="ad9c291d-f416-4e33-80d5-0607e793a831" testListId="8c84fa94-04c1-424b-9868-57a2d4851a1d" />
    <TestEntry testId="2f447ff5-857f-7295-c151-460959f4f2eb" executionId="fdb83b4b-6521-4cb6-9ecd-600a7f1537ac" testListId="8c84fa94-04c1-424b-9868-57a2d4851a1d" />
    <TestEntry testId="4dbd487e-ce36-b111-cdfb-3826af5a0811" executionId="cdd088d9-a0c6-4c05-a617-dc707fdce94d" testListId="8c84fa94-04c1-424b-9868-57a2d4851a1d" />
    <TestEntry testId="d681d334-0210-1f6f-a57f-8304354be6c5" executionId="cf4b636a-c556-43d1-959d-3adbb2b2641b" testListId="8c84fa94-04c1-424b-9868-57a2d4851a1d" />
    <TestEntry testId="7ea1ea23-7b76-5980-6b0b-8b4cdb74fa72" executionId="42b5cf88-2667-4beb-92ef-64bb84f39b01" testListId="8c84fa94-04c1-424b-9868-57a2d4851a1d" />
    <TestEntry testId="7c4f4980-98be-145c-30d1-dc10f850425d" executionId="5a0fed56-c3cd-463b-9c45-a300398b86bb" testListId="8c84fa94-04c1-424b-9868-57a2d4851a1d" />
    <TestEntry testId="56d41c28-ccb7-98b0-46bb-28cae828054e" executionId="ced5883a-701c-4775-b962-1ac538006e98" testListId="8c84fa94-04c1-424b-9868-57a2d4851a1d" />
    <TestEntry testId="223461b1-2ce2-7a70-e650-375c0d56b728" executionId="597725ea-0f10-450c-bd95-7e63bc68b156" testListId="8c84fa94-04c1-424b-9868-57a2d4851a1d" />
    <TestEntry testId="bbf91694-063e-8f87-5b34-7930bb06156d" executionId="e8a0908e-389c-47f8-bfdb-b40c7a1b3582" testListId="8c84fa94-04c1-424b-9868-57a2d4851a1d" />
    <TestEntry testId="65142cd1-7c83-a057-589c-f8367a6f93af" executionId="4f842f2a-2c71-4adc-b759-8643398b5253" testListId="8c84fa94-04c1-424b-9868-57a2d4851a1d" />
    <TestEntry testId="c5ecdfa9-9c17-71ac-fe39-a2dfb7ad90a5" executionId="9b8c6a54-05fb-4de3-bf98-153220da6b75" testListId="8c84fa94-04c1-424b-9868-57a2d4851a1d" />
    <TestEntry testId="c2f1d206-6f4a-485d-a072-7d2a59e91c1e" executionId="26a4cd3e-9226-4def-906e-878d61cc49e8" testListId="8c84fa94-04c1-424b-9868-57a2d4851a1d" />
    <TestEntry testId="38143507-f67e-ca45-8045-ac35af7785dd" executionId="04f19996-5900-4806-84e6-eec3bb3a171e" testListId="8c84fa94-04c1-424b-9868-57a2d4851a1d" />
    <TestEntry testId="8db3dcce-0643-d742-e781-d740793e1336" executionId="0a2fa964-3db2-4cc0-b940-dd9fb425a79f" testListId="8c84fa94-04c1-424b-9868-57a2d4851a1d" />
    <TestEntry testId="b77b21d9-0701-7290-5ab4-96f55a757f2a" executionId="00dca48a-8b80-4a2c-a146-4ff71b744932" testListId="8c84fa94-04c1-424b-9868-57a2d4851a1d" />
    <TestEntry testId="b0c265f1-25ce-e99b-a1f8-bcefb0f877d3" executionId="01f00f61-1887-4929-9440-3873f488073a" testListId="8c84fa94-04c1-424b-9868-57a2d4851a1d" />
    <TestEntry testId="506702db-9655-cd6e-c6d7-84375ef325b8" executionId="2ffa8bb5-ce74-4c69-b6ae-f9f96e17230f" testListId="8c84fa94-04c1-424b-9868-57a2d4851a1d" />
    <TestEntry testId="11802289-a233-641f-a9b2-b8e576588d79" executionId="8506a644-0e57-425d-aa81-a4e3842c0cc0" testListId="8c84fa94-04c1-424b-9868-57a2d4851a1d" />
    <TestEntry testId="de0f386a-7fe0-fc66-ed68-e9ed62906c18" executionId="a51b2141-3a55-42ce-b682-6c8f9cbb568c" testListId="8c84fa94-04c1-424b-9868-57a2d4851a1d" />
    <TestEntry testId="408ae148-643f-ecab-e1da-e985d7f616f8" executionId="f549057d-3455-483c-9774-aabd7d240975" testListId="8c84fa94-04c1-424b-9868-57a2d4851a1d" />
    <TestEntry testId="991cb2fc-4b19-02ec-ecf6-845985435a6e" executionId="8523832b-5589-4836-a63d-0d73911d132a" testListId="8c84fa94-04c1-424b-9868-57a2d4851a1d" />
    <TestEntry testId="82349656-9baa-5506-983a-34823f7a02a4" executionId="e1efac19-d399-4cc2-a2fb-28a1f4699e2b" testListId="8c84fa94-04c1-424b-9868-57a2d4851a1d" />
    <TestEntry testId="371abe64-1271-2ed1-8919-c7c6353063fc" executionId="30b22429-ee1b-482f-91ee-30af5c209a29" testListId="8c84fa94-04c1-424b-9868-57a2d4851a1d" />
    <TestEntry testId="44ee80c2-23f4-11ca-2aac-390364dcdef8" executionId="61c7a154-15de-4737-9c2d-bcd3d177c177" testListId="8c84fa94-04c1-424b-9868-57a2d4851a1d" />
    <TestEntry testId="d269ab98-07d4-f64a-ee31-cd3e6af67058" executionId="ee8ec2d7-7cae-4602-ab3a-53c4219c883b" testListId="8c84fa94-04c1-424b-9868-57a2d4851a1d" />
    <TestEntry testId="e94eb445-2a07-619c-10bf-a76ab7161ca4" executionId="853bdd8a-60f5-4116-b369-0261083d9d71" testListId="8c84fa94-04c1-424b-9868-57a2d4851a1d" />
    <TestEntry testId="98d9df9f-6fe9-bab2-e1f0-478a414e20ad" executionId="bc32fa83-5c3e-4918-b47d-5ac8c995da27" testListId="8c84fa94-04c1-424b-9868-57a2d4851a1d" />
    <TestEntry testId="2d8b2fc5-3d4a-b561-f0bc-a59da755dfcc" executionId="fc85b514-e015-4b5c-bb9a-02e5ee8e3491" testListId="8c84fa94-04c1-424b-9868-57a2d4851a1d" />
    <TestEntry testId="892946bd-6a22-f000-8e4b-eca5597827ae" executionId="539ca5bf-e49e-4329-8b82-39a39c69009c" testListId="8c84fa94-04c1-424b-9868-57a2d4851a1d" />
    <TestEntry testId="b31cac09-1c57-08ca-9a35-b281c58c87a6" executionId="a1e07cac-011b-4c31-8897-dfa119d319cc" testListId="8c84fa94-04c1-424b-9868-57a2d4851a1d" />
    <TestEntry testId="2d79419b-1964-66aa-4b99-15aa5b3eb5f0" executionId="a9878856-7614-4bb3-9810-e2a6af3d1510" testListId="8c84fa94-04c1-424b-9868-57a2d4851a1d" />
    <TestEntry testId="42be39cf-370e-2d02-fb20-59e0d5b68526" executionId="fcf9b538-3cc8-4f6e-9de5-d9d1247093fa" testListId="8c84fa94-04c1-424b-9868-57a2d4851a1d" />
    <TestEntry testId="6d3e1719-c8e2-7b27-2768-f8ab778bc790" executionId="19ffb76a-8a02-4a71-8250-bea724f8e665" testListId="8c84fa94-04c1-424b-9868-57a2d4851a1d" />
    <TestEntry testId="a4c72698-7c32-2d11-a15f-06893646142b" executionId="5ba541d7-da16-423b-b0da-991078714826" testListId="8c84fa94-04c1-424b-9868-57a2d4851a1d" />
    <TestEntry testId="2f5eb6e9-f7c3-dd68-3b1a-cadad216c7c3" executionId="4f57bf59-1b48-41b5-8d26-3f844c16beec" testListId="8c84fa94-04c1-424b-9868-57a2d4851a1d" />
    <TestEntry testId="7cfc38b1-77de-49f8-0ed2-b00ef8ae469a" executionId="75648d04-1d35-4be7-b6d2-ba5690e874cf" testListId="8c84fa94-04c1-424b-9868-57a2d4851a1d" />
    <TestEntry testId="a2ecef92-dd09-dd51-6147-97f0d988b4bd" executionId="364b5a6d-fb00-40bf-ac07-2b6e42b8d89b" testListId="8c84fa94-04c1-424b-9868-57a2d4851a1d" />
    <TestEntry testId="35d522fa-7052-7440-20a7-f8c312f7f4da" executionId="4251fd6d-3d2e-4a93-8e61-78909bacc640" testListId="8c84fa94-04c1-424b-9868-57a2d4851a1d" />
    <TestEntry testId="9aa678bd-a100-2691-a3ed-825ff799dc54" executionId="7df04df0-9449-4451-a268-bc8862833f61" testListId="8c84fa94-04c1-424b-9868-57a2d4851a1d" />
    <TestEntry testId="79c90196-875d-49bc-6350-cc5629aed57c" executionId="8901681e-d4db-41bd-9f95-5be75318fc40" testListId="8c84fa94-04c1-424b-9868-57a2d4851a1d" />
    <TestEntry testId="b1746a80-8e55-f353-886c-2c67bb222d1c" executionId="ccbbb34f-b0b2-4d63-bd04-647a6b63d0d2" testListId="8c84fa94-04c1-424b-9868-57a2d4851a1d" />
    <TestEntry testId="b95f8994-0bda-f1f4-ca00-cc174fcb9a1c" executionId="a1a8f39a-97d7-400b-b1f0-20fe0308a9b5" testListId="8c84fa94-04c1-424b-9868-57a2d4851a1d" />
    <TestEntry testId="b597f9e0-d3e0-123c-5f63-9b9330594968" executionId="1c25b3fc-c470-4f61-af49-76cc80ae6304" testListId="8c84fa94-04c1-424b-9868-57a2d4851a1d" />
    <TestEntry testId="059a4451-ec08-99d0-641e-bd3bf7cca0a0" executionId="ac96627d-90bc-489f-9991-1d09c5d8d6c3" testListId="8c84fa94-04c1-424b-9868-57a2d4851a1d" />
    <TestEntry testId="a659dfdb-ea64-28c1-e2ea-3b66941a131b" executionId="f3e3028e-c843-4331-91af-b209726a6950" testListId="8c84fa94-04c1-424b-9868-57a2d4851a1d" />
  </TestEntries>
  <TestLists>
    <TestList name="Results Not in a List" id="8c84fa94-04c1-424b-9868-57a2d4851a1d" />
    <TestList name="All Loaded Results" id="19431567-8539-422a-85d7-44ee4e166bda" />
  </TestLists>
  <ResultSummary outcome="Completed">
    <Counters total="160" executed="160" passed="160" failed="0" error="0" timeout="0" aborted="0" inconclusive="0" passedButRunAborted="0" notRunnable="0" notExecuted="0" disconnected="0" warning="0" completed="0" inProgress="0" pending="0" />
    <Output>
      <StdOut>[xUnit.net 00:00:00.00] xUnit.net VSTest Adapter v3.0.2+dd36e86129 (64-bit .NET 10.0.9)&#xD;
[xUnit.net 00:00:00.37]   Discovering: Cine.Tests&#xD;
[xUnit.net 00:00:00.44]   Discovered:  Cine.Tests&#xD;
[xUnit.net 00:00:00.48]   Starting:    Cine.Tests&#xD;
[xUnit.net 00:00:01.16]   Finished:    Cine.Tests&#xD;
</StdOut>
    </Output>
  </ResultSummary>
</TestRun>